-- Install configuration: ""
-- Execute custom install script
-- Up-to-date symlink: /ws/src/rover/install/rover/share/rover/launch/rover.launch.py
-- Up-to-date symlink: /ws/src/rover/install/rover/share/rover/launch/rover1.launch.py
-- Up-to-date symlink: /ws/src/rover/install/rover/share/rover/models/basic_mobile_bot_description/meshes/arm_base.stl
-- Up-to-date symlink: /ws/src/rover/install/rover/share/rover/models/basic_mobile_bot_description/meshes/bicep.stl
-- Up-to-date symlink: /ws/src/rover/install/rover/share/rover/models/basic_mobile_bot_description/meshes/elbow.stl
-- Up-to-date symlink: /ws/src/rover/install/rover/share/rover/models/basic_mobile_bot_description/meshes/robot_base.stl
-- Up-to-date symlink: /ws/src/rover/install/rover/share/rover/models/basic_mobile_bot_description/meshes/wheel.stl
-- Up-to-date symlink: /ws/src/rover/install/rover/share/rover/models/basic_mobile_bot_description/meshes/wrist.stl
-- Up-to-date symlink: /ws/src/rover/install/rover/share/rover/models/basic_mobile_bot_description/model.config
-- Up-to-date symlink: /ws/src/rover/install/rover/share/rover/models/basic_mobile_bot_description/model.sdf
-- Up-to-date symlink: /ws/src/rover/install/rover/share/rover/models/rover_with_1d_lidar/README.md
-- Up-to-date symlink: /ws/src/rover/install/rover/share/rover/models/rover_with_1d_lidar/model.config
-- Up-to-date symlink: /ws/src/rover/install/rover/share/rover/models/rover_with_1d_lidar/model.sdf
-- Up-to-date symlink: /ws/src/rover/install/rover/share/rover/models/rover_with_2d_lidar/README.md
-- Up-to-date symlink: /ws/src/rover/install/rover/share/rover/models/rover_with_2d_lidar/model.config
-- Up-to-date symlink: /ws/src/rover/install/rover/share/rover/models/rover_with_2d_lidar/model.sdf
-- Up-to-date symlink: /ws/src/rover/install/rover/share/rover/models/rover_with_camera/README.md
-- Up-to-date symlink: /ws/src/rover/install/rover/share/rover/models/rover_with_camera/model.config
-- Up-to-date symlink: /ws/src/rover/install/rover/share/rover/models/rover_with_camera/model.sdf
-- Up-to-date symlink: /ws/src/rover/install/rover/share/rover/models/rover_with_depth_camera/README.md
-- Up-to-date symlink: /ws/src/rover/install/rover/share/rover/models/rover_with_depth_camera/model.config
-- Up-to-date symlink: /ws/src/rover/install/rover/share/rover/models/rover_with_depth_camera/model.sdf
-- Up-to-date symlink: /ws/src/rover/install/rover/share/rover/worlds/race1.world
-- Up-to-date symlink: /ws/src/rover/install/rover/share/rover/worlds/race2.world
-- Up-to-date symlink: /ws/src/rover/install/rover/share/rover/worlds/race3.world
-- Up-to-date symlink: /ws/src/rover/install/rover/share/rover/worlds/race4.world
-- Up-to-date symlink: /ws/src/rover/install/rover/share/ament_index/resource_index/package_run_dependencies/rover
-- Up-to-date symlink: /ws/src/rover/install/rover/share/ament_index/resource_index/parent_prefix_path/rover
-- Up-to-date symlink: /ws/src/rover/install/rover/share/rover/environment/ament_prefix_path.sh
-- Up-to-date symlink: /ws/src/rover/install/rover/share/rover/environment/ament_prefix_path.dsv
-- Up-to-date symlink: /ws/src/rover/install/rover/share/rover/environment/path.sh
-- Up-to-date symlink: /ws/src/rover/install/rover/share/rover/environment/path.dsv
-- Up-to-date symlink: /ws/src/rover/install/rover/share/rover/local_setup.bash
-- Up-to-date symlink: /ws/src/rover/install/rover/share/rover/local_setup.sh
-- Up-to-date symlink: /ws/src/rover/install/rover/share/rover/local_setup.zsh
-- Up-to-date symlink: /ws/src/rover/install/rover/share/rover/local_setup.dsv
-- Symlinking: /ws/src/rover/install/rover/share/rover/package.dsv
-- Up-to-date symlink: /ws/src/rover/install/rover/share/ament_index/resource_index/packages/rover
-- Up-to-date symlink: /ws/src/rover/install/rover/share/rover/cmake/roverConfig.cmake
-- Up-to-date symlink: /ws/src/rover/install/rover/share/rover/cmake/roverConfig-version.cmake
-- Up-to-date symlink: /ws/src/rover/install/rover/share/rover/package.xml
