running egg_info
creating ../build/my_imu_pkg/my_imu_pkg.egg-info
writing ../build/my_imu_pkg/my_imu_pkg.egg-info/PKG-INFO
writing dependency_links to ../build/my_imu_pkg/my_imu_pkg.egg-info/dependency_links.txt
writing entry points to ../build/my_imu_pkg/my_imu_pkg.egg-info/entry_points.txt
writing requirements to ../build/my_imu_pkg/my_imu_pkg.egg-info/requires.txt
writing top-level names to ../build/my_imu_pkg/my_imu_pkg.egg-info/top_level.txt
writing manifest file '../build/my_imu_pkg/my_imu_pkg.egg-info/SOURCES.txt'
reading manifest file '../build/my_imu_pkg/my_imu_pkg.egg-info/SOURCES.txt'
writing manifest file '../build/my_imu_pkg/my_imu_pkg.egg-info/SOURCES.txt'
running build
running build_py
creating /ws/src/build/my_imu_pkg/build
creating /ws/src/build/my_imu_pkg/build/lib
creating /ws/src/build/my_imu_pkg/build/lib/my_imu_pkg
copying my_imu_pkg/__init__.py -> /ws/src/build/my_imu_pkg/build/lib/my_imu_pkg
copying my_imu_pkg/imu_publisher.py -> /ws/src/build/my_imu_pkg/build/lib/my_imu_pkg
running install
running install_lib
creating /ws/src/install/my_imu_pkg/lib/python3.8/site-packages/my_imu_pkg
copying /ws/src/build/my_imu_pkg/build/lib/my_imu_pkg/__init__.py -> /ws/src/install/my_imu_pkg/lib/python3.8/site-packages/my_imu_pkg
copying /ws/src/build/my_imu_pkg/build/lib/my_imu_pkg/imu_publisher.py -> /ws/src/install/my_imu_pkg/lib/python3.8/site-packages/my_imu_pkg
byte-compiling /ws/src/install/my_imu_pkg/lib/python3.8/site-packages/my_imu_pkg/__init__.py to __init__.cpython-38.pyc
byte-compiling /ws/src/install/my_imu_pkg/lib/python3.8/site-packages/my_imu_pkg/imu_publisher.py to imu_publisher.cpython-38.pyc
running install_data
creating /ws/src/install/my_imu_pkg/share/ament_index
creating /ws/src/install/my_imu_pkg/share/ament_index/resource_index
creating /ws/src/install/my_imu_pkg/share/ament_index/resource_index/packages
copying resource/my_imu_pkg -> /ws/src/install/my_imu_pkg/share/ament_index/resource_index/packages
copying package.xml -> /ws/src/install/my_imu_pkg/share/my_imu_pkg
running install_egg_info
Copying ../build/my_imu_pkg/my_imu_pkg.egg-info to /ws/src/install/my_imu_pkg/lib/python3.8/site-packages/my_imu_pkg-0.0.0-py3.8.egg-info
running install_scripts
Installing imu_publisher script to /ws/src/install/my_imu_pkg/lib/my_imu_pkg
writing list of installed files to '/ws/src/build/my_imu_pkg/install.log'
