[1.611s] Invoking command in '/ws/src/my_imu_pkg': PYTHONPATH=/ws/src/install/my_imu_pkg/lib/python3.8/site-packages:${PYTHONPATH} /usr/bin/python3 setup.py egg_info --egg-base ../build/my_imu_pkg build --build-base /ws/src/build/my_imu_pkg/build install --prefix /ws/src/install/my_imu_pkg --record /ws/src/build/my_imu_pkg/install.log --single-version-externally-managed
[1.815s] running egg_info
[1.815s] creating ../build/my_imu_pkg/my_imu_pkg.egg-info
[1.816s] writing ../build/my_imu_pkg/my_imu_pkg.egg-info/PKG-INFO
[1.816s] writing dependency_links to ../build/my_imu_pkg/my_imu_pkg.egg-info/dependency_links.txt
[1.816s] writing entry points to ../build/my_imu_pkg/my_imu_pkg.egg-info/entry_points.txt
[1.816s] writing requirements to ../build/my_imu_pkg/my_imu_pkg.egg-info/requires.txt
[1.816s] writing top-level names to ../build/my_imu_pkg/my_imu_pkg.egg-info/top_level.txt
[1.819s] writing manifest file '../build/my_imu_pkg/my_imu_pkg.egg-info/SOURCES.txt'
[1.860s] reading manifest file '../build/my_imu_pkg/my_imu_pkg.egg-info/SOURCES.txt'
[1.860s] writing manifest file '../build/my_imu_pkg/my_imu_pkg.egg-info/SOURCES.txt'
[1.860s] running build
[1.860s] running build_py
[1.860s] creating /ws/src/build/my_imu_pkg/build
[1.860s] creating /ws/src/build/my_imu_pkg/build/lib
[1.860s] creating /ws/src/build/my_imu_pkg/build/lib/my_imu_pkg
[1.860s] copying my_imu_pkg/__init__.py -> /ws/src/build/my_imu_pkg/build/lib/my_imu_pkg
[1.861s] copying my_imu_pkg/imu_publisher.py -> /ws/src/build/my_imu_pkg/build/lib/my_imu_pkg
[1.861s] running install
[1.861s] running install_lib
[1.861s] creating /ws/src/install/my_imu_pkg/lib/python3.8/site-packages/my_imu_pkg
[1.861s] copying /ws/src/build/my_imu_pkg/build/lib/my_imu_pkg/__init__.py -> /ws/src/install/my_imu_pkg/lib/python3.8/site-packages/my_imu_pkg
[1.861s] copying /ws/src/build/my_imu_pkg/build/lib/my_imu_pkg/imu_publisher.py -> /ws/src/install/my_imu_pkg/lib/python3.8/site-packages/my_imu_pkg
[1.862s] byte-compiling /ws/src/install/my_imu_pkg/lib/python3.8/site-packages/my_imu_pkg/__init__.py to __init__.cpython-38.pyc
[1.862s] byte-compiling /ws/src/install/my_imu_pkg/lib/python3.8/site-packages/my_imu_pkg/imu_publisher.py to imu_publisher.cpython-38.pyc
[1.862s] running install_data
[1.863s] creating /ws/src/install/my_imu_pkg/share/ament_index
[1.863s] creating /ws/src/install/my_imu_pkg/share/ament_index/resource_index
[1.863s] creating /ws/src/install/my_imu_pkg/share/ament_index/resource_index/packages
[1.863s] copying resource/my_imu_pkg -> /ws/src/install/my_imu_pkg/share/ament_index/resource_index/packages
[1.863s] copying package.xml -> /ws/src/install/my_imu_pkg/share/my_imu_pkg
[1.863s] running install_egg_info
[1.864s] Copying ../build/my_imu_pkg/my_imu_pkg.egg-info to /ws/src/install/my_imu_pkg/lib/python3.8/site-packages/my_imu_pkg-0.0.0-py3.8.egg-info
[1.864s] running install_scripts
[1.886s] Installing imu_publisher script to /ws/src/install/my_imu_pkg/lib/my_imu_pkg
[1.887s] writing list of installed files to '/ws/src/build/my_imu_pkg/install.log'
[1.958s] Invoked command in '/ws/src/my_imu_pkg' returned '0': PYTHONPATH=/ws/src/install/my_imu_pkg/lib/python3.8/site-packages:${PYTHONPATH} /usr/bin/python3 setup.py egg_info --egg-base ../build/my_imu_pkg build --build-base /ws/src/build/my_imu_pkg/build install --prefix /ws/src/install/my_imu_pkg --record /ws/src/build/my_imu_pkg/install.log --single-version-externally-managed
