[0.022s] Invoking command in '/ws/src/build/velodyne_driver': AMENT_PREFIX_PATH=/ws/src/install/velodyne_msgs:${AMENT_PREFIX_PATH} CMAKE_PREFIX_PATH=/ws/src/install/velodyne_msgs:/opt/ros/foxy LD_LIBRARY_PATH=/ws/src/install/velodyne_msgs/lib:${LD_LIBRARY_PATH} PYTHONPATH=/ws/src/install/velodyne_msgs/lib/python3.8/site-packages:${PYTHONPATH} /usr/bin/cmake /ws/src/velodyne/velodyne_driver -DCMAKE_INSTALL_PREFIX=/ws/src/install/velodyne_driver
[0.076s] -- The C compiler identification is GNU 9.4.0
[0.143s] -- The CXX compiler identification is GNU 9.4.0
[0.148s] -- Check for working C compiler: /usr/bin/cc
[0.226s] -- Check for working C compiler: /usr/bin/cc -- works
[0.227s] -- Detecting C compiler ABI info
[0.302s] -- Detecting C compiler ABI info - done
[0.316s] -- Detecting C compile features
[0.316s] -- Detecting C compile features - done
[0.318s] -- Check for working CXX compiler: /usr/bin/c++
[0.408s] -- Check for working CXX compiler: /usr/bin/c++ -- works
[0.409s] -- Detecting CXX compiler ABI info
[0.491s] -- Detecting CXX compiler ABI info - done
[0.501s] -- Detecting CXX compile features
[0.501s] -- Detecting CXX compile features - done
[0.503s] -- Found ament_cmake_ros: 0.9.2 (/opt/ros/foxy/share/ament_cmake_ros/cmake)
[0.531s] -- Found PythonInterp: /usr/bin/python3 (found suitable version "3.8.10", minimum required is "3") 
[0.531s] -- Using PYTHON_EXECUTABLE: /usr/bin/python3
[0.682s] -- Found diagnostic_msgs: 2.0.5 (/opt/ros/foxy/share/diagnostic_msgs/cmake)
[0.707s] -- Using all available rosidl_typesupport_c: rosidl_typesupport_fastrtps_c;rosidl_typesupport_introspection_c
[0.714s] -- Found rosidl_adapter: 1.3.0 (/opt/ros/foxy/share/rosidl_adapter/cmake)
[0.826s] -- Found OpenSSL: /usr/lib/x86_64-linux-gnu/libcrypto.so (found version "1.1.1f")  
[0.862s] -- Found FastRTPS: /opt/ros/foxy/include  
[0.948s] -- Using all available rosidl_typesupport_cpp: rosidl_typesupport_fastrtps_cpp;rosidl_typesupport_introspection_cpp
[1.024s] -- Found diagnostic_updater: 3.1.2 (/opt/ros/foxy/share/diagnostic_updater/cmake)
[1.069s] -- Found rmw_implementation_cmake: 1.0.3 (/opt/ros/foxy/share/rmw_implementation_cmake/cmake)
[1.070s] -- Using RMW implementation 'rmw_fastrtps_cpp' as default
[1.071s] -- Looking for pthread.h
[1.151s] -- Looking for pthread.h - found
[1.152s] -- Performing Test CMAKE_HAVE_LIBC_PTHREAD
[1.234s] -- Performing Test CMAKE_HAVE_LIBC_PTHREAD - Failed
[1.235s] -- Looking for pthread_create in pthreads
[1.305s] -- Looking for pthread_create in pthreads - not found
[1.305s] -- Looking for pthread_create in pthread
[1.397s] -- Looking for pthread_create in pthread - found
[1.400s] -- Found Threads: TRUE  
[1.556s] -- Found rclcpp_components: 2.4.2 (/opt/ros/foxy/share/rclcpp_components/cmake)
[1.609s] -- Found tf2_ros: 0.13.14 (/opt/ros/foxy/share/tf2_ros/cmake)
[1.893s] -- Found velodyne_msgs: 2.3.0 (/ws/src/install/velodyne_msgs/share/velodyne_msgs/cmake)
[1.924s] -- Found ament_lint_auto: 0.9.7 (/opt/ros/foxy/share/ament_lint_auto/cmake)
[1.996s] -- Found gtest sources under '/opt/ros/foxy/src/gtest_vendor': C++ tests using 'Google Test' will be built
[1.998s] -- Check if compiler accepts -pthread
[2.081s] -- Check if compiler accepts -pthread - yes
[2.084s] -- Added test 'copyright' to check source files copyright and LICENSE
[2.086s] -- Added test 'cppcheck' to perform static code analysis on C / C++ code
[2.086s] -- Configured cppcheck include dirs: /ws/src/velodyne/velodyne_driver/include
[2.086s] -- Configured cppcheck exclude dirs and/or files: 
[2.088s] -- Added test 'cpplint' to check C / C++ code against the Google style
[2.088s] -- Configured cpplint exclude dirs and/or files: 
[2.088s] -- Added test 'flake8' to check Python code syntax and style conventions
[2.088s] -- Added test 'lint_cmake' to check CMake code style
[2.089s] -- Added test 'pep257' to check Python code against some of the style conventions in PEP 257
[2.090s] -- Added test 'uncrustify' to check C / C++ code style
[2.090s] -- Configured uncrustify additional arguments: 
[2.091s] -- Added test 'xmllint' to check XML markup files
[2.094s] -- Configuring done
[2.120s] -- Generating done
[2.121s] -- Build files have been written to: /ws/src/build/velodyne_driver
[2.131s] Invoked command in '/ws/src/build/velodyne_driver' returned '0': AMENT_PREFIX_PATH=/ws/src/install/velodyne_msgs:${AMENT_PREFIX_PATH} CMAKE_PREFIX_PATH=/ws/src/install/velodyne_msgs:/opt/ros/foxy LD_LIBRARY_PATH=/ws/src/install/velodyne_msgs/lib:${LD_LIBRARY_PATH} PYTHONPATH=/ws/src/install/velodyne_msgs/lib/python3.8/site-packages:${PYTHONPATH} /usr/bin/cmake /ws/src/velodyne/velodyne_driver -DCMAKE_INSTALL_PREFIX=/ws/src/install/velodyne_driver
[2.135s] Invoking command in '/ws/src/build/velodyne_driver': AMENT_PREFIX_PATH=/ws/src/install/velodyne_msgs:${AMENT_PREFIX_PATH} CMAKE_PREFIX_PATH=/ws/src/install/velodyne_msgs:/opt/ros/foxy LD_LIBRARY_PATH=/ws/src/install/velodyne_msgs/lib:${LD_LIBRARY_PATH} PYTHONPATH=/ws/src/install/velodyne_msgs/lib/python3.8/site-packages:${PYTHONPATH} /usr/bin/cmake --build /ws/src/build/velodyne_driver -- -j16 -l16
[2.182s] [35m[1mScanning dependencies of target gtest[0m
[2.187s] [35m[1mScanning dependencies of target velodyne_input[0m
[2.188s] [35m[1mScanning dependencies of target gtest_main[0m
[2.202s] [  8%] [32mBuilding CXX object gtest/CMakeFiles/gtest.dir/src/gtest-all.cc.o[0m
[2.204s] [ 16%] [32mBuilding CXX object gtest/CMakeFiles/gtest_main.dir/src/gtest_main.cc.o[0m
[2.223s] [ 25%] [32mBuilding CXX object src/lib/CMakeFiles/velodyne_input.dir/input.cpp.o[0m
[2.853s] [ 33%] [32m[1mLinking CXX static library libgtest_main.a[0m
[2.887s] [ 33%] Built target gtest_main
[3.965s] [ 41%] [32m[1mLinking CXX shared library libvelodyne_input.so[0m
[4.103s] [ 41%] Built target velodyne_input
[4.112s] [35m[1mScanning dependencies of target velodyne_driver[0m
[4.154s] [ 50%] [32mBuilding CXX object CMakeFiles/velodyne_driver.dir/src/driver/driver.cpp.o[0m
[5.390s] [ 58%] [32m[1mLinking CXX static library libgtest.a[0m
[5.448s] [ 58%] Built target gtest
[5.457s] [35m[1mScanning dependencies of target time_test[0m
[5.495s] [ 66%] [32mBuilding CXX object CMakeFiles/time_test.dir/tests/timeconversiontest.cpp.o[0m
[7.547s] [ 75%] [32m[1mLinking CXX executable time_test[0m
[7.743s] [ 75%] Built target time_test
[8.596s] [ 83%] [32m[1mLinking CXX shared library libvelodyne_driver.so[0m
[8.847s] [ 83%] Built target velodyne_driver
[8.862s] [35m[1mScanning dependencies of target velodyne_driver_node[0m
[8.899s] [ 91%] [32mBuilding CXX object CMakeFiles/velodyne_driver_node.dir/src/driver/velodyne_node.cpp.o[0m
[10.736s] [100%] [32m[1mLinking CXX executable velodyne_driver_node[0m
[10.900s] [100%] Built target velodyne_driver_node
[10.916s] Invoked command in '/ws/src/build/velodyne_driver' returned '0': AMENT_PREFIX_PATH=/ws/src/install/velodyne_msgs:${AMENT_PREFIX_PATH} CMAKE_PREFIX_PATH=/ws/src/install/velodyne_msgs:/opt/ros/foxy LD_LIBRARY_PATH=/ws/src/install/velodyne_msgs/lib:${LD_LIBRARY_PATH} PYTHONPATH=/ws/src/install/velodyne_msgs/lib/python3.8/site-packages:${PYTHONPATH} /usr/bin/cmake --build /ws/src/build/velodyne_driver -- -j16 -l16
[10.964s] Invoking command in '/ws/src/build/velodyne_driver': AMENT_PREFIX_PATH=/ws/src/install/velodyne_msgs:${AMENT_PREFIX_PATH} CMAKE_PREFIX_PATH=/ws/src/install/velodyne_msgs:/opt/ros/foxy LD_LIBRARY_PATH=/ws/src/install/velodyne_msgs/lib:${LD_LIBRARY_PATH} PYTHONPATH=/ws/src/install/velodyne_msgs/lib/python3.8/site-packages:${PYTHONPATH} /usr/bin/cmake --install /ws/src/build/velodyne_driver
[10.977s] -- Install configuration: ""
[10.977s] -- Installing: /ws/src/install/velodyne_driver/lib/libvelodyne_driver.so
[10.980s] -- Set runtime path of "/ws/src/install/velodyne_driver/lib/libvelodyne_driver.so" to ""
[10.980s] -- Installing: /ws/src/install/velodyne_driver/lib/velodyne_driver/velodyne_driver_node
[10.980s] -- Set runtime path of "/ws/src/install/velodyne_driver/lib/velodyne_driver/velodyne_driver_node" to ""
[10.980s] -- Installing: /ws/src/install/velodyne_driver/include/velodyne_driver
[10.980s] -- Installing: /ws/src/install/velodyne_driver/include/velodyne_driver/time_conversion.hpp
[10.981s] -- Installing: /ws/src/install/velodyne_driver/include/velodyne_driver/input.hpp
[10.981s] -- Installing: /ws/src/install/velodyne_driver/include/velodyne_driver/driver.hpp
[10.981s] -- Installing: /ws/src/install/velodyne_driver/share/velodyne_driver/config
[10.981s] -- Installing: /ws/src/install/velodyne_driver/share/velodyne_driver/config/VLP32C-velodyne_driver_node-params.yaml
[10.981s] -- Installing: /ws/src/install/velodyne_driver/share/velodyne_driver/config/VLP16-velodyne_driver_node-params.yaml
[10.981s] -- Installing: /ws/src/install/velodyne_driver/share/velodyne_driver/launch
[10.981s] -- Installing: /ws/src/install/velodyne_driver/share/velodyne_driver/launch/velodyne_driver_node-VLP32C-composed-launch.py
[10.981s] -- Installing: /ws/src/install/velodyne_driver/share/velodyne_driver/launch/velodyne_driver_node-VLP32C-launch.py
[10.982s] -- Installing: /ws/src/install/velodyne_driver/share/velodyne_driver/launch/velodyne_driver_node-VLP16-launch.py
[10.982s] -- Installing: /ws/src/install/velodyne_driver/share/velodyne_driver/launch/velodyne_driver_node-VLP16-composed-launch.py
[10.982s] -- Installing: /ws/src/install/velodyne_driver/lib/velodyne_driver/vdump
[10.982s] -- Installing: /ws/src/install/velodyne_driver/share/ament_index/resource_index/package_run_dependencies/velodyne_driver
[10.982s] -- Installing: /ws/src/install/velodyne_driver/share/ament_index/resource_index/parent_prefix_path/velodyne_driver
[10.982s] -- Installing: /ws/src/install/velodyne_driver/share/velodyne_driver/environment/ament_prefix_path.sh
[10.982s] -- Installing: /ws/src/install/velodyne_driver/share/velodyne_driver/environment/ament_prefix_path.dsv
[10.982s] -- Installing: /ws/src/install/velodyne_driver/share/velodyne_driver/environment/path.sh
[10.982s] -- Installing: /ws/src/install/velodyne_driver/share/velodyne_driver/environment/path.dsv
[10.983s] -- Installing: /ws/src/install/velodyne_driver/share/velodyne_driver/local_setup.bash
[10.983s] -- Installing: /ws/src/install/velodyne_driver/share/velodyne_driver/local_setup.sh
[10.983s] -- Installing: /ws/src/install/velodyne_driver/share/velodyne_driver/local_setup.zsh
[10.983s] -- Installing: /ws/src/install/velodyne_driver/share/velodyne_driver/local_setup.dsv
[10.983s] -- Installing: /ws/src/install/velodyne_driver/share/velodyne_driver/package.dsv
[10.983s] -- Installing: /ws/src/install/velodyne_driver/share/ament_index/resource_index/packages/velodyne_driver
[10.983s] -- Installing: /ws/src/install/velodyne_driver/share/ament_index/resource_index/rclcpp_components/velodyne_driver
[10.983s] -- Installing: /ws/src/install/velodyne_driver/share/velodyne_driver/cmake/velodyne_driverConfig.cmake
[10.983s] -- Installing: /ws/src/install/velodyne_driver/share/velodyne_driver/cmake/velodyne_driverConfig-version.cmake
[10.984s] -- Installing: /ws/src/install/velodyne_driver/share/velodyne_driver/package.xml
[10.984s] -- Installing: /ws/src/install/velodyne_driver/lib/libvelodyne_input.so
[10.984s] -- Set runtime path of "/ws/src/install/velodyne_driver/lib/libvelodyne_input.so" to ""
[10.985s] Invoked command in '/ws/src/build/velodyne_driver' returned '0': AMENT_PREFIX_PATH=/ws/src/install/velodyne_msgs:${AMENT_PREFIX_PATH} CMAKE_PREFIX_PATH=/ws/src/install/velodyne_msgs:/opt/ros/foxy LD_LIBRARY_PATH=/ws/src/install/velodyne_msgs/lib:${LD_LIBRARY_PATH} PYTHONPATH=/ws/src/install/velodyne_msgs/lib/python3.8/site-packages:${PYTHONPATH} /usr/bin/cmake --install /ws/src/build/velodyne_driver
