running egg_info
writing build/project/project.egg-info/PKG-INFO
writing dependency_links to build/project/project.egg-info/dependency_links.txt
writing entry points to build/project/project.egg-info/entry_points.txt
writing requirements to build/project/project.egg-info/requires.txt
writing top-level names to build/project/project.egg-info/top_level.txt
reading manifest file 'build/project/project.egg-info/SOURCES.txt'
writing manifest file 'build/project/project.egg-info/SOURCES.txt'
running build
running build_py
copying project/maze.py -> /ws/src/project/build/project/build/lib/project
running install
running install_lib
copying /ws/src/project/build/project/build/lib/project/maze.py -> /ws/src/project/install/project/lib/python3.8/site-packages/project
byte-compiling /ws/src/project/install/project/lib/python3.8/site-packages/project/maze.py to maze.cpython-38.pyc
running install_data
running install_egg_info
removing '/ws/src/project/install/project/lib/python3.8/site-packages/project-0.0.0-py3.8.egg-info' (and everything under it)
Copying build/project/project.egg-info to /ws/src/project/install/project/lib/python3.8/site-packages/project-0.0.0-py3.8.egg-info
running install_scripts
Installing maze script to /ws/src/project/install/project/lib/project
writing list of installed files to '/ws/src/project/build/project/install.log'
