[0.184s] DEBUG:colcon:Command line arguments: ['/usr/bin/colcon', 'build', '--symlink-install']
[0.184s] DEBUG:colcon:Parsed command line arguments: Namespace(ament_cmake_args=None, base_paths=['.'], build_base='build', catkin_cmake_args=None, catkin_skip_building_tests=False, cmake_args=None, cmake_clean_cache=False, cmake_clean_first=False, cmake_force_configure=False, cmake_target=None, cmake_target_skip_unavailable=False, continue_on_error=False, event_handlers=None, executor='parallel', ignore_user_meta=False, install_base='install', log_base=None, log_level=None, main=<bound method BuildVerb.main of <colcon_core.verb.build.BuildVerb object at 0x7f289b96dd60>>, merge_install=False, metas=['./colcon.meta'], mixin=None, mixin_files=None, mixin_verb=('build',), packages_above=None, packages_above_and_dependencies=None, packages_above_depth=None, packages_end=None, packages_ignore=None, packages_ignore_regex=None, packages_select=None, packages_select_build_failed=False, packages_select_by_dep=None, packages_select_regex=None, packages_select_test_failures=False, packages_skip=None, packages_skip_build_finished=False, packages_skip_by_dep=None, packages_skip_regex=None, packages_skip_test_passed=False, packages_skip_up_to=None, packages_start=None, packages_up_to=None, packages_up_to_regex=None, parallel_workers=8, paths=None, symlink_install=True, test_result_base=None, verb_extension=<colcon_core.verb.build.BuildVerb object at 0x7f289b96dd60>, verb_name='build', verb_parser=<colcon_mixin.mixin.mixin_argument.MixinArgumentDecorator object at 0x7f289b97e370>)
[0.212s] Level 1:colcon.colcon_core.package_discovery:discover_packages(colcon_meta) check parameters
[0.213s] INFO:colcon.colcon_metadata.package_discovery.colcon_meta:Using configuration from '/root/.colcon/metadata/default/Gazebo.meta'
[0.213s] INFO:colcon.colcon_metadata.package_discovery.colcon_meta:Using configuration from '/root/.colcon/metadata/default/fastrtps.meta'
[0.213s] Level 1:colcon.colcon_core.package_discovery:discover_packages(recursive) check parameters
[0.213s] Level 1:colcon.colcon_core.package_discovery:discover_packages(ignore) check parameters
[0.213s] Level 1:colcon.colcon_core.package_discovery:discover_packages(path) check parameters
[0.213s] Level 1:colcon.colcon_core.package_discovery:discover_packages(colcon_meta) discover
[0.213s] Level 1:colcon.colcon_core.package_discovery:discover_packages(recursive) discover
[0.213s] INFO:colcon.colcon_core.package_discovery:Crawling recursively for packages in '/ws/src/robo'
[0.214s] Level 1:colcon.colcon_core.package_identification:_identify(.) by extensions ['ignore', 'ignore_ament_install']
[0.214s] Level 1:colcon.colcon_core.package_identification:_identify(.) by extension 'ignore'
[0.214s] Level 1:colcon.colcon_core.package_identification:_identify(.) by extension 'ignore_ament_install'
[0.214s] Level 1:colcon.colcon_core.package_identification:_identify(.) by extensions ['colcon_pkg']
[0.214s] Level 1:colcon.colcon_core.package_identification:_identify(.) by extension 'colcon_pkg'
[0.214s] Level 1:colcon.colcon_core.package_identification:_identify(.) by extensions ['colcon_meta']
[0.214s] Level 1:colcon.colcon_core.package_identification:_identify(.) by extension 'colcon_meta'
[0.214s] Level 1:colcon.colcon_core.package_identification:_identify(.) by extensions ['ros']
[0.214s] Level 1:colcon.colcon_core.package_identification:_identify(.) by extension 'ros'
[0.227s] DEBUG:colcon.colcon_core.package_identification:Package '.' with type 'ros.ament_python' and name 'robo'
[0.228s] Level 1:colcon.colcon_core.package_discovery:discover_packages(recursive) using defaults
[0.228s] Level 1:colcon.colcon_core.package_discovery:discover_packages(ignore) discover
[0.228s] Level 1:colcon.colcon_core.package_discovery:discover_packages(ignore) using defaults
[0.228s] Level 1:colcon.colcon_core.package_discovery:discover_packages(path) discover
[0.228s] Level 1:colcon.colcon_core.package_discovery:discover_packages(path) using defaults
[0.268s] Level 5:colcon.colcon_core.verb:set package 'robo' build argument 'cmake_args' from command line to 'None'
[0.268s] Level 5:colcon.colcon_core.verb:set package 'robo' build argument 'cmake_target' from command line to 'None'
[0.268s] Level 5:colcon.colcon_core.verb:set package 'robo' build argument 'cmake_target_skip_unavailable' from command line to 'False'
[0.268s] Level 5:colcon.colcon_core.verb:set package 'robo' build argument 'cmake_clean_cache' from command line to 'False'
[0.268s] Level 5:colcon.colcon_core.verb:set package 'robo' build argument 'cmake_clean_first' from command line to 'False'
[0.268s] Level 5:colcon.colcon_core.verb:set package 'robo' build argument 'cmake_force_configure' from command line to 'False'
[0.268s] Level 5:colcon.colcon_core.verb:set package 'robo' build argument 'ament_cmake_args' from command line to 'None'
[0.268s] Level 5:colcon.colcon_core.verb:set package 'robo' build argument 'catkin_cmake_args' from command line to 'None'
[0.268s] Level 5:colcon.colcon_core.verb:set package 'robo' build argument 'catkin_skip_building_tests' from command line to 'False'
[0.268s] DEBUG:colcon.colcon_core.verb:Building package 'robo' with the following arguments: {'ament_cmake_args': None, 'build_base': '/ws/src/robo/build/robo', 'catkin_cmake_args': None, 'catkin_skip_building_tests': False, 'cmake_args': None, 'cmake_clean_cache': False, 'cmake_clean_first': False, 'cmake_force_configure': False, 'cmake_target': None, 'cmake_target_skip_unavailable': False, 'install_base': '/ws/src/robo/install/robo', 'merge_install': False, 'path': '/ws/src/robo', 'symlink_install': True, 'test_result_base': None}
[0.269s] INFO:colcon.colcon_core.executor:Executing jobs using 'parallel' executor
[0.274s] DEBUG:colcon.colcon_parallel_executor.executor.parallel:run_until_complete
[0.275s] INFO:colcon.colcon_ros.task.ament_python.build:Building ROS package in '/ws/src/robo' with build type 'ament_python'
[0.275s] Level 1:colcon.colcon_core.shell:create_environment_hook('robo', 'ament_prefix_path')
[0.280s] INFO:colcon.colcon_core.plugin_system:Skipping extension 'colcon_core.shell.bat': Not used on non-Windows systems
[0.280s] INFO:colcon.colcon_core.shell:Creating environment hook '/ws/src/robo/install/robo/share/robo/hook/ament_prefix_path.ps1'
[0.281s] INFO:colcon.colcon_core.shell:Creating environment descriptor '/ws/src/robo/install/robo/share/robo/hook/ament_prefix_path.dsv'
[0.282s] INFO:colcon.colcon_core.shell:Creating environment hook '/ws/src/robo/install/robo/share/robo/hook/ament_prefix_path.sh'
[0.284s] INFO:colcon.colcon_core.shell:Skip shell extension 'powershell' for command environment: Not usable outside of PowerShell
[0.284s] DEBUG:colcon.colcon_core.shell:Skip shell extension 'dsv' for command environment
[0.525s] INFO:colcon.colcon_core.task.python.build:Building Python package in '/ws/src/robo'
[0.526s] INFO:colcon.colcon_core.shell:Skip shell extension 'powershell' for command environment: Not usable outside of PowerShell
[0.526s] DEBUG:colcon.colcon_core.shell:Skip shell extension 'dsv' for command environment
[0.921s] DEBUG:colcon.colcon_core.event_handler.log_command:Invoking command in '/ws/src/robo/build/robo': PYTHONPATH=/ws/src/robo/install/robo/lib/python3.8/site-packages:${PYTHONPATH} /usr/bin/python3 setup.py develop --prefix /ws/src/robo/install/robo --editable --build-directory /ws/src/robo/build/robo/build --no-deps install_data --install-dir /ws/src/robo/install/robo
[1.334s] Level 1:colcon.colcon_core.shell:create_environment_hook('robo', 'pythonpath_develop')
[1.335s] INFO:colcon.colcon_core.shell:Creating environment hook '/ws/src/robo/build/robo/share/robo/hook/pythonpath_develop.ps1'
[1.337s] DEBUG:colcon.colcon_core.event_handler.log_command:Invoked command in '/ws/src/robo/build/robo' returned '0': PYTHONPATH=/ws/src/robo/install/robo/lib/python3.8/site-packages:${PYTHONPATH} /usr/bin/python3 setup.py develop --prefix /ws/src/robo/install/robo --editable --build-directory /ws/src/robo/build/robo/build --no-deps install_data --install-dir /ws/src/robo/install/robo
[1.337s] INFO:colcon.colcon_core.shell:Creating environment descriptor '/ws/src/robo/build/robo/share/robo/hook/pythonpath_develop.dsv'
[1.338s] INFO:colcon.colcon_core.shell:Creating environment hook '/ws/src/robo/build/robo/share/robo/hook/pythonpath_develop.sh'
[1.344s] Level 1:colcon.colcon_core.environment:checking '/ws/src/robo/install/robo' for CMake module files
[1.344s] Level 1:colcon.colcon_core.environment:checking '/ws/src/robo/install/robo' for CMake config files
[1.345s] Level 1:colcon.colcon_core.environment:checking '/ws/src/robo/install/robo/lib'
[1.345s] Level 1:colcon.colcon_core.environment:checking '/ws/src/robo/install/robo/bin'
[1.345s] Level 1:colcon.colcon_core.environment:checking '/ws/src/robo/install/robo/lib/pkgconfig/robo.pc'
[1.346s] Level 1:colcon.colcon_core.environment:checking '/ws/src/robo/install/robo/lib/python3.8/site-packages'
[1.346s] Level 1:colcon.colcon_core.shell:create_environment_hook('robo', 'pythonpath')
[1.347s] INFO:colcon.colcon_core.shell:Creating environment hook '/ws/src/robo/install/robo/share/robo/hook/pythonpath.ps1'
[1.348s] INFO:colcon.colcon_core.shell:Creating environment descriptor '/ws/src/robo/install/robo/share/robo/hook/pythonpath.dsv'
[1.349s] INFO:colcon.colcon_core.shell:Creating environment hook '/ws/src/robo/install/robo/share/robo/hook/pythonpath.sh'
[1.350s] Level 1:colcon.colcon_core.environment:checking '/ws/src/robo/install/robo/bin'
[1.350s] Level 1:colcon.colcon_core.environment:create_environment_scripts_only(robo)
[1.352s] INFO:colcon.colcon_core.shell:Creating package script '/ws/src/robo/install/robo/share/robo/package.ps1'
[1.353s] INFO:colcon.colcon_core.shell:Creating package descriptor '/ws/src/robo/install/robo/share/robo/package.dsv'
[1.355s] INFO:colcon.colcon_core.shell:Creating package script '/ws/src/robo/install/robo/share/robo/package.sh'
[1.356s] INFO:colcon.colcon_core.shell:Creating package script '/ws/src/robo/install/robo/share/robo/package.bash'
[1.357s] INFO:colcon.colcon_core.shell:Creating package script '/ws/src/robo/install/robo/share/robo/package.zsh'
[1.358s] Level 1:colcon.colcon_core.environment:create_file_with_runtime_dependencies(/ws/src/robo/install/robo/share/colcon-core/packages/robo)
[1.359s] DEBUG:colcon.colcon_parallel_executor.executor.parallel:closing loop
[1.360s] DEBUG:colcon.colcon_parallel_executor.executor.parallel:loop closed
[1.360s] DEBUG:colcon.colcon_parallel_executor.executor.parallel:run_until_complete finished with '0'
[1.361s] DEBUG:colcon.colcon_core.event_reactor:joining thread
[1.367s] INFO:colcon.colcon_core.plugin_system:Skipping extension 'colcon_notification.desktop_notification.notify_send': Could not find 'notify-send'
[1.367s] INFO:colcon.colcon_core.plugin_system:Skipping extension 'colcon_notification.desktop_notification.terminal_notifier': Not used on non-Darwin systems
[1.367s] INFO:colcon.colcon_core.plugin_system:Skipping extension 'colcon_notification.desktop_notification.win32': Not used on non-Windows systems
[1.367s] INFO:colcon.colcon_notification.desktop_notification:Sending desktop notification using 'notify2'
[1.370s] DEBUG:colcon.colcon_notification.desktop_notification.notify2:Failed to initialize notify2: org.freedesktop.DBus.Error.Spawn.ExecFailed: /usr/bin/dbus-launch terminated abnormally without any error message
[1.370s] DEBUG:colcon.colcon_core.event_reactor:joined thread
[1.372s] INFO:colcon.colcon_core.shell:Creating prefix script '/ws/src/robo/install/local_setup.ps1'
[1.374s] INFO:colcon.colcon_core.shell:Creating prefix util module '/ws/src/robo/install/_local_setup_util_ps1.py'
[1.375s] INFO:colcon.colcon_core.shell:Creating prefix chain script '/ws/src/robo/install/setup.ps1'
[1.377s] INFO:colcon.colcon_core.shell:Creating prefix script '/ws/src/robo/install/local_setup.sh'
[1.378s] INFO:colcon.colcon_core.shell:Creating prefix util module '/ws/src/robo/install/_local_setup_util_sh.py'
[1.379s] INFO:colcon.colcon_core.shell:Creating prefix chain script '/ws/src/robo/install/setup.sh'
[1.382s] INFO:colcon.colcon_core.shell:Creating prefix script '/ws/src/robo/install/local_setup.bash'
[1.383s] INFO:colcon.colcon_core.shell:Creating prefix chain script '/ws/src/robo/install/setup.bash'
[1.385s] INFO:colcon.colcon_core.shell:Creating prefix script '/ws/src/robo/install/local_setup.zsh'
[1.387s] INFO:colcon.colcon_core.shell:Creating prefix chain script '/ws/src/robo/install/setup.zsh'
