running egg_info
creating ../build/nmea_navsat_driver/nmea_navsat_driver.egg-info
writing ../build/nmea_navsat_driver/nmea_navsat_driver.egg-info/PKG-INFO
writing dependency_links to ../build/nmea_navsat_driver/nmea_navsat_driver.egg-info/dependency_links.txt
writing entry points to ../build/nmea_navsat_driver/nmea_navsat_driver.egg-info/entry_points.txt
writing requirements to ../build/nmea_navsat_driver/nmea_navsat_driver.egg-info/requires.txt
writing top-level names to ../build/nmea_navsat_driver/nmea_navsat_driver.egg-info/top_level.txt
writing manifest file '../build/nmea_navsat_driver/nmea_navsat_driver.egg-info/SOURCES.txt'
reading manifest file '../build/nmea_navsat_driver/nmea_navsat_driver.egg-info/SOURCES.txt'
writing manifest file '../build/nmea_navsat_driver/nmea_navsat_driver.egg-info/SOURCES.txt'
running build
running build_py
creating /ws/src/build/nmea_navsat_driver/build
creating /ws/src/build/nmea_navsat_driver/build/lib
creating /ws/src/build/nmea_navsat_driver/build/lib/libnmea_navsat_driver
copying src/libnmea_navsat_driver/checksum_utils.py -> /ws/src/build/nmea_navsat_driver/build/lib/libnmea_navsat_driver
copying src/libnmea_navsat_driver/driver.py -> /ws/src/build/nmea_navsat_driver/build/lib/libnmea_navsat_driver
copying src/libnmea_navsat_driver/parser.py -> /ws/src/build/nmea_navsat_driver/build/lib/libnmea_navsat_driver
copying src/libnmea_navsat_driver/__init__.py -> /ws/src/build/nmea_navsat_driver/build/lib/libnmea_navsat_driver
creating /ws/src/build/nmea_navsat_driver/build/lib/libnmea_navsat_driver/nodes
copying src/libnmea_navsat_driver/nodes/nmea_topic_serial_reader.py -> /ws/src/build/nmea_navsat_driver/build/lib/libnmea_navsat_driver/nodes
copying src/libnmea_navsat_driver/nodes/nmea_topic_driver.py -> /ws/src/build/nmea_navsat_driver/build/lib/libnmea_navsat_driver/nodes
copying src/libnmea_navsat_driver/nodes/nmea_tcpclient_driver.py -> /ws/src/build/nmea_navsat_driver/build/lib/libnmea_navsat_driver/nodes
copying src/libnmea_navsat_driver/nodes/nmea_serial_driver.py -> /ws/src/build/nmea_navsat_driver/build/lib/libnmea_navsat_driver/nodes
copying src/libnmea_navsat_driver/nodes/nmea_socket_driver.py -> /ws/src/build/nmea_navsat_driver/build/lib/libnmea_navsat_driver/nodes
copying src/libnmea_navsat_driver/nodes/__init__.py -> /ws/src/build/nmea_navsat_driver/build/lib/libnmea_navsat_driver/nodes
running install
running install_lib
creating /ws/src/install/nmea_navsat_driver/lib/python3.8/site-packages/libnmea_navsat_driver
copying /ws/src/build/nmea_navsat_driver/build/lib/libnmea_navsat_driver/checksum_utils.py -> /ws/src/install/nmea_navsat_driver/lib/python3.8/site-packages/libnmea_navsat_driver
copying /ws/src/build/nmea_navsat_driver/build/lib/libnmea_navsat_driver/driver.py -> /ws/src/install/nmea_navsat_driver/lib/python3.8/site-packages/libnmea_navsat_driver
copying /ws/src/build/nmea_navsat_driver/build/lib/libnmea_navsat_driver/parser.py -> /ws/src/install/nmea_navsat_driver/lib/python3.8/site-packages/libnmea_navsat_driver
creating /ws/src/install/nmea_navsat_driver/lib/python3.8/site-packages/libnmea_navsat_driver/nodes
copying /ws/src/build/nmea_navsat_driver/build/lib/libnmea_navsat_driver/nodes/nmea_topic_serial_reader.py -> /ws/src/install/nmea_navsat_driver/lib/python3.8/site-packages/libnmea_navsat_driver/nodes
copying /ws/src/build/nmea_navsat_driver/build/lib/libnmea_navsat_driver/nodes/nmea_topic_driver.py -> /ws/src/install/nmea_navsat_driver/lib/python3.8/site-packages/libnmea_navsat_driver/nodes
copying /ws/src/build/nmea_navsat_driver/build/lib/libnmea_navsat_driver/nodes/nmea_tcpclient_driver.py -> /ws/src/install/nmea_navsat_driver/lib/python3.8/site-packages/libnmea_navsat_driver/nodes
copying /ws/src/build/nmea_navsat_driver/build/lib/libnmea_navsat_driver/nodes/nmea_serial_driver.py -> /ws/src/install/nmea_navsat_driver/lib/python3.8/site-packages/libnmea_navsat_driver/nodes
copying /ws/src/build/nmea_navsat_driver/build/lib/libnmea_navsat_driver/nodes/nmea_socket_driver.py -> /ws/src/install/nmea_navsat_driver/lib/python3.8/site-packages/libnmea_navsat_driver/nodes
copying /ws/src/build/nmea_navsat_driver/build/lib/libnmea_navsat_driver/nodes/__init__.py -> /ws/src/install/nmea_navsat_driver/lib/python3.8/site-packages/libnmea_navsat_driver/nodes
copying /ws/src/build/nmea_navsat_driver/build/lib/libnmea_navsat_driver/__init__.py -> /ws/src/install/nmea_navsat_driver/lib/python3.8/site-packages/libnmea_navsat_driver
byte-compiling /ws/src/install/nmea_navsat_driver/lib/python3.8/site-packages/libnmea_navsat_driver/checksum_utils.py to checksum_utils.cpython-38.pyc
byte-compiling /ws/src/install/nmea_navsat_driver/lib/python3.8/site-packages/libnmea_navsat_driver/driver.py to driver.cpython-38.pyc
byte-compiling /ws/src/install/nmea_navsat_driver/lib/python3.8/site-packages/libnmea_navsat_driver/parser.py to parser.cpython-38.pyc
byte-compiling /ws/src/install/nmea_navsat_driver/lib/python3.8/site-packages/libnmea_navsat_driver/nodes/nmea_topic_serial_reader.py to nmea_topic_serial_reader.cpython-38.pyc
byte-compiling /ws/src/install/nmea_navsat_driver/lib/python3.8/site-packages/libnmea_navsat_driver/nodes/nmea_topic_driver.py to nmea_topic_driver.cpython-38.pyc
byte-compiling /ws/src/install/nmea_navsat_driver/lib/python3.8/site-packages/libnmea_navsat_driver/nodes/nmea_tcpclient_driver.py to nmea_tcpclient_driver.cpython-38.pyc
byte-compiling /ws/src/install/nmea_navsat_driver/lib/python3.8/site-packages/libnmea_navsat_driver/nodes/nmea_serial_driver.py to nmea_serial_driver.cpython-38.pyc
byte-compiling /ws/src/install/nmea_navsat_driver/lib/python3.8/site-packages/libnmea_navsat_driver/nodes/nmea_socket_driver.py to nmea_socket_driver.cpython-38.pyc
byte-compiling /ws/src/install/nmea_navsat_driver/lib/python3.8/site-packages/libnmea_navsat_driver/nodes/__init__.py to __init__.cpython-38.pyc
byte-compiling /ws/src/install/nmea_navsat_driver/lib/python3.8/site-packages/libnmea_navsat_driver/__init__.py to __init__.cpython-38.pyc
running install_data
creating /ws/src/install/nmea_navsat_driver/share/ament_index
creating /ws/src/install/nmea_navsat_driver/share/ament_index/resource_index
creating /ws/src/install/nmea_navsat_driver/share/ament_index/resource_index/packages
copying resource/nmea_navsat_driver -> /ws/src/install/nmea_navsat_driver/share/ament_index/resource_index/packages
copying package.xml -> /ws/src/install/nmea_navsat_driver/share/nmea_navsat_driver
creating /ws/src/install/nmea_navsat_driver/share/nmea_navsat_driver/launch
copying launch/nmea_serial_driver.launch.py -> /ws/src/install/nmea_navsat_driver/share/nmea_navsat_driver/launch
copying launch/nmea_tcpclient_driver.launch.py -> /ws/src/install/nmea_navsat_driver/share/nmea_navsat_driver/launch
copying launch/nmea_socket_driver.launch.py -> /ws/src/install/nmea_navsat_driver/share/nmea_navsat_driver/launch
creating /ws/src/install/nmea_navsat_driver/share/nmea_navsat_driver/config
copying config/nmea_serial_driver.yaml -> /ws/src/install/nmea_navsat_driver/share/nmea_navsat_driver/config
copying config/nmea_socket_driver.yaml -> /ws/src/install/nmea_navsat_driver/share/nmea_navsat_driver/config
copying config/nmea_tcpclient_driver.yaml -> /ws/src/install/nmea_navsat_driver/share/nmea_navsat_driver/config
running install_egg_info
Copying ../build/nmea_navsat_driver/nmea_navsat_driver.egg-info to /ws/src/install/nmea_navsat_driver/lib/python3.8/site-packages/nmea_navsat_driver-2.0.0-py3.8.egg-info
running install_scripts
Installing nmea_serial_driver script to /ws/src/install/nmea_navsat_driver/lib/nmea_navsat_driver
Installing nmea_socket_driver script to /ws/src/install/nmea_navsat_driver/lib/nmea_navsat_driver
Installing nmea_tcpclient_driver script to /ws/src/install/nmea_navsat_driver/lib/nmea_navsat_driver
Installing nmea_topic_driver script to /ws/src/install/nmea_navsat_driver/lib/nmea_navsat_driver
Installing nmea_topic_serial_reader script to /ws/src/install/nmea_navsat_driver/lib/nmea_navsat_driver
writing list of installed files to '/ws/src/build/nmea_navsat_driver/install.log'
