[0.382s] DEBUG:colcon:Command line arguments: ['/usr/bin/colcon', 'build']
[0.382s] DEBUG:colcon:Parsed command line arguments: Namespace(ament_cmake_args=None, base_paths=['.'], build_base='build', catkin_cmake_args=None, catkin_skip_building_tests=False, cmake_args=None, cmake_clean_cache=False, cmake_clean_first=False, cmake_force_configure=False, cmake_target=None, cmake_target_skip_unavailable=False, continue_on_error=False, event_handlers=None, executor='parallel', ignore_user_meta=False, install_base='install', log_base=None, log_level=None, main=<bound method BuildVerb.main of <colcon_core.verb.build.BuildVerb object at 0x7ff0e6fe1760>>, merge_install=False, metas=['./colcon.meta'], mixin=None, mixin_files=None, mixin_verb=('build',), packages_above=None, packages_above_and_dependencies=None, packages_above_depth=None, packages_end=None, packages_ignore=None, packages_ignore_regex=None, packages_select=None, packages_select_build_failed=False, packages_select_by_dep=None, packages_select_regex=None, packages_select_test_failures=False, packages_skip=None, packages_skip_build_finished=False, packages_skip_by_dep=None, packages_skip_regex=None, packages_skip_test_passed=False, packages_skip_up_to=None, packages_start=None, packages_up_to=None, packages_up_to_regex=None, parallel_workers=8, paths=None, symlink_install=False, test_result_base=None, verb_extension=<colcon_core.verb.build.BuildVerb object at 0x7ff0e6fe1760>, verb_name='build', verb_parser=<colcon_mixin.mixin.mixin_argument.MixinArgumentDecorator object at 0x7ff0e6ff52e0>)
[0.452s] Level 1:colcon.colcon_core.package_discovery:discover_packages(colcon_meta) check parameters
[0.454s] INFO:colcon.colcon_metadata.package_discovery.colcon_meta:Using configuration from '/root/.colcon/metadata/default/Gazebo.meta'
[0.455s] INFO:colcon.colcon_metadata.package_discovery.colcon_meta:Using configuration from '/root/.colcon/metadata/default/fastrtps.meta'
[0.455s] Level 1:colcon.colcon_core.package_discovery:discover_packages(recursive) check parameters
[0.455s] Level 1:colcon.colcon_core.package_discovery:discover_packages(ignore) check parameters
[0.455s] Level 1:colcon.colcon_core.package_discovery:discover_packages(path) check parameters
[0.455s] Level 1:colcon.colcon_core.package_discovery:discover_packages(colcon_meta) discover
[0.456s] Level 1:colcon.colcon_core.package_discovery:discover_packages(recursive) discover
[0.456s] INFO:colcon.colcon_core.package_discovery:Crawling recursively for packages in '/ws/src/rover'
[0.456s] Level 1:colcon.colcon_core.package_identification:_identify(.) by extensions ['ignore', 'ignore_ament_install']
[0.456s] Level 1:colcon.colcon_core.package_identification:_identify(.) by extension 'ignore'
[0.456s] Level 1:colcon.colcon_core.package_identification:_identify(.) by extension 'ignore_ament_install'
[0.456s] Level 1:colcon.colcon_core.package_identification:_identify(.) by extensions ['colcon_pkg']
[0.456s] Level 1:colcon.colcon_core.package_identification:_identify(.) by extension 'colcon_pkg'
[0.456s] Level 1:colcon.colcon_core.package_identification:_identify(.) by extensions ['colcon_meta']
[0.456s] Level 1:colcon.colcon_core.package_identification:_identify(.) by extension 'colcon_meta'
[0.456s] Level 1:colcon.colcon_core.package_identification:_identify(.) by extensions ['ros']
[0.456s] Level 1:colcon.colcon_core.package_identification:_identify(.) by extension 'ros'
[0.478s] DEBUG:colcon.colcon_core.package_identification:Package '.' with type 'ros.ament_cmake' and name 'rover'
[0.478s] Level 1:colcon.colcon_core.package_discovery:discover_packages(recursive) using defaults
[0.478s] Level 1:colcon.colcon_core.package_discovery:discover_packages(ignore) discover
[0.478s] Level 1:colcon.colcon_core.package_discovery:discover_packages(ignore) using defaults
[0.478s] Level 1:colcon.colcon_core.package_discovery:discover_packages(path) discover
[0.478s] Level 1:colcon.colcon_core.package_discovery:discover_packages(path) using defaults
[0.531s] Level 5:colcon.colcon_core.verb:set package 'rover' build argument 'cmake_args' from command line to 'None'
[0.531s] Level 5:colcon.colcon_core.verb:set package 'rover' build argument 'cmake_target' from command line to 'None'
[0.531s] Level 5:colcon.colcon_core.verb:set package 'rover' build argument 'cmake_target_skip_unavailable' from command line to 'False'
[0.531s] Level 5:colcon.colcon_core.verb:set package 'rover' build argument 'cmake_clean_cache' from command line to 'False'
[0.531s] Level 5:colcon.colcon_core.verb:set package 'rover' build argument 'cmake_clean_first' from command line to 'False'
[0.531s] Level 5:colcon.colcon_core.verb:set package 'rover' build argument 'cmake_force_configure' from command line to 'False'
[0.531s] Level 5:colcon.colcon_core.verb:set package 'rover' build argument 'ament_cmake_args' from command line to 'None'
[0.531s] Level 5:colcon.colcon_core.verb:set package 'rover' build argument 'catkin_cmake_args' from command line to 'None'
[0.531s] Level 5:colcon.colcon_core.verb:set package 'rover' build argument 'catkin_skip_building_tests' from command line to 'False'
[0.531s] DEBUG:colcon.colcon_core.verb:Building package 'rover' with the following arguments: {'ament_cmake_args': None, 'build_base': '/ws/src/rover/build/rover', 'catkin_cmake_args': None, 'catkin_skip_building_tests': False, 'cmake_args': None, 'cmake_clean_cache': False, 'cmake_clean_first': False, 'cmake_force_configure': False, 'cmake_target': None, 'cmake_target_skip_unavailable': False, 'install_base': '/ws/src/rover/install/rover', 'merge_install': False, 'path': '/ws/src/rover', 'symlink_install': False, 'test_result_base': None}
[0.532s] INFO:colcon.colcon_core.executor:Executing jobs using 'parallel' executor
[0.535s] DEBUG:colcon.colcon_parallel_executor.executor.parallel:run_until_complete
[0.536s] INFO:colcon.colcon_ros.task.ament_cmake.build:Building ROS package in '/ws/src/rover' with build type 'ament_cmake'
[0.536s] INFO:colcon.colcon_cmake.task.cmake.build:Building CMake package in '/ws/src/rover'
[0.549s] INFO:colcon.colcon_core.plugin_system:Skipping extension 'colcon_core.shell.bat': Not used on non-Windows systems
[0.549s] INFO:colcon.colcon_core.shell:Skip shell extension 'powershell' for command environment: Not usable outside of PowerShell
[0.549s] DEBUG:colcon.colcon_core.shell:Skip shell extension 'dsv' for command environment
[0.571s] DEBUG:colcon.colcon_core.event_handler.log_command:Invoking command in '/ws/src/rover/build/rover': CMAKE_PREFIX_PATH=/opt/ros/foxy /usr/bin/cmake /ws/src/rover -DCMAKE_INSTALL_PREFIX=/ws/src/rover/install/rover
[1.765s] DEBUG:colcon.colcon_core.event_handler.log_command:Invoked command in '/ws/src/rover/build/rover' returned '0': CMAKE_PREFIX_PATH=/opt/ros/foxy /usr/bin/cmake /ws/src/rover -DCMAKE_INSTALL_PREFIX=/ws/src/rover/install/rover
[1.768s] DEBUG:colcon.colcon_core.event_handler.log_command:Invoking command in '/ws/src/rover/build/rover': CMAKE_PREFIX_PATH=/opt/ros/foxy /usr/bin/cmake --build /ws/src/rover/build/rover -- -j8 -l8
[1.809s] DEBUG:colcon.colcon_core.event_handler.log_command:Invoked command in '/ws/src/rover/build/rover' returned '0': CMAKE_PREFIX_PATH=/opt/ros/foxy /usr/bin/cmake --build /ws/src/rover/build/rover -- -j8 -l8
[1.847s] DEBUG:colcon.colcon_core.event_handler.log_command:Invoking command in '/ws/src/rover/build/rover': CMAKE_PREFIX_PATH=/opt/ros/foxy /usr/bin/cmake --install /ws/src/rover/build/rover
[2.214s] Level 1:colcon.colcon_core.environment:create_environment_scripts_only(rover)
[2.214s] DEBUG:colcon.colcon_core.event_handler.log_command:Invoked command in '/ws/src/rover/build/rover' returned '0': CMAKE_PREFIX_PATH=/opt/ros/foxy /usr/bin/cmake --install /ws/src/rover/build/rover
[2.230s] Level 1:colcon.colcon_core.environment:checking '/ws/src/rover/install/rover' for CMake module files
[2.231s] Level 1:colcon.colcon_core.environment:checking '/ws/src/rover/install/rover' for CMake config files
[2.231s] Level 1:colcon.colcon_core.shell:create_environment_hook('rover', 'cmake_prefix_path')
[2.233s] INFO:colcon.colcon_core.shell:Creating environment hook '/ws/src/rover/install/rover/share/rover/hook/cmake_prefix_path.ps1'
[2.235s] INFO:colcon.colcon_core.shell:Creating environment descriptor '/ws/src/rover/install/rover/share/rover/hook/cmake_prefix_path.dsv'
[2.236s] INFO:colcon.colcon_core.shell:Creating environment hook '/ws/src/rover/install/rover/share/rover/hook/cmake_prefix_path.sh'
[2.238s] Level 1:colcon.colcon_core.environment:checking '/ws/src/rover/install/rover/bin'
[2.238s] Level 1:colcon.colcon_core.environment:checking '/ws/src/rover/install/rover/lib/pkgconfig/rover.pc'
[2.239s] Level 1:colcon.colcon_core.environment:checking '/ws/src/rover/install/rover/lib/python3.8/site-packages'
[2.239s] Level 1:colcon.colcon_core.environment:checking '/ws/src/rover/install/rover/bin'
[2.240s] INFO:colcon.colcon_core.shell:Creating package script '/ws/src/rover/install/rover/share/rover/package.ps1'
[2.242s] INFO:colcon.colcon_core.shell:Creating package descriptor '/ws/src/rover/install/rover/share/rover/package.dsv'
[2.243s] INFO:colcon.colcon_core.shell:Creating package script '/ws/src/rover/install/rover/share/rover/package.sh'
[2.245s] INFO:colcon.colcon_core.shell:Creating package script '/ws/src/rover/install/rover/share/rover/package.bash'
[2.247s] INFO:colcon.colcon_core.shell:Creating package script '/ws/src/rover/install/rover/share/rover/package.zsh'
[2.250s] Level 1:colcon.colcon_core.environment:create_file_with_runtime_dependencies(/ws/src/rover/install/rover/share/colcon-core/packages/rover)
[2.274s] Level 1:colcon.colcon_core.environment:create_environment_scripts_only(rover)
[2.279s] Level 1:colcon.colcon_core.environment:checking '/ws/src/rover/install/rover' for CMake module files
[2.279s] Level 1:colcon.colcon_core.environment:checking '/ws/src/rover/install/rover' for CMake config files
[2.280s] Level 1:colcon.colcon_core.shell:create_environment_hook('rover', 'cmake_prefix_path')
[2.281s] INFO:colcon.colcon_core.shell:Creating environment hook '/ws/src/rover/install/rover/share/rover/hook/cmake_prefix_path.ps1'
[2.282s] INFO:colcon.colcon_core.shell:Creating environment descriptor '/ws/src/rover/install/rover/share/rover/hook/cmake_prefix_path.dsv'
[2.282s] INFO:colcon.colcon_core.shell:Creating environment hook '/ws/src/rover/install/rover/share/rover/hook/cmake_prefix_path.sh'
[2.283s] Level 1:colcon.colcon_core.environment:checking '/ws/src/rover/install/rover/bin'
[2.283s] Level 1:colcon.colcon_core.environment:checking '/ws/src/rover/install/rover/lib/pkgconfig/rover.pc'
[2.283s] Level 1:colcon.colcon_core.environment:checking '/ws/src/rover/install/rover/lib/python3.8/site-packages'
[2.283s] Level 1:colcon.colcon_core.environment:checking '/ws/src/rover/install/rover/bin'
[2.284s] INFO:colcon.colcon_core.shell:Creating package script '/ws/src/rover/install/rover/share/rover/package.ps1'
[2.285s] INFO:colcon.colcon_core.shell:Creating package descriptor '/ws/src/rover/install/rover/share/rover/package.dsv'
[2.286s] INFO:colcon.colcon_core.shell:Creating package script '/ws/src/rover/install/rover/share/rover/package.sh'
[2.286s] INFO:colcon.colcon_core.shell:Creating package script '/ws/src/rover/install/rover/share/rover/package.bash'
[2.287s] INFO:colcon.colcon_core.shell:Creating package script '/ws/src/rover/install/rover/share/rover/package.zsh'
[2.287s] Level 1:colcon.colcon_core.environment:create_file_with_runtime_dependencies(/ws/src/rover/install/rover/share/colcon-core/packages/rover)
[2.288s] DEBUG:colcon.colcon_parallel_executor.executor.parallel:closing loop
[2.288s] DEBUG:colcon.colcon_parallel_executor.executor.parallel:loop closed
[2.289s] DEBUG:colcon.colcon_parallel_executor.executor.parallel:run_until_complete finished with '0'
[2.289s] DEBUG:colcon.colcon_core.event_reactor:joining thread
[2.314s] INFO:colcon.colcon_core.plugin_system:Skipping extension 'colcon_notification.desktop_notification.notify_send': Could not find 'notify-send'
[2.314s] INFO:colcon.colcon_core.plugin_system:Skipping extension 'colcon_notification.desktop_notification.terminal_notifier': Not used on non-Darwin systems
[2.314s] INFO:colcon.colcon_core.plugin_system:Skipping extension 'colcon_notification.desktop_notification.win32': Not used on non-Windows systems
[2.314s] INFO:colcon.colcon_notification.desktop_notification:Sending desktop notification using 'notify2'
[2.322s] DEBUG:colcon.colcon_notification.desktop_notification.notify2:Failed to initialize notify2: org.freedesktop.DBus.Error.Spawn.ExecFailed: /usr/bin/dbus-launch terminated abnormally without any error message
[2.322s] DEBUG:colcon.colcon_core.event_reactor:joined thread
[2.323s] INFO:colcon.colcon_core.shell:Creating prefix script '/ws/src/rover/install/local_setup.ps1'
[2.325s] INFO:colcon.colcon_core.shell:Creating prefix util module '/ws/src/rover/install/_local_setup_util_ps1.py'
[2.327s] INFO:colcon.colcon_core.shell:Creating prefix chain script '/ws/src/rover/install/setup.ps1'
[2.330s] INFO:colcon.colcon_core.shell:Creating prefix script '/ws/src/rover/install/local_setup.sh'
[2.331s] INFO:colcon.colcon_core.shell:Creating prefix util module '/ws/src/rover/install/_local_setup_util_sh.py'
[2.332s] INFO:colcon.colcon_core.shell:Creating prefix chain script '/ws/src/rover/install/setup.sh'
[2.334s] INFO:colcon.colcon_core.shell:Creating prefix script '/ws/src/rover/install/local_setup.bash'
[2.335s] INFO:colcon.colcon_core.shell:Creating prefix chain script '/ws/src/rover/install/setup.bash'
[2.337s] INFO:colcon.colcon_core.shell:Creating prefix script '/ws/src/rover/install/local_setup.zsh'
[2.338s] INFO:colcon.colcon_core.shell:Creating prefix chain script '/ws/src/rover/install/setup.zsh'
