[0.046s] Invoking command in '/ws/src/lec_ws/src/urdf_tutorial/build/urdf_tutorial': CMAKE_PREFIX_PATH=${CMAKE_PREFIX_PATH}:/opt/ros/foxy /usr/bin/cmake --build /ws/src/lec_ws/src/urdf_tutorial/build/urdf_tutorial -- -j8 -l8
[0.133s] Invoked command in '/ws/src/lec_ws/src/urdf_tutorial/build/urdf_tutorial' returned '0': CMAKE_PREFIX_PATH=${CMAKE_PREFIX_PATH}:/opt/ros/foxy /usr/bin/cmake --build /ws/src/lec_ws/src/urdf_tutorial/build/urdf_tutorial -- -j8 -l8
[0.214s] Invoking command in '/ws/src/lec_ws/src/urdf_tutorial/build/urdf_tutorial': CMAKE_PREFIX_PATH=${CMAKE_PREFIX_PATH}:/opt/ros/foxy /usr/bin/cmake --install /ws/src/lec_ws/src/urdf_tutorial/build/urdf_tutorial
[0.231s] -- Install configuration: ""
[0.232s] -- Execute custom install script
[0.233s] -- Up-to-date symlink: /ws/src/lec_ws/src/urdf_tutorial/install/urdf_tutorial/share/urdf_tutorial/launch/display.launch.py
[0.234s] -- Up-to-date symlink: /ws/src/lec_ws/src/urdf_tutorial/install/urdf_tutorial/share/urdf_tutorial/rviz/urdf.rviz
[0.235s] -- Up-to-date symlink: /ws/src/lec_ws/src/urdf_tutorial/install/urdf_tutorial/share/urdf_tutorial/urdf/01-myfirst.urdf
[0.236s] -- Up-to-date symlink: /ws/src/lec_ws/src/urdf_tutorial/install/urdf_tutorial/share/urdf_tutorial/urdf/02-multipleshapes.urdf
[0.237s] -- Symlinking: /ws/src/lec_ws/src/urdf_tutorial/install/urdf_tutorial/share/urdf_tutorial/urdf/03-origins.urdf
[0.258s] -- Up-to-date symlink: /ws/src/lec_ws/src/urdf_tutorial/install/urdf_tutorial/share/ament_index/resource_index/package_run_dependencies/urdf_tutorial
[0.258s] -- Up-to-date symlink: /ws/src/lec_ws/src/urdf_tutorial/install/urdf_tutorial/share/ament_index/resource_index/parent_prefix_path/urdf_tutorial
[0.259s] -- Up-to-date symlink: /ws/src/lec_ws/src/urdf_tutorial/install/urdf_tutorial/share/urdf_tutorial/environment/ament_prefix_path.sh
[0.260s] -- Up-to-date symlink: /ws/src/lec_ws/src/urdf_tutorial/install/urdf_tutorial/share/urdf_tutorial/environment/ament_prefix_path.dsv
[0.261s] -- Up-to-date symlink: /ws/src/lec_ws/src/urdf_tutorial/install/urdf_tutorial/share/urdf_tutorial/environment/path.sh
[0.261s] -- Up-to-date symlink: /ws/src/lec_ws/src/urdf_tutorial/install/urdf_tutorial/share/urdf_tutorial/environment/path.dsv
[0.262s] -- Up-to-date symlink: /ws/src/lec_ws/src/urdf_tutorial/install/urdf_tutorial/share/urdf_tutorial/local_setup.bash
[0.263s] -- Up-to-date symlink: /ws/src/lec_ws/src/urdf_tutorial/install/urdf_tutorial/share/urdf_tutorial/local_setup.sh
[0.263s] -- Up-to-date symlink: /ws/src/lec_ws/src/urdf_tutorial/install/urdf_tutorial/share/urdf_tutorial/local_setup.zsh
[0.264s] -- Up-to-date symlink: /ws/src/lec_ws/src/urdf_tutorial/install/urdf_tutorial/share/urdf_tutorial/local_setup.dsv
[0.265s] -- Symlinking: /ws/src/lec_ws/src/urdf_tutorial/install/urdf_tutorial/share/urdf_tutorial/package.dsv
[0.284s] -- Up-to-date symlink: /ws/src/lec_ws/src/urdf_tutorial/install/urdf_tutorial/share/ament_index/resource_index/packages/urdf_tutorial
[0.285s] -- Up-to-date symlink: /ws/src/lec_ws/src/urdf_tutorial/install/urdf_tutorial/share/urdf_tutorial/cmake/urdf_tutorialConfig.cmake
[0.286s] -- Up-to-date symlink: /ws/src/lec_ws/src/urdf_tutorial/install/urdf_tutorial/share/urdf_tutorial/cmake/urdf_tutorialConfig-version.cmake
[0.286s] -- Up-to-date symlink: /ws/src/lec_ws/src/urdf_tutorial/install/urdf_tutorial/share/urdf_tutorial/package.xml
[0.292s] Invoked command in '/ws/src/lec_ws/src/urdf_tutorial/build/urdf_tutorial' returned '0': CMAKE_PREFIX_PATH=${CMAKE_PREFIX_PATH}:/opt/ros/foxy /usr/bin/cmake --install /ws/src/lec_ws/src/urdf_tutorial/build/urdf_tutorial
