[1.667s] Invoking command in '/ws/src/imu': PYTHONPATH=/ws/src/install/imu/lib/python3.8/site-packages:${PYTHONPATH} /usr/bin/python3 setup.py egg_info --egg-base ../build/imu build --build-base /ws/src/build/imu/build install --prefix /ws/src/install/imu --record /ws/src/build/imu/install.log --single-version-externally-managed
[1.894s] running egg_info
[1.895s] creating ../build/imu/imu.egg-info
[1.895s] writing ../build/imu/imu.egg-info/PKG-INFO
[1.896s] writing dependency_links to ../build/imu/imu.egg-info/dependency_links.txt
[1.896s] writing entry points to ../build/imu/imu.egg-info/entry_points.txt
[1.896s] writing requirements to ../build/imu/imu.egg-info/requires.txt
[1.896s] writing top-level names to ../build/imu/imu.egg-info/top_level.txt
[1.901s] writing manifest file '../build/imu/imu.egg-info/SOURCES.txt'
[1.936s] reading manifest file '../build/imu/imu.egg-info/SOURCES.txt'
[1.937s] writing manifest file '../build/imu/imu.egg-info/SOURCES.txt'
[1.937s] running build
[1.937s] running build_py
[1.937s] creating /ws/src/build/imu/build
[1.938s] creating /ws/src/build/imu/build/lib
[1.938s] creating /ws/src/build/imu/build/lib/imu
[1.938s] copying imu/imu_ros2.py -> /ws/src/build/imu/build/lib/imu
[1.938s] copying imu/__init__.py -> /ws/src/build/imu/build/lib/imu
[1.938s] running install
[1.939s] running install_lib
[1.947s] creating /ws/src/install/imu/lib/python3.8/site-packages/imu
[1.947s] copying /ws/src/build/imu/build/lib/imu/imu_ros2.py -> /ws/src/install/imu/lib/python3.8/site-packages/imu
[1.947s] copying /ws/src/build/imu/build/lib/imu/__init__.py -> /ws/src/install/imu/lib/python3.8/site-packages/imu
[1.947s] byte-compiling /ws/src/install/imu/lib/python3.8/site-packages/imu/imu_ros2.py to imu_ros2.cpython-38.pyc
[1.949s] byte-compiling /ws/src/install/imu/lib/python3.8/site-packages/imu/__init__.py to __init__.cpython-38.pyc
[1.950s] running install_data
[1.951s] creating /ws/src/install/imu/share/ament_index
[1.951s] creating /ws/src/install/imu/share/ament_index/resource_index
[1.951s] creating /ws/src/install/imu/share/ament_index/resource_index/packages
[1.952s] copying resource/imu -> /ws/src/install/imu/share/ament_index/resource_index/packages
[1.952s] copying package.xml -> /ws/src/install/imu/share/imu
[1.952s] running install_egg_info
[1.952s] Copying ../build/imu/imu.egg-info to /ws/src/install/imu/lib/python3.8/site-packages/imu-0.0.0-py3.8.egg-info
[1.952s] running install_scripts
[1.976s] Installing imu script to /ws/src/install/imu/lib/imu
[1.976s] writing list of installed files to '/ws/src/build/imu/install.log'
[2.042s] Invoked command in '/ws/src/imu' returned '0': PYTHONPATH=/ws/src/install/imu/lib/python3.8/site-packages:${PYTHONPATH} /usr/bin/python3 setup.py egg_info --egg-base ../build/imu build --build-base /ws/src/build/imu/build install --prefix /ws/src/install/imu --record /ws/src/build/imu/install.log --single-version-externally-managed
