[0.101s] Invoking command in '/ws/src/build/velodyne_laserscan': CMAKE_PREFIX_PATH=/opt/ros/foxy /usr/bin/cmake /ws/src/velodyne/velodyne_laserscan -DCMAKE_INSTALL_PREFIX=/ws/src/install/velodyne_laserscan
[1.160s] -- The C compiler identification is GNU 9.4.0
[1.160s] -- The CXX compiler identification is GNU 9.4.0
[1.160s] -- Check for working C compiler: /usr/bin/cc
[1.161s] -- Check for working C compiler: /usr/bin/cc -- works
[1.161s] -- Detecting C compiler ABI info
[1.161s] -- Detecting C compiler ABI info - done
[1.161s] -- Detecting C compile features
[1.161s] -- Detecting C compile features - done
[1.161s] -- Check for working CXX compiler: /usr/bin/c++
[1.162s] -- Check for working CXX compiler: /usr/bin/c++ -- works
[1.162s] -- Detecting CXX compiler ABI info
[1.162s] -- Detecting CXX compiler ABI info - done
[1.162s] -- Detecting CXX compile features
[1.162s] -- Detecting CXX compile features - done
[1.162s] -- Found ament_cmake_ros: 0.9.2 (/opt/ros/foxy/share/ament_cmake_ros/cmake)
[1.162s] -- Found PythonInterp: /usr/bin/python3 (found suitable version "3.8.10", minimum required is "3") 
[1.162s] -- Using PYTHON_EXECUTABLE: /usr/bin/python3
[1.162s] -- Found rclcpp: 2.4.2 (/opt/ros/foxy/share/rclcpp/cmake)
[1.162s] -- Using all available rosidl_typesupport_c: rosidl_typesupport_fastrtps_c;rosidl_typesupport_introspection_c
[1.162s] -- Found rosidl_adapter: 1.3.0 (/opt/ros/foxy/share/rosidl_adapter/cmake)
[1.162s] -- Found OpenSSL: /usr/lib/x86_64-linux-gnu/libcrypto.so (found version "1.1.1f")  
[1.162s] -- Found FastRTPS: /opt/ros/foxy/include  
[1.162s] -- Using all available rosidl_typesupport_cpp: rosidl_typesupport_fastrtps_cpp;rosidl_typesupport_introspection_cpp
[1.162s] -- Found rmw_implementation_cmake: 1.0.3 (/opt/ros/foxy/share/rmw_implementation_cmake/cmake)
[1.162s] -- Using RMW implementation 'rmw_fastrtps_cpp' as default
[1.163s] -- Looking for pthread.h
[1.197s] -- Looking for pthread.h - found
[1.197s] -- Performing Test CMAKE_HAVE_LIBC_PTHREAD
[1.287s] -- Performing Test CMAKE_HAVE_LIBC_PTHREAD - Failed
[1.287s] -- Looking for pthread_create in pthreads
[1.347s] -- Looking for pthread_create in pthreads - not found
[1.348s] -- Looking for pthread_create in pthread
[1.438s] -- Looking for pthread_create in pthread - found
[1.440s] -- Found Threads: TRUE  
[1.621s] -- Found rclcpp_components: 2.4.2 (/opt/ros/foxy/share/rclcpp_components/cmake)
[1.711s] -- Found sensor_msgs: 2.0.5 (/opt/ros/foxy/share/sensor_msgs/cmake)
[1.891s] -- Found ament_lint_auto: 0.9.7 (/opt/ros/foxy/share/ament_lint_auto/cmake)
[2.008s] -- Added test 'copyright' to check source files copyright and LICENSE
[2.010s] -- Added test 'cppcheck' to perform static code analysis on C / C++ code
[2.010s] -- Configured cppcheck include dirs: /ws/src/velodyne/velodyne_laserscan/include
[2.010s] -- Configured cppcheck exclude dirs and/or files: 
[2.010s] -- Added test 'cpplint' to check C / C++ code against the Google style
[2.010s] -- Configured cpplint exclude dirs and/or files: 
[2.011s] -- Added test 'flake8' to check Python code syntax and style conventions
[2.012s] -- Added test 'lint_cmake' to check CMake code style
[2.013s] -- Added test 'pep257' to check Python code against some of the style conventions in PEP 257
[2.014s] -- Added test 'uncrustify' to check C / C++ code style
[2.015s] -- Configured uncrustify additional arguments: 
[2.015s] -- Added test 'xmllint' to check XML markup files
[2.021s] -- Configuring done
[2.037s] -- Generating done
[2.041s] -- Build files have been written to: /ws/src/build/velodyne_laserscan
[2.054s] Invoked command in '/ws/src/build/velodyne_laserscan' returned '0': CMAKE_PREFIX_PATH=/opt/ros/foxy /usr/bin/cmake /ws/src/velodyne/velodyne_laserscan -DCMAKE_INSTALL_PREFIX=/ws/src/install/velodyne_laserscan
[2.058s] Invoking command in '/ws/src/build/velodyne_laserscan': CMAKE_PREFIX_PATH=/opt/ros/foxy /usr/bin/cmake --build /ws/src/build/velodyne_laserscan -- -j16 -l16
[2.105s] [35m[1mScanning dependencies of target velodyne_laserscan[0m
[2.143s] [ 25%] [32mBuilding CXX object CMakeFiles/velodyne_laserscan.dir/src/velodyne_laserscan.cpp.o[0m
[7.590s] [ 50%] [32m[1mLinking CXX shared library libvelodyne_laserscan.so[0m
[7.956s] [ 50%] Built target velodyne_laserscan
[7.966s] [35m[1mScanning dependencies of target velodyne_laserscan_node[0m
[8.004s] [ 75%] [32mBuilding CXX object CMakeFiles/velodyne_laserscan_node.dir/src/node.cpp.o[0m
[9.729s] [100%] [32m[1mLinking CXX executable velodyne_laserscan_node[0m
[9.971s] [100%] Built target velodyne_laserscan_node
[9.984s] Invoked command in '/ws/src/build/velodyne_laserscan' returned '0': CMAKE_PREFIX_PATH=/opt/ros/foxy /usr/bin/cmake --build /ws/src/build/velodyne_laserscan -- -j16 -l16
[10.014s] Invoking command in '/ws/src/build/velodyne_laserscan': CMAKE_PREFIX_PATH=/opt/ros/foxy /usr/bin/cmake --install /ws/src/build/velodyne_laserscan
[10.023s] -- Install configuration: ""
[10.023s] -- Installing: /ws/src/install/velodyne_laserscan/lib/libvelodyne_laserscan.so
[10.026s] -- Set runtime path of "/ws/src/install/velodyne_laserscan/lib/libvelodyne_laserscan.so" to ""
[10.026s] -- Installing: /ws/src/install/velodyne_laserscan/lib/velodyne_laserscan/velodyne_laserscan_node
[10.027s] -- Set runtime path of "/ws/src/install/velodyne_laserscan/lib/velodyne_laserscan/velodyne_laserscan_node" to ""
[10.027s] -- Installing: /ws/src/install/velodyne_laserscan/include/velodyne_laserscan
[10.027s] -- Installing: /ws/src/install/velodyne_laserscan/include/velodyne_laserscan/velodyne_laserscan.hpp
[10.027s] -- Installing: /ws/src/install/velodyne_laserscan/share/velodyne_laserscan/config
[10.027s] -- Installing: /ws/src/install/velodyne_laserscan/share/velodyne_laserscan/config/default-velodyne_laserscan_node-params.yaml
[10.028s] -- Installing: /ws/src/install/velodyne_laserscan/share/velodyne_laserscan/launch
[10.028s] -- Installing: /ws/src/install/velodyne_laserscan/share/velodyne_laserscan/launch/velodyne_laserscan_node-composed-launch.py
[10.028s] -- Installing: /ws/src/install/velodyne_laserscan/share/velodyne_laserscan/launch/velodyne_laserscan_node-launch.py
[10.028s] -- Installing: /ws/src/install/velodyne_laserscan/share/ament_index/resource_index/package_run_dependencies/velodyne_laserscan
[10.028s] -- Installing: /ws/src/install/velodyne_laserscan/share/ament_index/resource_index/parent_prefix_path/velodyne_laserscan
[10.029s] -- Installing: /ws/src/install/velodyne_laserscan/share/velodyne_laserscan/environment/ament_prefix_path.sh
[10.029s] -- Installing: /ws/src/install/velodyne_laserscan/share/velodyne_laserscan/environment/ament_prefix_path.dsv
[10.029s] -- Installing: /ws/src/install/velodyne_laserscan/share/velodyne_laserscan/environment/path.sh
[10.029s] -- Installing: /ws/src/install/velodyne_laserscan/share/velodyne_laserscan/environment/path.dsv
[10.029s] -- Installing: /ws/src/install/velodyne_laserscan/share/velodyne_laserscan/local_setup.bash
[10.029s] -- Installing: /ws/src/install/velodyne_laserscan/share/velodyne_laserscan/local_setup.sh
[10.030s] -- Installing: /ws/src/install/velodyne_laserscan/share/velodyne_laserscan/local_setup.zsh
[10.030s] -- Installing: /ws/src/install/velodyne_laserscan/share/velodyne_laserscan/local_setup.dsv
[10.030s] -- Installing: /ws/src/install/velodyne_laserscan/share/velodyne_laserscan/package.dsv
[10.030s] -- Installing: /ws/src/install/velodyne_laserscan/share/ament_index/resource_index/packages/velodyne_laserscan
[10.030s] -- Installing: /ws/src/install/velodyne_laserscan/share/ament_index/resource_index/rclcpp_components/velodyne_laserscan
[10.031s] -- Installing: /ws/src/install/velodyne_laserscan/share/velodyne_laserscan/cmake/velodyne_laserscanConfig.cmake
[10.031s] -- Installing: /ws/src/install/velodyne_laserscan/share/velodyne_laserscan/cmake/velodyne_laserscanConfig-version.cmake
[10.031s] -- Installing: /ws/src/install/velodyne_laserscan/share/velodyne_laserscan/package.xml
[10.038s] Invoked command in '/ws/src/build/velodyne_laserscan' returned '0': CMAKE_PREFIX_PATH=/opt/ros/foxy /usr/bin/cmake --install /ws/src/build/velodyne_laserscan
