-- The C compiler identification is GNU 9.4.0
-- The CXX compiler identification is GNU 9.4.0
-- Check for working C compiler: /usr/bin/cc
-- Check for working C compiler: /usr/bin/cc -- works
-- Detecting C compiler ABI info
-- Detecting C compiler ABI info - done
-- Detecting C compile features
-- Detecting C compile features - done
-- Check for working CXX compiler: /usr/bin/c++
-- Check for working CXX compiler: /usr/bin/c++ -- works
-- Detecting CXX compiler ABI info
-- Detecting CXX compiler ABI info - done
-- Detecting CXX compile features
-- Detecting CXX compile features - done
-- Found ament_cmake: 0.9.11 (/opt/ros/foxy/share/ament_cmake/cmake)
-- Found PythonInterp: /usr/bin/python3 (found suitable version "3.8.10", minimum required is "3") 
-- Using PYTHON_EXECUTABLE: /usr/bin/python3
-- Found rclcpp: 2.4.2 (/opt/ros/foxy/share/rclcpp/cmake)
-- Using all available rosidl_typesupport_c: rosidl_typesupport_fastrtps_c;rosidl_typesupport_introspection_c
-- Found rosidl_adapter: 1.3.0 (/opt/ros/foxy/share/rosidl_adapter/cmake)
-- Found OpenSSL: /usr/lib/x86_64-linux-gnu/libcrypto.so (found version "1.1.1f")  
-- Found FastRTPS: /opt/ros/foxy/include  
-- Using all available rosidl_typesupport_cpp: rosidl_typesupport_fastrtps_cpp;rosidl_typesupport_introspection_cpp
-- Found rmw_implementation_cmake: 1.0.3 (/opt/ros/foxy/share/rmw_implementation_cmake/cmake)
-- Using RMW implementation 'rmw_fastrtps_cpp' as default
-- Looking for pthread.h
-- Looking for pthread.h - found
-- Performing Test CMAKE_HAVE_LIBC_PTHREAD
-- Performing Test CMAKE_HAVE_LIBC_PTHREAD - Failed
-- Looking for pthread_create in pthreads
-- Looking for pthread_create in pthreads - not found
-- Looking for pthread_create in pthread
-- Looking for pthread_create in pthread - found
-- Found Threads: TRUE  
-- Found rosidl_default_generators: 1.0.1 (/opt/ros/foxy/share/rosidl_default_generators/cmake)
-- Found sensor_msgs: 2.0.5 (/opt/ros/foxy/share/sensor_msgs/cmake)
-- Found PythonInterp: /usr/bin/python3 (found version "3.8.10") 
-- Found ament_cmake_ros: 0.9.2 (/opt/ros/foxy/share/ament_cmake_ros/cmake)
-- Using all available rosidl_typesupport_c: rosidl_typesupport_fastrtps_c;rosidl_typesupport_introspection_c
-- Using all available rosidl_typesupport_cpp: rosidl_typesupport_fastrtps_cpp;rosidl_typesupport_introspection_cpp
-- Found PythonInterp: /usr/bin/python3 (found suitable version "3.8.10", minimum required is "3.5") 
-- Found python_cmake_module: 0.8.1 (/opt/ros/foxy/share/python_cmake_module/cmake)
-- Found PythonLibs: /usr/lib/x86_64-linux-gnu/libpython3.8.so (found suitable version "3.8.10", minimum required is "3.5") 
-- Using PYTHON_EXECUTABLE: /usr/bin/python3
-- Using PYTHON_INCLUDE_DIRS: /usr/include/python3.8
-- Using PYTHON_LIBRARIES: /usr/lib/x86_64-linux-gnu/libpython3.8.so
-- Found PythonExtra: .so  
-- Found ament_lint_auto: 0.9.7 (/opt/ros/foxy/share/ament_lint_auto/cmake)
-- Added test 'copyright' to check source files copyright and LICENSE
-- Added test 'cppcheck' to perform static code analysis on C / C++ code
-- Configured cppcheck include dirs: $<BUILD_INTERFACE:/ws/src/ros2GPSx/gpsx/include>
-- Configured cppcheck exclude dirs and/or files: 
-- Added test 'cpplint' to check C / C++ code against the Google style
-- Configured cpplint exclude dirs and/or files: 
-- Added test 'lint_cmake' to check CMake code style
-- Added test 'uncrustify' to check C / C++ code style
-- Configured uncrustify additional arguments: 
-- Added test 'xmllint' to check XML markup files
-- Configuring done
-- Generating done
-- Build files have been written to: /ws/src/build/gpsx
[35m[1mScanning dependencies of target gpsx__cpp[0m
[  2%] [34m[1mGenerating C code for ROS interfaces[0m
[  4%] [34m[1mGenerating C++ code for ROS interfaces[0m
[  4%] Built target gpsx__cpp
[  9%] [34m[1mGenerating C++ type support dispatch for ROS interfaces[0m
[  9%] [34m[1mGenerating C++ type support for eProsima Fast-RTPS[0m
[ 12%] [34m[1mGenerating C++ introspection for ROS interfaces[0m
[35m[1mScanning dependencies of target gpsx__rosidl_generator_c[0m
[ 14%] [32mBuilding C object CMakeFiles/gpsx__rosidl_generator_c.dir/rosidl_generator_c/gpsx/msg/detail/gpsx__functions.c.o[0m
[ 17%] [32mBuilding C object CMakeFiles/gpsx__rosidl_generator_c.dir/rosidl_generator_c/gpsx/srv/detail/get_sat_list__functions.c.o[0m
[ 19%] [32m[1mLinking C shared library libgpsx__rosidl_generator_c.so[0m
[ 19%] Built target gpsx__rosidl_generator_c
[ 21%] [34m[1mGenerating C type support dispatch for ROS interfaces[0m
[ 24%] [34m[1mGenerating C introspection for ROS interfaces[0m
[35m[1mScanning dependencies of target gpsx__rosidl_typesupport_cpp[0m
[ 26%] [32mBuilding CXX object CMakeFiles/gpsx__rosidl_typesupport_cpp.dir/rosidl_typesupport_cpp/gpsx/srv/get_sat_list__type_support.cpp.o[0m
[ 29%] [32mBuilding CXX object CMakeFiles/gpsx__rosidl_typesupport_cpp.dir/rosidl_typesupport_cpp/gpsx/msg/gpsx__type_support.cpp.o[0m
[35m[1mScanning dependencies of target gpsx__rosidl_typesupport_fastrtps_cpp[0m
[35m[1mScanning dependencies of target gpsx__rosidl_typesupport_introspection_cpp[0m
[ 31%] [32mBuilding CXX object CMakeFiles/gpsx__rosidl_typesupport_fastrtps_cpp.dir/rosidl_typesupport_fastrtps_cpp/gpsx/srv/detail/dds_fastrtps/get_sat_list__type_support.cpp.o[0m
[ 34%] [32mBuilding CXX object CMakeFiles/gpsx__rosidl_typesupport_fastrtps_cpp.dir/rosidl_typesupport_fastrtps_cpp/gpsx/msg/detail/dds_fastrtps/gpsx__type_support.cpp.o[0m
[ 36%] [32mBuilding CXX object CMakeFiles/gpsx__rosidl_typesupport_introspection_cpp.dir/rosidl_typesupport_introspection_cpp/gpsx/srv/detail/get_sat_list__type_support.cpp.o[0m
[ 39%] [32mBuilding CXX object CMakeFiles/gpsx__rosidl_typesupport_introspection_cpp.dir/rosidl_typesupport_introspection_cpp/gpsx/msg/detail/gpsx__type_support.cpp.o[0m
[ 41%] [32m[1mLinking CXX shared library libgpsx__rosidl_typesupport_cpp.so[0m
[35m[1mScanning dependencies of target gpsx__rosidl_typesupport_c[0m
[35m[1mScanning dependencies of target gpsx__rosidl_typesupport_introspection_c[0m
[ 46%] [32mBuilding CXX object CMakeFiles/gpsx__rosidl_typesupport_c.dir/rosidl_typesupport_c/gpsx/msg/gpsx__type_support.cpp.o[0m
[ 48%] [32mBuilding C object CMakeFiles/gpsx__rosidl_typesupport_introspection_c.dir/rosidl_typesupport_introspection_c/gpsx/msg/detail/gpsx__type_support.c.o[0m
[ 48%] [32mBuilding CXX object CMakeFiles/gpsx__rosidl_typesupport_c.dir/rosidl_typesupport_c/gpsx/srv/get_sat_list__type_support.cpp.o[0m
[ 51%] [32mBuilding C object CMakeFiles/gpsx__rosidl_typesupport_introspection_c.dir/rosidl_typesupport_introspection_c/gpsx/srv/detail/get_sat_list__type_support.c.o[0m
[ 51%] Built target gpsx__rosidl_typesupport_cpp
[ 53%] [32m[1mLinking CXX shared library libgpsx__rosidl_typesupport_c.so[0m
[ 56%] [32m[1mLinking C shared library libgpsx__rosidl_typesupport_introspection_c.so[0m
[ 56%] Built target gpsx__rosidl_typesupport_introspection_c
[ 56%] Built target gpsx__rosidl_typesupport_c
[ 58%] [32m[1mLinking CXX shared library libgpsx__rosidl_typesupport_introspection_cpp.so[0m
[ 60%] [32m[1mLinking CXX shared library libgpsx__rosidl_typesupport_fastrtps_cpp.so[0m
[ 60%] Built target gpsx__rosidl_typesupport_introspection_cpp
[ 60%] Built target gpsx__rosidl_typesupport_fastrtps_cpp
[ 63%] [34m[1mGenerating C type support for eProsima Fast-RTPS[0m
[35m[1mScanning dependencies of target gpsx__rosidl_typesupport_fastrtps_c[0m
[ 65%] [32mBuilding CXX object CMakeFiles/gpsx__rosidl_typesupport_fastrtps_c.dir/rosidl_typesupport_fastrtps_c/gpsx/msg/detail/gpsx__type_support_c.cpp.o[0m
[ 68%] [32mBuilding CXX object CMakeFiles/gpsx__rosidl_typesupport_fastrtps_c.dir/rosidl_typesupport_fastrtps_c/gpsx/srv/detail/get_sat_list__type_support_c.cpp.o[0m
[ 70%] [32m[1mLinking CXX shared library libgpsx__rosidl_typesupport_fastrtps_c.so[0m
[ 70%] Built target gpsx__rosidl_typesupport_fastrtps_c
[35m[1mScanning dependencies of target gpsx[0m
[ 70%] Built target gpsx
[35m[1mScanning dependencies of target gpsx__py[0m
[35m[1mScanning dependencies of target gps_node[0m
[ 73%] [34m[1mGenerating Python code for ROS interfaces[0m
[ 75%] [32mBuilding CXX object CMakeFiles/gps_node.dir/src/gps_node.cpp.o[0m
[ 75%] Built target gpsx__py
[35m[1mScanning dependencies of target gpsx__python[0m
[ 78%] [32mBuilding C object CMakeFiles/gpsx__python.dir/rosidl_generator_py/gpsx/srv/_get_sat_list_s.c.o[0m
[ 80%] [32mBuilding C object CMakeFiles/gpsx__python.dir/rosidl_generator_py/gpsx/msg/_gpsx_s.c.o[0m
[ 82%] [32m[1mLinking C shared library rosidl_generator_py/gpsx/libgpsx__python.so[0m
[ 82%] Built target gpsx__python
[35m[1mScanning dependencies of target gpsx__rosidl_typesupport_c__pyext[0m
[35m[1mScanning dependencies of target gpsx__rosidl_typesupport_introspection_c__pyext[0m
[35m[1mScanning dependencies of target gpsx__rosidl_typesupport_fastrtps_c__pyext[0m
[ 87%] [32mBuilding C object CMakeFiles/gpsx__rosidl_typesupport_introspection_c__pyext.dir/rosidl_generator_py/gpsx/_gpsx_s.ep.rosidl_typesupport_introspection_c.c.o[0m
[ 87%] [32mBuilding C object CMakeFiles/gpsx__rosidl_typesupport_c__pyext.dir/rosidl_generator_py/gpsx/_gpsx_s.ep.rosidl_typesupport_c.c.o[0m
[ 90%] [32mBuilding C object CMakeFiles/gpsx__rosidl_typesupport_fastrtps_c__pyext.dir/rosidl_generator_py/gpsx/_gpsx_s.ep.rosidl_typesupport_fastrtps_c.c.o[0m
[ 92%] [32m[1mLinking C shared library rosidl_generator_py/gpsx/gpsx_s__rosidl_typesupport_introspection_c.cpython-38-x86_64-linux-gnu.so[0m
[ 97%] [32m[1mLinking C shared library rosidl_generator_py/gpsx/gpsx_s__rosidl_typesupport_c.cpython-38-x86_64-linux-gnu.so[0m
[ 97%] [32m[1mLinking CXX shared library rosidl_generator_py/gpsx/gpsx_s__rosidl_typesupport_fastrtps_c.cpython-38-x86_64-linux-gnu.so[0m
[ 97%] Built target gpsx__rosidl_typesupport_c__pyext
[ 97%] Built target gpsx__rosidl_typesupport_introspection_c__pyext
[ 97%] Built target gpsx__rosidl_typesupport_fastrtps_c__pyext
[100%] [32m[1mLinking CXX executable gps_node[0m
[100%] Built target gps_node
-- Install configuration: ""
-- Installing: /ws/src/install/gpsx/share/ament_index/resource_index/rosidl_interfaces/gpsx
-- Installing: /ws/src/install/gpsx/include/gpsx
-- Installing: /ws/src/install/gpsx/include/gpsx/srv
-- Installing: /ws/src/install/gpsx/include/gpsx/srv/get_sat_list.h
-- Installing: /ws/src/install/gpsx/include/gpsx/srv/detail
-- Installing: /ws/src/install/gpsx/include/gpsx/srv/detail/get_sat_list__functions.h
-- Installing: /ws/src/install/gpsx/include/gpsx/srv/detail/get_sat_list__struct.h
-- Installing: /ws/src/install/gpsx/include/gpsx/srv/detail/get_sat_list__type_support.h
-- Installing: /ws/src/install/gpsx/include/gpsx/srv/detail/get_sat_list__functions.c
-- Installing: /ws/src/install/gpsx/include/gpsx/msg
-- Installing: /ws/src/install/gpsx/include/gpsx/msg/rosidl_generator_c__visibility_control.h
-- Installing: /ws/src/install/gpsx/include/gpsx/msg/gpsx.h
-- Installing: /ws/src/install/gpsx/include/gpsx/msg/detail
-- Installing: /ws/src/install/gpsx/include/gpsx/msg/detail/gpsx__struct.h
-- Installing: /ws/src/install/gpsx/include/gpsx/msg/detail/gpsx__functions.c
-- Installing: /ws/src/install/gpsx/include/gpsx/msg/detail/gpsx__type_support.h
-- Installing: /ws/src/install/gpsx/include/gpsx/msg/detail/gpsx__functions.h
-- Installing: /ws/src/install/gpsx/share/gpsx/environment/library_path.sh
-- Installing: /ws/src/install/gpsx/share/gpsx/environment/library_path.dsv
-- Installing: /ws/src/install/gpsx/lib/libgpsx__rosidl_generator_c.so
-- Set runtime path of "/ws/src/install/gpsx/lib/libgpsx__rosidl_generator_c.so" to ""
-- Up-to-date: /ws/src/install/gpsx/include/gpsx
-- Up-to-date: /ws/src/install/gpsx/include/gpsx/srv
-- Up-to-date: /ws/src/install/gpsx/include/gpsx/srv/detail
-- Installing: /ws/src/install/gpsx/include/gpsx/srv/detail/get_sat_list__rosidl_typesupport_fastrtps_c.h
-- Up-to-date: /ws/src/install/gpsx/include/gpsx/msg
-- Installing: /ws/src/install/gpsx/include/gpsx/msg/rosidl_typesupport_fastrtps_c__visibility_control.h
-- Up-to-date: /ws/src/install/gpsx/include/gpsx/msg/detail
-- Installing: /ws/src/install/gpsx/include/gpsx/msg/detail/gpsx__rosidl_typesupport_fastrtps_c.h
-- Installing: /ws/src/install/gpsx/lib/libgpsx__rosidl_typesupport_fastrtps_c.so
-- Set runtime path of "/ws/src/install/gpsx/lib/libgpsx__rosidl_typesupport_fastrtps_c.so" to ""
-- Up-to-date: /ws/src/install/gpsx/include/gpsx
-- Up-to-date: /ws/src/install/gpsx/include/gpsx/srv
-- Up-to-date: /ws/src/install/gpsx/include/gpsx/srv/detail
-- Installing: /ws/src/install/gpsx/include/gpsx/srv/detail/dds_fastrtps
-- Installing: /ws/src/install/gpsx/include/gpsx/srv/detail/get_sat_list__rosidl_typesupport_fastrtps_cpp.hpp
-- Up-to-date: /ws/src/install/gpsx/include/gpsx/msg
-- Installing: /ws/src/install/gpsx/include/gpsx/msg/rosidl_typesupport_fastrtps_cpp__visibility_control.h
-- Up-to-date: /ws/src/install/gpsx/include/gpsx/msg/detail
-- Installing: /ws/src/install/gpsx/include/gpsx/msg/detail/gpsx__rosidl_typesupport_fastrtps_cpp.hpp
-- Installing: /ws/src/install/gpsx/include/gpsx/msg/detail/dds_fastrtps
-- Installing: /ws/src/install/gpsx/lib/libgpsx__rosidl_typesupport_fastrtps_cpp.so
-- Set runtime path of "/ws/src/install/gpsx/lib/libgpsx__rosidl_typesupport_fastrtps_cpp.so" to ""
-- Up-to-date: /ws/src/install/gpsx/include/gpsx
-- Up-to-date: /ws/src/install/gpsx/include/gpsx/srv
-- Up-to-date: /ws/src/install/gpsx/include/gpsx/srv/detail
-- Installing: /ws/src/install/gpsx/include/gpsx/srv/detail/get_sat_list__type_support.c
-- Installing: /ws/src/install/gpsx/include/gpsx/srv/detail/get_sat_list__rosidl_typesupport_introspection_c.h
-- Up-to-date: /ws/src/install/gpsx/include/gpsx/msg
-- Installing: /ws/src/install/gpsx/include/gpsx/msg/rosidl_typesupport_introspection_c__visibility_control.h
-- Up-to-date: /ws/src/install/gpsx/include/gpsx/msg/detail
-- Installing: /ws/src/install/gpsx/include/gpsx/msg/detail/gpsx__rosidl_typesupport_introspection_c.h
-- Installing: /ws/src/install/gpsx/include/gpsx/msg/detail/gpsx__type_support.c
-- Installing: /ws/src/install/gpsx/lib/libgpsx__rosidl_typesupport_introspection_c.so
-- Set runtime path of "/ws/src/install/gpsx/lib/libgpsx__rosidl_typesupport_introspection_c.so" to ""
-- Installing: /ws/src/install/gpsx/lib/libgpsx__rosidl_typesupport_c.so
-- Set runtime path of "/ws/src/install/gpsx/lib/libgpsx__rosidl_typesupport_c.so" to ""
-- Up-to-date: /ws/src/install/gpsx/include/gpsx
-- Up-to-date: /ws/src/install/gpsx/include/gpsx/srv
-- Installing: /ws/src/install/gpsx/include/gpsx/srv/get_sat_list.hpp
-- Up-to-date: /ws/src/install/gpsx/include/gpsx/srv/detail
-- Installing: /ws/src/install/gpsx/include/gpsx/srv/detail/get_sat_list__struct.hpp
-- Installing: /ws/src/install/gpsx/include/gpsx/srv/detail/get_sat_list__traits.hpp
-- Installing: /ws/src/install/gpsx/include/gpsx/srv/detail/get_sat_list__builder.hpp
-- Up-to-date: /ws/src/install/gpsx/include/gpsx/msg
-- Installing: /ws/src/install/gpsx/include/gpsx/msg/gpsx.hpp
-- Up-to-date: /ws/src/install/gpsx/include/gpsx/msg/detail
-- Installing: /ws/src/install/gpsx/include/gpsx/msg/detail/gpsx__builder.hpp
-- Installing: /ws/src/install/gpsx/include/gpsx/msg/detail/gpsx__struct.hpp
-- Installing: /ws/src/install/gpsx/include/gpsx/msg/detail/gpsx__traits.hpp
-- Up-to-date: /ws/src/install/gpsx/include/gpsx
-- Up-to-date: /ws/src/install/gpsx/include/gpsx/srv
-- Up-to-date: /ws/src/install/gpsx/include/gpsx/srv/detail
-- Installing: /ws/src/install/gpsx/include/gpsx/srv/detail/get_sat_list__type_support.cpp
-- Installing: /ws/src/install/gpsx/include/gpsx/srv/detail/get_sat_list__rosidl_typesupport_introspection_cpp.hpp
-- Up-to-date: /ws/src/install/gpsx/include/gpsx/msg
-- Up-to-date: /ws/src/install/gpsx/include/gpsx/msg/detail
-- Installing: /ws/src/install/gpsx/include/gpsx/msg/detail/gpsx__type_support.cpp
-- Installing: /ws/src/install/gpsx/include/gpsx/msg/detail/gpsx__rosidl_typesupport_introspection_cpp.hpp
-- Installing: /ws/src/install/gpsx/lib/libgpsx__rosidl_typesupport_introspection_cpp.so
-- Set runtime path of "/ws/src/install/gpsx/lib/libgpsx__rosidl_typesupport_introspection_cpp.so" to ""
-- Installing: /ws/src/install/gpsx/lib/libgpsx__rosidl_typesupport_cpp.so
-- Set runtime path of "/ws/src/install/gpsx/lib/libgpsx__rosidl_typesupport_cpp.so" to ""
-- Installing: /ws/src/install/gpsx/share/gpsx/environment/pythonpath.sh
-- Installing: /ws/src/install/gpsx/share/gpsx/environment/pythonpath.dsv
-- Installing: /ws/src/install/gpsx/lib/python3.8/site-packages/gpsx/__init__.py
Compiling '/ws/src/install/gpsx/lib/python3.8/site-packages/gpsx/__init__.py'...
-- Installing: /ws/src/install/gpsx/lib/python3.8/site-packages/gpsx/msg
-- Installing: /ws/src/install/gpsx/lib/python3.8/site-packages/gpsx/msg/_gpsx.py
-- Installing: /ws/src/install/gpsx/lib/python3.8/site-packages/gpsx/msg/_gpsx_s.c
-- Installing: /ws/src/install/gpsx/lib/python3.8/site-packages/gpsx/msg/__init__.py
-- Installing: /ws/src/install/gpsx/lib/python3.8/site-packages/gpsx/srv
-- Installing: /ws/src/install/gpsx/lib/python3.8/site-packages/gpsx/srv/_get_sat_list.py
-- Installing: /ws/src/install/gpsx/lib/python3.8/site-packages/gpsx/srv/_get_sat_list_s.c
-- Installing: /ws/src/install/gpsx/lib/python3.8/site-packages/gpsx/srv/__init__.py
-- Installing: /ws/src/install/gpsx/lib/python3.8/site-packages/gpsx/gpsx_s__rosidl_typesupport_fastrtps_c.cpython-38-x86_64-linux-gnu.so
-- Set runtime path of "/ws/src/install/gpsx/lib/python3.8/site-packages/gpsx/gpsx_s__rosidl_typesupport_fastrtps_c.cpython-38-x86_64-linux-gnu.so" to ""
-- Installing: /ws/src/install/gpsx/lib/python3.8/site-packages/gpsx/gpsx_s__rosidl_typesupport_introspection_c.cpython-38-x86_64-linux-gnu.so
-- Set runtime path of "/ws/src/install/gpsx/lib/python3.8/site-packages/gpsx/gpsx_s__rosidl_typesupport_introspection_c.cpython-38-x86_64-linux-gnu.so" to ""
-- Installing: /ws/src/install/gpsx/lib/python3.8/site-packages/gpsx/gpsx_s__rosidl_typesupport_c.cpython-38-x86_64-linux-gnu.so
-- Set runtime path of "/ws/src/install/gpsx/lib/python3.8/site-packages/gpsx/gpsx_s__rosidl_typesupport_c.cpython-38-x86_64-linux-gnu.so" to ""
-- Installing: /ws/src/install/gpsx/lib/libgpsx__python.so
-- Set runtime path of "/ws/src/install/gpsx/lib/libgpsx__python.so" to ""
-- Installing: /ws/src/install/gpsx/share/gpsx/msg/Gpsx.idl
-- Installing: /ws/src/install/gpsx/share/gpsx/srv/GetSatList.idl
-- Installing: /ws/src/install/gpsx/share/gpsx/msg/Gpsx.msg
-- Installing: /ws/src/install/gpsx/share/gpsx/srv/GetSatList.srv
-- Installing: /ws/src/install/gpsx/share/gpsx/srv/GetSatList_Request.msg
-- Installing: /ws/src/install/gpsx/share/gpsx/srv/GetSatList_Response.msg
-- Installing: /ws/src/install/gpsx/lib/gpsx/gps_node
-- Set runtime path of "/ws/src/install/gpsx/lib/gpsx/gps_node" to ""
-- Installing: /ws/src/install/gpsx/share/ament_index/resource_index/package_run_dependencies/gpsx
-- Installing: /ws/src/install/gpsx/share/ament_index/resource_index/parent_prefix_path/gpsx
-- Installing: /ws/src/install/gpsx/share/gpsx/environment/ament_prefix_path.sh
-- Installing: /ws/src/install/gpsx/share/gpsx/environment/ament_prefix_path.dsv
-- Installing: /ws/src/install/gpsx/share/gpsx/environment/path.sh
-- Installing: /ws/src/install/gpsx/share/gpsx/environment/path.dsv
-- Installing: /ws/src/install/gpsx/share/gpsx/local_setup.bash
-- Installing: /ws/src/install/gpsx/share/gpsx/local_setup.sh
-- Installing: /ws/src/install/gpsx/share/gpsx/local_setup.zsh
-- Installing: /ws/src/install/gpsx/share/gpsx/local_setup.dsv
-- Installing: /ws/src/install/gpsx/share/gpsx/package.dsv
-- Installing: /ws/src/install/gpsx/share/ament_index/resource_index/packages/gpsx
-- Installing: /ws/src/install/gpsx/share/gpsx/cmake/gpsx__rosidl_generator_cExport.cmake
-- Installing: /ws/src/install/gpsx/share/gpsx/cmake/gpsx__rosidl_generator_cExport-noconfig.cmake
-- Installing: /ws/src/install/gpsx/share/gpsx/cmake/gpsx__rosidl_typesupport_introspection_cExport.cmake
-- Installing: /ws/src/install/gpsx/share/gpsx/cmake/gpsx__rosidl_typesupport_introspection_cExport-noconfig.cmake
-- Installing: /ws/src/install/gpsx/share/gpsx/cmake/gpsx__rosidl_typesupport_cExport.cmake
-- Installing: /ws/src/install/gpsx/share/gpsx/cmake/gpsx__rosidl_typesupport_cExport-noconfig.cmake
-- Installing: /ws/src/install/gpsx/share/gpsx/cmake/gpsx__rosidl_generator_cppExport.cmake
-- Installing: /ws/src/install/gpsx/share/gpsx/cmake/gpsx__rosidl_typesupport_introspection_cppExport.cmake
-- Installing: /ws/src/install/gpsx/share/gpsx/cmake/gpsx__rosidl_typesupport_introspection_cppExport-noconfig.cmake
-- Installing: /ws/src/install/gpsx/share/gpsx/cmake/gpsx__rosidl_typesupport_cppExport.cmake
-- Installing: /ws/src/install/gpsx/share/gpsx/cmake/gpsx__rosidl_typesupport_cppExport-noconfig.cmake
-- Installing: /ws/src/install/gpsx/share/gpsx/cmake/rosidl_cmake-extras.cmake
-- Installing: /ws/src/install/gpsx/share/gpsx/cmake/ament_cmake_export_dependencies-extras.cmake
-- Installing: /ws/src/install/gpsx/share/gpsx/cmake/ament_cmake_export_libraries-extras.cmake
-- Installing: /ws/src/install/gpsx/share/gpsx/cmake/ament_cmake_export_targets-extras.cmake
-- Installing: /ws/src/install/gpsx/share/gpsx/cmake/ament_cmake_export_include_directories-extras.cmake
-- Installing: /ws/src/install/gpsx/share/gpsx/cmake/rosidl_cmake_export_typesupport_libraries-extras.cmake
-- Installing: /ws/src/install/gpsx/share/gpsx/cmake/rosidl_cmake_export_typesupport_targets-extras.cmake
-- Installing: /ws/src/install/gpsx/share/gpsx/cmake/gpsxConfig.cmake
-- Installing: /ws/src/install/gpsx/share/gpsx/cmake/gpsxConfig-version.cmake
-- Installing: /ws/src/install/gpsx/share/gpsx/package.xml
