[0.096s] Invoking command in '/ws/src/build/gpsx': CMAKE_PREFIX_PATH=/opt/ros/foxy /usr/bin/cmake /ws/src/ros2GPSx/gpsx -DCMAKE_INSTALL_PREFIX=/ws/src/install/gpsx
[1.155s] -- The C compiler identification is GNU 9.4.0
[1.155s] -- The CXX compiler identification is GNU 9.4.0
[1.155s] -- Check for working C compiler: /usr/bin/cc
[1.155s] -- Check for working C compiler: /usr/bin/cc -- works
[1.155s] -- Detecting C compiler ABI info
[1.155s] -- Detecting C compiler ABI info - done
[1.155s] -- Detecting C compile features
[1.156s] -- Detecting C compile features - done
[1.156s] -- Check for working CXX compiler: /usr/bin/c++
[1.157s] -- Check for working CXX compiler: /usr/bin/c++ -- works
[1.157s] -- Detecting CXX compiler ABI info
[1.157s] -- Detecting CXX compiler ABI info - done
[1.157s] -- Detecting CXX compile features
[1.157s] -- Detecting CXX compile features - done
[1.157s] -- Found ament_cmake: 0.9.11 (/opt/ros/foxy/share/ament_cmake/cmake)
[1.157s] -- Found PythonInterp: /usr/bin/python3 (found suitable version "3.8.10", minimum required is "3") 
[1.159s] -- Using PYTHON_EXECUTABLE: /usr/bin/python3
[1.159s] -- Found rclcpp: 2.4.2 (/opt/ros/foxy/share/rclcpp/cmake)
[1.159s] -- Using all available rosidl_typesupport_c: rosidl_typesupport_fastrtps_c;rosidl_typesupport_introspection_c
[1.159s] -- Found rosidl_adapter: 1.3.0 (/opt/ros/foxy/share/rosidl_adapter/cmake)
[1.159s] -- Found OpenSSL: /usr/lib/x86_64-linux-gnu/libcrypto.so (found version "1.1.1f")  
[1.160s] -- Found FastRTPS: /opt/ros/foxy/include  
[1.160s] -- Using all available rosidl_typesupport_cpp: rosidl_typesupport_fastrtps_cpp;rosidl_typesupport_introspection_cpp
[1.160s] -- Found rmw_implementation_cmake: 1.0.3 (/opt/ros/foxy/share/rmw_implementation_cmake/cmake)
[1.160s] -- Using RMW implementation 'rmw_fastrtps_cpp' as default
[1.160s] -- Looking for pthread.h
[1.163s] -- Looking for pthread.h - found
[1.164s] -- Performing Test CMAKE_HAVE_LIBC_PTHREAD
[1.264s] -- Performing Test CMAKE_HAVE_LIBC_PTHREAD - Failed
[1.264s] -- Looking for pthread_create in pthreads
[1.327s] -- Looking for pthread_create in pthreads - not found
[1.327s] -- Looking for pthread_create in pthread
[1.405s] -- Looking for pthread_create in pthread - found
[1.406s] -- Found Threads: TRUE  
[1.629s] -- Found rosidl_default_generators: 1.0.1 (/opt/ros/foxy/share/rosidl_default_generators/cmake)
[1.649s] -- Found sensor_msgs: 2.0.5 (/opt/ros/foxy/share/sensor_msgs/cmake)
[1.835s] -- Found PythonInterp: /usr/bin/python3 (found version "3.8.10") 
[2.010s] -- Found ament_cmake_ros: 0.9.2 (/opt/ros/foxy/share/ament_cmake_ros/cmake)
[2.131s] -- Using all available rosidl_typesupport_c: rosidl_typesupport_fastrtps_c;rosidl_typesupport_introspection_c
[2.137s] -- Using all available rosidl_typesupport_cpp: rosidl_typesupport_fastrtps_cpp;rosidl_typesupport_introspection_cpp
[2.159s] -- Found PythonInterp: /usr/bin/python3 (found suitable version "3.8.10", minimum required is "3.5") 
[2.163s] -- Found python_cmake_module: 0.8.1 (/opt/ros/foxy/share/python_cmake_module/cmake)
[2.184s] -- Found PythonLibs: /usr/lib/x86_64-linux-gnu/libpython3.8.so (found suitable version "3.8.10", minimum required is "3.5") 
[2.184s] -- Using PYTHON_EXECUTABLE: /usr/bin/python3
[2.184s] -- Using PYTHON_INCLUDE_DIRS: /usr/include/python3.8
[2.184s] -- Using PYTHON_LIBRARIES: /usr/lib/x86_64-linux-gnu/libpython3.8.so
[2.210s] -- Found PythonExtra: .so  
[2.263s] -- Found ament_lint_auto: 0.9.7 (/opt/ros/foxy/share/ament_lint_auto/cmake)
[2.284s] -- Added test 'copyright' to check source files copyright and LICENSE
[2.285s] -- Added test 'cppcheck' to perform static code analysis on C / C++ code
[2.286s] -- Configured cppcheck include dirs: $<BUILD_INTERFACE:/ws/src/ros2GPSx/gpsx/include>
[2.286s] -- Configured cppcheck exclude dirs and/or files: 
[2.287s] -- Added test 'cpplint' to check C / C++ code against the Google style
[2.288s] -- Configured cpplint exclude dirs and/or files: 
[2.288s] -- Added test 'lint_cmake' to check CMake code style
[2.289s] -- Added test 'uncrustify' to check C / C++ code style
[2.289s] -- Configured uncrustify additional arguments: 
[2.290s] -- Added test 'xmllint' to check XML markup files
[2.295s] -- Configuring done
[2.335s] -- Generating done
[2.338s] -- Build files have been written to: /ws/src/build/gpsx
[2.350s] Invoked command in '/ws/src/build/gpsx' returned '0': CMAKE_PREFIX_PATH=/opt/ros/foxy /usr/bin/cmake /ws/src/ros2GPSx/gpsx -DCMAKE_INSTALL_PREFIX=/ws/src/install/gpsx
[2.353s] Invoking command in '/ws/src/build/gpsx': CMAKE_PREFIX_PATH=/opt/ros/foxy /usr/bin/cmake --build /ws/src/build/gpsx -- -j16 -l16
[2.395s] [35m[1mScanning dependencies of target gpsx__cpp[0m
[2.400s] [  2%] [34m[1mGenerating C code for ROS interfaces[0m
[2.408s] [  4%] [34m[1mGenerating C++ code for ROS interfaces[0m
[2.720s] [  4%] Built target gpsx__cpp
[2.734s] [  9%] [34m[1mGenerating C++ type support dispatch for ROS interfaces[0m
[2.734s] [  9%] [34m[1mGenerating C++ type support for eProsima Fast-RTPS[0m
[2.735s] [ 12%] [34m[1mGenerating C++ introspection for ROS interfaces[0m
[2.847s] [35m[1mScanning dependencies of target gpsx__rosidl_generator_c[0m
[2.864s] [ 14%] [32mBuilding C object CMakeFiles/gpsx__rosidl_generator_c.dir/rosidl_generator_c/gpsx/msg/detail/gpsx__functions.c.o[0m
[2.870s] [ 17%] [32mBuilding C object CMakeFiles/gpsx__rosidl_generator_c.dir/rosidl_generator_c/gpsx/srv/detail/get_sat_list__functions.c.o[0m
[2.954s] [ 19%] [32m[1mLinking C shared library libgpsx__rosidl_generator_c.so[0m
[3.011s] [ 19%] Built target gpsx__rosidl_generator_c
[3.022s] [ 21%] [34m[1mGenerating C type support dispatch for ROS interfaces[0m
[3.022s] [ 24%] [34m[1mGenerating C introspection for ROS interfaces[0m
[3.071s] [35m[1mScanning dependencies of target gpsx__rosidl_typesupport_cpp[0m
[3.087s] [ 26%] [32mBuilding CXX object CMakeFiles/gpsx__rosidl_typesupport_cpp.dir/rosidl_typesupport_cpp/gpsx/srv/get_sat_list__type_support.cpp.o[0m
[3.088s] [ 29%] [32mBuilding CXX object CMakeFiles/gpsx__rosidl_typesupport_cpp.dir/rosidl_typesupport_cpp/gpsx/msg/gpsx__type_support.cpp.o[0m
[3.093s] [35m[1mScanning dependencies of target gpsx__rosidl_typesupport_fastrtps_cpp[0m
[3.112s] [35m[1mScanning dependencies of target gpsx__rosidl_typesupport_introspection_cpp[0m
[3.116s] [ 31%] [32mBuilding CXX object CMakeFiles/gpsx__rosidl_typesupport_fastrtps_cpp.dir/rosidl_typesupport_fastrtps_cpp/gpsx/srv/detail/dds_fastrtps/get_sat_list__type_support.cpp.o[0m
[3.119s] [ 34%] [32mBuilding CXX object CMakeFiles/gpsx__rosidl_typesupport_fastrtps_cpp.dir/rosidl_typesupport_fastrtps_cpp/gpsx/msg/detail/dds_fastrtps/gpsx__type_support.cpp.o[0m
[3.125s] [ 36%] [32mBuilding CXX object CMakeFiles/gpsx__rosidl_typesupport_introspection_cpp.dir/rosidl_typesupport_introspection_cpp/gpsx/srv/detail/get_sat_list__type_support.cpp.o[0m
[3.128s] [ 39%] [32mBuilding CXX object CMakeFiles/gpsx__rosidl_typesupport_introspection_cpp.dir/rosidl_typesupport_introspection_cpp/gpsx/msg/detail/gpsx__type_support.cpp.o[0m
[3.360s] [ 41%] [32m[1mLinking CXX shared library libgpsx__rosidl_typesupport_cpp.so[0m
[3.370s] [35m[1mScanning dependencies of target gpsx__rosidl_typesupport_c[0m
[3.372s] [35m[1mScanning dependencies of target gpsx__rosidl_typesupport_introspection_c[0m
[3.384s] [ 46%] [32mBuilding CXX object CMakeFiles/gpsx__rosidl_typesupport_c.dir/rosidl_typesupport_c/gpsx/msg/gpsx__type_support.cpp.o[0m
[3.384s] [ 48%] [32mBuilding C object CMakeFiles/gpsx__rosidl_typesupport_introspection_c.dir/rosidl_typesupport_introspection_c/gpsx/msg/detail/gpsx__type_support.c.o[0m
[3.384s] [ 48%] [32mBuilding CXX object CMakeFiles/gpsx__rosidl_typesupport_c.dir/rosidl_typesupport_c/gpsx/srv/get_sat_list__type_support.cpp.o[0m
[3.387s] [ 51%] [32mBuilding C object CMakeFiles/gpsx__rosidl_typesupport_introspection_c.dir/rosidl_typesupport_introspection_c/gpsx/srv/detail/get_sat_list__type_support.c.o[0m
[3.402s] [ 51%] Built target gpsx__rosidl_typesupport_cpp
[3.421s] [ 53%] [32m[1mLinking CXX shared library libgpsx__rosidl_typesupport_c.so[0m
[3.426s] [ 56%] [32m[1mLinking C shared library libgpsx__rosidl_typesupport_introspection_c.so[0m
[3.459s] [ 56%] Built target gpsx__rosidl_typesupport_introspection_c
[3.460s] [ 56%] Built target gpsx__rosidl_typesupport_c
[3.556s] [ 58%] [32m[1mLinking CXX shared library libgpsx__rosidl_typesupport_introspection_cpp.so[0m
[3.584s] [ 60%] [32m[1mLinking CXX shared library libgpsx__rosidl_typesupport_fastrtps_cpp.so[0m
[3.638s] [ 60%] Built target gpsx__rosidl_typesupport_introspection_cpp
[3.686s] [ 60%] Built target gpsx__rosidl_typesupport_fastrtps_cpp
[3.696s] [ 63%] [34m[1mGenerating C type support for eProsima Fast-RTPS[0m
[3.945s] [35m[1mScanning dependencies of target gpsx__rosidl_typesupport_fastrtps_c[0m
[3.961s] [ 65%] [32mBuilding CXX object CMakeFiles/gpsx__rosidl_typesupport_fastrtps_c.dir/rosidl_typesupport_fastrtps_c/gpsx/msg/detail/gpsx__type_support_c.cpp.o[0m
[3.962s] [ 68%] [32mBuilding CXX object CMakeFiles/gpsx__rosidl_typesupport_fastrtps_c.dir/rosidl_typesupport_fastrtps_c/gpsx/srv/detail/get_sat_list__type_support_c.cpp.o[0m
[4.274s] [ 70%] [32m[1mLinking CXX shared library libgpsx__rosidl_typesupport_fastrtps_c.so[0m
[4.378s] [ 70%] Built target gpsx__rosidl_typesupport_fastrtps_c
[4.393s] [35m[1mScanning dependencies of target gpsx[0m
[4.406s] [ 70%] Built target gpsx
[4.416s] [35m[1mScanning dependencies of target gpsx__py[0m
[4.418s] [35m[1mScanning dependencies of target gps_node[0m
[4.430s] [ 73%] [34m[1mGenerating Python code for ROS interfaces[0m
[4.453s] [ 75%] [32mBuilding CXX object CMakeFiles/gps_node.dir/src/gps_node.cpp.o[0m
[4.908s] [ 75%] Built target gpsx__py
[4.918s] [35m[1mScanning dependencies of target gpsx__python[0m
[4.941s] [ 78%] [32mBuilding C object CMakeFiles/gpsx__python.dir/rosidl_generator_py/gpsx/srv/_get_sat_list_s.c.o[0m
[4.944s] [ 80%] [32mBuilding C object CMakeFiles/gpsx__python.dir/rosidl_generator_py/gpsx/msg/_gpsx_s.c.o[0m
[5.054s] [ 82%] [32m[1mLinking C shared library rosidl_generator_py/gpsx/libgpsx__python.so[0m
[5.108s] [ 82%] Built target gpsx__python
[5.118s] [35m[1mScanning dependencies of target gpsx__rosidl_typesupport_c__pyext[0m
[5.122s] [35m[1mScanning dependencies of target gpsx__rosidl_typesupport_introspection_c__pyext[0m
[5.122s] [35m[1mScanning dependencies of target gpsx__rosidl_typesupport_fastrtps_c__pyext[0m
[5.139s] [ 87%] [32mBuilding C object CMakeFiles/gpsx__rosidl_typesupport_introspection_c__pyext.dir/rosidl_generator_py/gpsx/_gpsx_s.ep.rosidl_typesupport_introspection_c.c.o[0m
[5.140s] [ 87%] [32mBuilding C object CMakeFiles/gpsx__rosidl_typesupport_c__pyext.dir/rosidl_generator_py/gpsx/_gpsx_s.ep.rosidl_typesupport_c.c.o[0m
[5.140s] [ 90%] [32mBuilding C object CMakeFiles/gpsx__rosidl_typesupport_fastrtps_c__pyext.dir/rosidl_generator_py/gpsx/_gpsx_s.ep.rosidl_typesupport_fastrtps_c.c.o[0m
[5.217s] [ 92%] [32m[1mLinking C shared library rosidl_generator_py/gpsx/gpsx_s__rosidl_typesupport_introspection_c.cpython-38-x86_64-linux-gnu.so[0m
[5.218s] [ 97%] [32m[1mLinking C shared library rosidl_generator_py/gpsx/gpsx_s__rosidl_typesupport_c.cpython-38-x86_64-linux-gnu.so[0m
[5.218s] [ 97%] [32m[1mLinking CXX shared library rosidl_generator_py/gpsx/gpsx_s__rosidl_typesupport_fastrtps_c.cpython-38-x86_64-linux-gnu.so[0m
[5.257s] [ 97%] Built target gpsx__rosidl_typesupport_c__pyext
[5.259s] [ 97%] Built target gpsx__rosidl_typesupport_introspection_c__pyext
[5.280s] [ 97%] Built target gpsx__rosidl_typesupport_fastrtps_c__pyext
[7.708s] [100%] [32m[1mLinking CXX executable gps_node[0m
[7.962s] [100%] Built target gps_node
[7.978s] Invoked command in '/ws/src/build/gpsx' returned '0': CMAKE_PREFIX_PATH=/opt/ros/foxy /usr/bin/cmake --build /ws/src/build/gpsx -- -j16 -l16
[8.073s] Invoking command in '/ws/src/build/gpsx': CMAKE_PREFIX_PATH=/opt/ros/foxy /usr/bin/cmake --install /ws/src/build/gpsx
[8.085s] -- Install configuration: ""
[8.085s] -- Installing: /ws/src/install/gpsx/share/ament_index/resource_index/rosidl_interfaces/gpsx
[8.086s] -- Installing: /ws/src/install/gpsx/include/gpsx
[8.086s] -- Installing: /ws/src/install/gpsx/include/gpsx/srv
[8.086s] -- Installing: /ws/src/install/gpsx/include/gpsx/srv/get_sat_list.h
[8.086s] -- Installing: /ws/src/install/gpsx/include/gpsx/srv/detail
[8.086s] -- Installing: /ws/src/install/gpsx/include/gpsx/srv/detail/get_sat_list__functions.h
[8.086s] -- Installing: /ws/src/install/gpsx/include/gpsx/srv/detail/get_sat_list__struct.h
[8.087s] -- Installing: /ws/src/install/gpsx/include/gpsx/srv/detail/get_sat_list__type_support.h
[8.087s] -- Installing: /ws/src/install/gpsx/include/gpsx/srv/detail/get_sat_list__functions.c
[8.087s] -- Installing: /ws/src/install/gpsx/include/gpsx/msg
[8.087s] -- Installing: /ws/src/install/gpsx/include/gpsx/msg/rosidl_generator_c__visibility_control.h
[8.087s] -- Installing: /ws/src/install/gpsx/include/gpsx/msg/gpsx.h
[8.087s] -- Installing: /ws/src/install/gpsx/include/gpsx/msg/detail
[8.087s] -- Installing: /ws/src/install/gpsx/include/gpsx/msg/detail/gpsx__struct.h
[8.088s] -- Installing: /ws/src/install/gpsx/include/gpsx/msg/detail/gpsx__functions.c
[8.088s] -- Installing: /ws/src/install/gpsx/include/gpsx/msg/detail/gpsx__type_support.h
[8.088s] -- Installing: /ws/src/install/gpsx/include/gpsx/msg/detail/gpsx__functions.h
[8.088s] -- Installing: /ws/src/install/gpsx/share/gpsx/environment/library_path.sh
[8.088s] -- Installing: /ws/src/install/gpsx/share/gpsx/environment/library_path.dsv
[8.088s] -- Installing: /ws/src/install/gpsx/lib/libgpsx__rosidl_generator_c.so
[8.089s] -- Set runtime path of "/ws/src/install/gpsx/lib/libgpsx__rosidl_generator_c.so" to ""
[8.089s] -- Up-to-date: /ws/src/install/gpsx/include/gpsx
[8.089s] -- Up-to-date: /ws/src/install/gpsx/include/gpsx/srv
[8.089s] -- Up-to-date: /ws/src/install/gpsx/include/gpsx/srv/detail
[8.090s] -- Installing: /ws/src/install/gpsx/include/gpsx/srv/detail/get_sat_list__rosidl_typesupport_fastrtps_c.h
[8.090s] -- Up-to-date: /ws/src/install/gpsx/include/gpsx/msg
[8.090s] -- Installing: /ws/src/install/gpsx/include/gpsx/msg/rosidl_typesupport_fastrtps_c__visibility_control.h
[8.091s] -- Up-to-date: /ws/src/install/gpsx/include/gpsx/msg/detail
[8.091s] -- Installing: /ws/src/install/gpsx/include/gpsx/msg/detail/gpsx__rosidl_typesupport_fastrtps_c.h
[8.091s] -- Installing: /ws/src/install/gpsx/lib/libgpsx__rosidl_typesupport_fastrtps_c.so
[8.091s] -- Set runtime path of "/ws/src/install/gpsx/lib/libgpsx__rosidl_typesupport_fastrtps_c.so" to ""
[8.091s] -- Up-to-date: /ws/src/install/gpsx/include/gpsx
[8.092s] -- Up-to-date: /ws/src/install/gpsx/include/gpsx/srv
[8.092s] -- Up-to-date: /ws/src/install/gpsx/include/gpsx/srv/detail
[8.092s] -- Installing: /ws/src/install/gpsx/include/gpsx/srv/detail/dds_fastrtps
[8.092s] -- Installing: /ws/src/install/gpsx/include/gpsx/srv/detail/get_sat_list__rosidl_typesupport_fastrtps_cpp.hpp
[8.092s] -- Up-to-date: /ws/src/install/gpsx/include/gpsx/msg
[8.092s] -- Installing: /ws/src/install/gpsx/include/gpsx/msg/rosidl_typesupport_fastrtps_cpp__visibility_control.h
[8.092s] -- Up-to-date: /ws/src/install/gpsx/include/gpsx/msg/detail
[8.093s] -- Installing: /ws/src/install/gpsx/include/gpsx/msg/detail/gpsx__rosidl_typesupport_fastrtps_cpp.hpp
[8.093s] -- Installing: /ws/src/install/gpsx/include/gpsx/msg/detail/dds_fastrtps
[8.093s] -- Installing: /ws/src/install/gpsx/lib/libgpsx__rosidl_typesupport_fastrtps_cpp.so
[8.093s] -- Set runtime path of "/ws/src/install/gpsx/lib/libgpsx__rosidl_typesupport_fastrtps_cpp.so" to ""
[8.093s] -- Up-to-date: /ws/src/install/gpsx/include/gpsx
[8.093s] -- Up-to-date: /ws/src/install/gpsx/include/gpsx/srv
[8.093s] -- Up-to-date: /ws/src/install/gpsx/include/gpsx/srv/detail
[8.093s] -- Installing: /ws/src/install/gpsx/include/gpsx/srv/detail/get_sat_list__type_support.c
[8.093s] -- Installing: /ws/src/install/gpsx/include/gpsx/srv/detail/get_sat_list__rosidl_typesupport_introspection_c.h
[8.093s] -- Up-to-date: /ws/src/install/gpsx/include/gpsx/msg
[8.094s] -- Installing: /ws/src/install/gpsx/include/gpsx/msg/rosidl_typesupport_introspection_c__visibility_control.h
[8.094s] -- Up-to-date: /ws/src/install/gpsx/include/gpsx/msg/detail
[8.094s] -- Installing: /ws/src/install/gpsx/include/gpsx/msg/detail/gpsx__rosidl_typesupport_introspection_c.h
[8.094s] -- Installing: /ws/src/install/gpsx/include/gpsx/msg/detail/gpsx__type_support.c
[8.094s] -- Installing: /ws/src/install/gpsx/lib/libgpsx__rosidl_typesupport_introspection_c.so
[8.094s] -- Set runtime path of "/ws/src/install/gpsx/lib/libgpsx__rosidl_typesupport_introspection_c.so" to ""
[8.094s] -- Installing: /ws/src/install/gpsx/lib/libgpsx__rosidl_typesupport_c.so
[8.094s] -- Set runtime path of "/ws/src/install/gpsx/lib/libgpsx__rosidl_typesupport_c.so" to ""
[8.094s] -- Up-to-date: /ws/src/install/gpsx/include/gpsx
[8.094s] -- Up-to-date: /ws/src/install/gpsx/include/gpsx/srv
[8.095s] -- Installing: /ws/src/install/gpsx/include/gpsx/srv/get_sat_list.hpp
[8.095s] -- Up-to-date: /ws/src/install/gpsx/include/gpsx/srv/detail
[8.095s] -- Installing: /ws/src/install/gpsx/include/gpsx/srv/detail/get_sat_list__struct.hpp
[8.095s] -- Installing: /ws/src/install/gpsx/include/gpsx/srv/detail/get_sat_list__traits.hpp
[8.095s] -- Installing: /ws/src/install/gpsx/include/gpsx/srv/detail/get_sat_list__builder.hpp
[8.095s] -- Up-to-date: /ws/src/install/gpsx/include/gpsx/msg
[8.095s] -- Installing: /ws/src/install/gpsx/include/gpsx/msg/gpsx.hpp
[8.095s] -- Up-to-date: /ws/src/install/gpsx/include/gpsx/msg/detail
[8.095s] -- Installing: /ws/src/install/gpsx/include/gpsx/msg/detail/gpsx__builder.hpp
[8.095s] -- Installing: /ws/src/install/gpsx/include/gpsx/msg/detail/gpsx__struct.hpp
[8.096s] -- Installing: /ws/src/install/gpsx/include/gpsx/msg/detail/gpsx__traits.hpp
[8.096s] -- Up-to-date: /ws/src/install/gpsx/include/gpsx
[8.096s] -- Up-to-date: /ws/src/install/gpsx/include/gpsx/srv
[8.096s] -- Up-to-date: /ws/src/install/gpsx/include/gpsx/srv/detail
[8.096s] -- Installing: /ws/src/install/gpsx/include/gpsx/srv/detail/get_sat_list__type_support.cpp
[8.096s] -- Installing: /ws/src/install/gpsx/include/gpsx/srv/detail/get_sat_list__rosidl_typesupport_introspection_cpp.hpp
[8.096s] -- Up-to-date: /ws/src/install/gpsx/include/gpsx/msg
[8.096s] -- Up-to-date: /ws/src/install/gpsx/include/gpsx/msg/detail
[8.096s] -- Installing: /ws/src/install/gpsx/include/gpsx/msg/detail/gpsx__type_support.cpp
[8.096s] -- Installing: /ws/src/install/gpsx/include/gpsx/msg/detail/gpsx__rosidl_typesupport_introspection_cpp.hpp
[8.097s] -- Installing: /ws/src/install/gpsx/lib/libgpsx__rosidl_typesupport_introspection_cpp.so
[8.097s] -- Set runtime path of "/ws/src/install/gpsx/lib/libgpsx__rosidl_typesupport_introspection_cpp.so" to ""
[8.097s] -- Installing: /ws/src/install/gpsx/lib/libgpsx__rosidl_typesupport_cpp.so
[8.097s] -- Set runtime path of "/ws/src/install/gpsx/lib/libgpsx__rosidl_typesupport_cpp.so" to ""
[8.097s] -- Installing: /ws/src/install/gpsx/share/gpsx/environment/pythonpath.sh
[8.097s] -- Installing: /ws/src/install/gpsx/share/gpsx/environment/pythonpath.dsv
[8.098s] -- Installing: /ws/src/install/gpsx/lib/python3.8/site-packages/gpsx/__init__.py
[8.144s] Compiling '/ws/src/install/gpsx/lib/python3.8/site-packages/gpsx/__init__.py'...
[8.154s] -- Installing: /ws/src/install/gpsx/lib/python3.8/site-packages/gpsx/msg
[8.154s] -- Installing: /ws/src/install/gpsx/lib/python3.8/site-packages/gpsx/msg/_gpsx.py
[8.154s] -- Installing: /ws/src/install/gpsx/lib/python3.8/site-packages/gpsx/msg/_gpsx_s.c
[8.155s] -- Installing: /ws/src/install/gpsx/lib/python3.8/site-packages/gpsx/msg/__init__.py
[8.155s] -- Installing: /ws/src/install/gpsx/lib/python3.8/site-packages/gpsx/srv
[8.155s] -- Installing: /ws/src/install/gpsx/lib/python3.8/site-packages/gpsx/srv/_get_sat_list.py
[8.156s] -- Installing: /ws/src/install/gpsx/lib/python3.8/site-packages/gpsx/srv/_get_sat_list_s.c
[8.156s] -- Installing: /ws/src/install/gpsx/lib/python3.8/site-packages/gpsx/srv/__init__.py
[8.157s] -- Installing: /ws/src/install/gpsx/lib/python3.8/site-packages/gpsx/gpsx_s__rosidl_typesupport_fastrtps_c.cpython-38-x86_64-linux-gnu.so
[8.157s] -- Set runtime path of "/ws/src/install/gpsx/lib/python3.8/site-packages/gpsx/gpsx_s__rosidl_typesupport_fastrtps_c.cpython-38-x86_64-linux-gnu.so" to ""
[8.158s] -- Installing: /ws/src/install/gpsx/lib/python3.8/site-packages/gpsx/gpsx_s__rosidl_typesupport_introspection_c.cpython-38-x86_64-linux-gnu.so
[8.158s] -- Set runtime path of "/ws/src/install/gpsx/lib/python3.8/site-packages/gpsx/gpsx_s__rosidl_typesupport_introspection_c.cpython-38-x86_64-linux-gnu.so" to ""
[8.158s] -- Installing: /ws/src/install/gpsx/lib/python3.8/site-packages/gpsx/gpsx_s__rosidl_typesupport_c.cpython-38-x86_64-linux-gnu.so
[8.159s] -- Set runtime path of "/ws/src/install/gpsx/lib/python3.8/site-packages/gpsx/gpsx_s__rosidl_typesupport_c.cpython-38-x86_64-linux-gnu.so" to ""
[8.159s] -- Installing: /ws/src/install/gpsx/lib/libgpsx__python.so
[8.159s] -- Set runtime path of "/ws/src/install/gpsx/lib/libgpsx__python.so" to ""
[8.160s] -- Installing: /ws/src/install/gpsx/share/gpsx/msg/Gpsx.idl
[8.160s] -- Installing: /ws/src/install/gpsx/share/gpsx/srv/GetSatList.idl
[8.160s] -- Installing: /ws/src/install/gpsx/share/gpsx/msg/Gpsx.msg
[8.160s] -- Installing: /ws/src/install/gpsx/share/gpsx/srv/GetSatList.srv
[8.161s] -- Installing: /ws/src/install/gpsx/share/gpsx/srv/GetSatList_Request.msg
[8.161s] -- Installing: /ws/src/install/gpsx/share/gpsx/srv/GetSatList_Response.msg
[8.161s] -- Installing: /ws/src/install/gpsx/lib/gpsx/gps_node
[8.162s] -- Set runtime path of "/ws/src/install/gpsx/lib/gpsx/gps_node" to ""
[8.163s] -- Installing: /ws/src/install/gpsx/share/ament_index/resource_index/package_run_dependencies/gpsx
[8.163s] -- Installing: /ws/src/install/gpsx/share/ament_index/resource_index/parent_prefix_path/gpsx
[8.163s] -- Installing: /ws/src/install/gpsx/share/gpsx/environment/ament_prefix_path.sh
[8.164s] -- Installing: /ws/src/install/gpsx/share/gpsx/environment/ament_prefix_path.dsv
[8.164s] -- Installing: /ws/src/install/gpsx/share/gpsx/environment/path.sh
[8.164s] -- Installing: /ws/src/install/gpsx/share/gpsx/environment/path.dsv
[8.164s] -- Installing: /ws/src/install/gpsx/share/gpsx/local_setup.bash
[8.165s] -- Installing: /ws/src/install/gpsx/share/gpsx/local_setup.sh
[8.165s] -- Installing: /ws/src/install/gpsx/share/gpsx/local_setup.zsh
[8.165s] -- Installing: /ws/src/install/gpsx/share/gpsx/local_setup.dsv
[8.165s] -- Installing: /ws/src/install/gpsx/share/gpsx/package.dsv
[8.166s] -- Installing: /ws/src/install/gpsx/share/ament_index/resource_index/packages/gpsx
[8.166s] -- Installing: /ws/src/install/gpsx/share/gpsx/cmake/gpsx__rosidl_generator_cExport.cmake
[8.166s] -- Installing: /ws/src/install/gpsx/share/gpsx/cmake/gpsx__rosidl_generator_cExport-noconfig.cmake
[8.167s] -- Installing: /ws/src/install/gpsx/share/gpsx/cmake/gpsx__rosidl_typesupport_introspection_cExport.cmake
[8.167s] -- Installing: /ws/src/install/gpsx/share/gpsx/cmake/gpsx__rosidl_typesupport_introspection_cExport-noconfig.cmake
[8.168s] -- Installing: /ws/src/install/gpsx/share/gpsx/cmake/gpsx__rosidl_typesupport_cExport.cmake
[8.168s] -- Installing: /ws/src/install/gpsx/share/gpsx/cmake/gpsx__rosidl_typesupport_cExport-noconfig.cmake
[8.168s] -- Installing: /ws/src/install/gpsx/share/gpsx/cmake/gpsx__rosidl_generator_cppExport.cmake
[8.169s] -- Installing: /ws/src/install/gpsx/share/gpsx/cmake/gpsx__rosidl_typesupport_introspection_cppExport.cmake
[8.169s] -- Installing: /ws/src/install/gpsx/share/gpsx/cmake/gpsx__rosidl_typesupport_introspection_cppExport-noconfig.cmake
[8.169s] -- Installing: /ws/src/install/gpsx/share/gpsx/cmake/gpsx__rosidl_typesupport_cppExport.cmake
[8.170s] -- Installing: /ws/src/install/gpsx/share/gpsx/cmake/gpsx__rosidl_typesupport_cppExport-noconfig.cmake
[8.170s] -- Installing: /ws/src/install/gpsx/share/gpsx/cmake/rosidl_cmake-extras.cmake
[8.170s] -- Installing: /ws/src/install/gpsx/share/gpsx/cmake/ament_cmake_export_dependencies-extras.cmake
[8.170s] -- Installing: /ws/src/install/gpsx/share/gpsx/cmake/ament_cmake_export_libraries-extras.cmake
[8.171s] -- Installing: /ws/src/install/gpsx/share/gpsx/cmake/ament_cmake_export_targets-extras.cmake
[8.171s] -- Installing: /ws/src/install/gpsx/share/gpsx/cmake/ament_cmake_export_include_directories-extras.cmake
[8.171s] -- Installing: /ws/src/install/gpsx/share/gpsx/cmake/rosidl_cmake_export_typesupport_libraries-extras.cmake
[8.172s] -- Installing: /ws/src/install/gpsx/share/gpsx/cmake/rosidl_cmake_export_typesupport_targets-extras.cmake
[8.172s] -- Installing: /ws/src/install/gpsx/share/gpsx/cmake/gpsxConfig.cmake
[8.172s] -- Installing: /ws/src/install/gpsx/share/gpsx/cmake/gpsxConfig-version.cmake
[8.172s] -- Installing: /ws/src/install/gpsx/share/gpsx/package.xml
[8.179s] Invoked command in '/ws/src/build/gpsx' returned '0': CMAKE_PREFIX_PATH=/opt/ros/foxy /usr/bin/cmake --install /ws/src/build/gpsx
