[0.048s] Invoking command in '/ws/src/lec_ws/src/urdf_tutorial/build/urdf_tutorial': CMAKE_PREFIX_PATH=${CMAKE_PREFIX_PATH}:/opt/ros/foxy /usr/bin/cmake /ws/src/lec_ws/src/urdf_tutorial -DCMAKE_INSTALL_PREFIX=/ws/src/lec_ws/src/urdf_tutorial/install/urdf_tutorial
[0.076s] -- Found ament_cmake: 0.9.11 (/opt/ros/foxy/share/ament_cmake/cmake)
[0.132s] -- Using PYTHON_EXECUTABLE: /usr/bin/python3
[0.475s] -- Override CMake install command with custom implementation using symlinks instead of copying resources
[0.497s] -- Found ament_lint_auto: 0.9.7 (/opt/ros/foxy/share/ament_lint_auto/cmake)
[0.632s] -- Configuring done
[0.641s] -- Generating done
[0.646s] -- Build files have been written to: /ws/src/lec_ws/src/urdf_tutorial/build/urdf_tutorial
[0.651s] Invoked command in '/ws/src/lec_ws/src/urdf_tutorial/build/urdf_tutorial' returned '0': CMAKE_PREFIX_PATH=${CMAKE_PREFIX_PATH}:/opt/ros/foxy /usr/bin/cmake /ws/src/lec_ws/src/urdf_tutorial -DCMAKE_INSTALL_PREFIX=/ws/src/lec_ws/src/urdf_tutorial/install/urdf_tutorial
[0.658s] Invoking command in '/ws/src/lec_ws/src/urdf_tutorial/build/urdf_tutorial': CMAKE_PREFIX_PATH=${CMAKE_PREFIX_PATH}:/opt/ros/foxy /usr/bin/cmake --build /ws/src/lec_ws/src/urdf_tutorial/build/urdf_tutorial -- -j8 -l8
[0.749s] Invoked command in '/ws/src/lec_ws/src/urdf_tutorial/build/urdf_tutorial' returned '0': CMAKE_PREFIX_PATH=${CMAKE_PREFIX_PATH}:/opt/ros/foxy /usr/bin/cmake --build /ws/src/lec_ws/src/urdf_tutorial/build/urdf_tutorial -- -j8 -l8
[0.825s] Invoking command in '/ws/src/lec_ws/src/urdf_tutorial/build/urdf_tutorial': CMAKE_PREFIX_PATH=${CMAKE_PREFIX_PATH}:/opt/ros/foxy /usr/bin/cmake --install /ws/src/lec_ws/src/urdf_tutorial/build/urdf_tutorial
[0.844s] -- Install configuration: ""
[0.845s] -- Execute custom install script
[0.846s] -- Up-to-date symlink: /ws/src/lec_ws/src/urdf_tutorial/install/urdf_tutorial/share/urdf_tutorial/launch/display.launch.py
[0.847s] -- Up-to-date symlink: /ws/src/lec_ws/src/urdf_tutorial/install/urdf_tutorial/share/urdf_tutorial/rviz/urdf.rviz
[0.849s] -- Up-to-date symlink: /ws/src/lec_ws/src/urdf_tutorial/install/urdf_tutorial/share/urdf_tutorial/urdf/01-myfirst.urdf
[0.849s] -- Symlinking: /ws/src/lec_ws/src/urdf_tutorial/install/urdf_tutorial/share/urdf_tutorial/urdf/02-multipleshapes.urdf
[0.868s] -- Up-to-date symlink: /ws/src/lec_ws/src/urdf_tutorial/install/urdf_tutorial/share/ament_index/resource_index/package_run_dependencies/urdf_tutorial
[0.869s] -- Up-to-date symlink: /ws/src/lec_ws/src/urdf_tutorial/install/urdf_tutorial/share/ament_index/resource_index/parent_prefix_path/urdf_tutorial
[0.869s] -- Up-to-date symlink: /ws/src/lec_ws/src/urdf_tutorial/install/urdf_tutorial/share/urdf_tutorial/environment/ament_prefix_path.sh
[0.870s] -- Up-to-date symlink: /ws/src/lec_ws/src/urdf_tutorial/install/urdf_tutorial/share/urdf_tutorial/environment/ament_prefix_path.dsv
[0.871s] -- Up-to-date symlink: /ws/src/lec_ws/src/urdf_tutorial/install/urdf_tutorial/share/urdf_tutorial/environment/path.sh
[0.872s] -- Up-to-date symlink: /ws/src/lec_ws/src/urdf_tutorial/install/urdf_tutorial/share/urdf_tutorial/environment/path.dsv
[0.873s] -- Up-to-date symlink: /ws/src/lec_ws/src/urdf_tutorial/install/urdf_tutorial/share/urdf_tutorial/local_setup.bash
[0.873s] -- Up-to-date symlink: /ws/src/lec_ws/src/urdf_tutorial/install/urdf_tutorial/share/urdf_tutorial/local_setup.sh
[0.874s] -- Up-to-date symlink: /ws/src/lec_ws/src/urdf_tutorial/install/urdf_tutorial/share/urdf_tutorial/local_setup.zsh
[0.875s] -- Up-to-date symlink: /ws/src/lec_ws/src/urdf_tutorial/install/urdf_tutorial/share/urdf_tutorial/local_setup.dsv
[0.876s] -- Symlinking: /ws/src/lec_ws/src/urdf_tutorial/install/urdf_tutorial/share/urdf_tutorial/package.dsv
[0.896s] -- Up-to-date symlink: /ws/src/lec_ws/src/urdf_tutorial/install/urdf_tutorial/share/ament_index/resource_index/packages/urdf_tutorial
[0.897s] -- Up-to-date symlink: /ws/src/lec_ws/src/urdf_tutorial/install/urdf_tutorial/share/urdf_tutorial/cmake/urdf_tutorialConfig.cmake
[0.898s] -- Up-to-date symlink: /ws/src/lec_ws/src/urdf_tutorial/install/urdf_tutorial/share/urdf_tutorial/cmake/urdf_tutorialConfig-version.cmake
[0.898s] -- Up-to-date symlink: /ws/src/lec_ws/src/urdf_tutorial/install/urdf_tutorial/share/urdf_tutorial/package.xml
[0.903s] Invoked command in '/ws/src/lec_ws/src/urdf_tutorial/build/urdf_tutorial' returned '0': CMAKE_PREFIX_PATH=${CMAKE_PREFIX_PATH}:/opt/ros/foxy /usr/bin/cmake --install /ws/src/lec_ws/src/urdf_tutorial/build/urdf_tutorial
