[0.047s] Invoking command in '/ws/src/lec_ws/src/urdf_tutorial/build/urdf_tutorial': CMAKE_PREFIX_PATH=${CMAKE_PREFIX_PATH}:/opt/ros/foxy /usr/bin/cmake --build /ws/src/lec_ws/src/urdf_tutorial/build/urdf_tutorial -- -j8 -l8
[0.136s] Invoked command in '/ws/src/lec_ws/src/urdf_tutorial/build/urdf_tutorial' returned '0': CMAKE_PREFIX_PATH=${CMAKE_PREFIX_PATH}:/opt/ros/foxy /usr/bin/cmake --build /ws/src/lec_ws/src/urdf_tutorial/build/urdf_tutorial -- -j8 -l8
[0.216s] Invoking command in '/ws/src/lec_ws/src/urdf_tutorial/build/urdf_tutorial': CMAKE_PREFIX_PATH=${CMAKE_PREFIX_PATH}:/opt/ros/foxy /usr/bin/cmake --install /ws/src/lec_ws/src/urdf_tutorial/build/urdf_tutorial
[0.234s] -- Install configuration: ""
[0.236s] -- Execute custom install script
[0.237s] -- Up-to-date symlink: /ws/src/lec_ws/src/urdf_tutorial/install/urdf_tutorial/share/urdf_tutorial/launch/display.launch.py
[0.237s] -- Up-to-date symlink: /ws/src/lec_ws/src/urdf_tutorial/install/urdf_tutorial/share/urdf_tutorial/rviz/urdf.rviz
[0.239s] -- Up-to-date symlink: /ws/src/lec_ws/src/urdf_tutorial/install/urdf_tutorial/share/urdf_tutorial/urdf/01-myfirst.urdf
[0.240s] -- Up-to-date symlink: /ws/src/lec_ws/src/urdf_tutorial/install/urdf_tutorial/share/urdf_tutorial/urdf/02-multipleshapes.urdf
[0.240s] -- Up-to-date symlink: /ws/src/lec_ws/src/urdf_tutorial/install/urdf_tutorial/share/urdf_tutorial/urdf/03-origins.urdf
[0.242s] -- Up-to-date symlink: /ws/src/lec_ws/src/urdf_tutorial/install/urdf_tutorial/share/urdf_tutorial/urdf/04-materials.urdf
[0.242s] -- Up-to-date symlink: /ws/src/lec_ws/src/urdf_tutorial/install/urdf_tutorial/share/urdf_tutorial/urdf/05-movable.urdf
[0.243s] -- Up-to-date symlink: /ws/src/lec_ws/src/urdf_tutorial/install/urdf_tutorial/share/urdf_tutorial/urdf/06-xacro.urdf.xacro
[0.243s] -- Up-to-date symlink: /ws/src/lec_ws/src/urdf_tutorial/install/urdf_tutorial/share/ament_index/resource_index/package_run_dependencies/urdf_tutorial
[0.244s] -- Up-to-date symlink: /ws/src/lec_ws/src/urdf_tutorial/install/urdf_tutorial/share/ament_index/resource_index/parent_prefix_path/urdf_tutorial
[0.246s] -- Up-to-date symlink: /ws/src/lec_ws/src/urdf_tutorial/install/urdf_tutorial/share/urdf_tutorial/environment/ament_prefix_path.sh
[0.246s] -- Up-to-date symlink: /ws/src/lec_ws/src/urdf_tutorial/install/urdf_tutorial/share/urdf_tutorial/environment/ament_prefix_path.dsv
[0.248s] -- Up-to-date symlink: /ws/src/lec_ws/src/urdf_tutorial/install/urdf_tutorial/share/urdf_tutorial/environment/path.sh
[0.248s] -- Up-to-date symlink: /ws/src/lec_ws/src/urdf_tutorial/install/urdf_tutorial/share/urdf_tutorial/environment/path.dsv
[0.250s] -- Up-to-date symlink: /ws/src/lec_ws/src/urdf_tutorial/install/urdf_tutorial/share/urdf_tutorial/local_setup.bash
[0.251s] -- Up-to-date symlink: /ws/src/lec_ws/src/urdf_tutorial/install/urdf_tutorial/share/urdf_tutorial/local_setup.sh
[0.252s] -- Up-to-date symlink: /ws/src/lec_ws/src/urdf_tutorial/install/urdf_tutorial/share/urdf_tutorial/local_setup.zsh
[0.253s] -- Up-to-date symlink: /ws/src/lec_ws/src/urdf_tutorial/install/urdf_tutorial/share/urdf_tutorial/local_setup.dsv
[0.254s] -- Symlinking: /ws/src/lec_ws/src/urdf_tutorial/install/urdf_tutorial/share/urdf_tutorial/package.dsv
[0.273s] -- Up-to-date symlink: /ws/src/lec_ws/src/urdf_tutorial/install/urdf_tutorial/share/ament_index/resource_index/packages/urdf_tutorial
[0.274s] -- Up-to-date symlink: /ws/src/lec_ws/src/urdf_tutorial/install/urdf_tutorial/share/urdf_tutorial/cmake/urdf_tutorialConfig.cmake
[0.275s] -- Up-to-date symlink: /ws/src/lec_ws/src/urdf_tutorial/install/urdf_tutorial/share/urdf_tutorial/cmake/urdf_tutorialConfig-version.cmake
[0.276s] -- Up-to-date symlink: /ws/src/lec_ws/src/urdf_tutorial/install/urdf_tutorial/share/urdf_tutorial/package.xml
[0.282s] Invoked command in '/ws/src/lec_ws/src/urdf_tutorial/build/urdf_tutorial' returned '0': CMAKE_PREFIX_PATH=${CMAKE_PREFIX_PATH}:/opt/ros/foxy /usr/bin/cmake --install /ws/src/lec_ws/src/urdf_tutorial/build/urdf_tutorial
