[0.035s] Invoking command in '/ws/src/rover/build/rover': CMAKE_PREFIX_PATH=/opt/ros/foxy /usr/bin/cmake /ws/src/rover -DCMAKE_INSTALL_PREFIX=/ws/src/rover/install/rover
[0.171s] -- Found ament_cmake: 0.9.11 (/opt/ros/foxy/share/ament_cmake/cmake)
[0.199s] -- Using PYTHON_EXECUTABLE: /usr/bin/python3
[0.341s] -- Override CMake install command with custom implementation using symlinks instead of copying resources
[0.380s] -- Found std_msgs: 2.0.5 (/opt/ros/foxy/share/std_msgs/cmake)
[0.421s] -- Using all available rosidl_typesupport_c: rosidl_typesupport_fastrtps_c;rosidl_typesupport_introspection_c
[0.432s] -- Found rosidl_adapter: 1.3.0 (/opt/ros/foxy/share/rosidl_adapter/cmake)
[0.629s] -- Using all available rosidl_typesupport_cpp: rosidl_typesupport_fastrtps_cpp;rosidl_typesupport_introspection_cpp
[0.702s] -- Found sensor_msgs: 2.0.5 (/opt/ros/foxy/share/sensor_msgs/cmake)
[0.825s] -- Found gazebo_msgs: 3.5.3 (/opt/ros/foxy/share/gazebo_msgs/cmake)
[1.029s] -- Found rosidl_default_generators: 1.0.1 (/opt/ros/foxy/share/rosidl_default_generators/cmake)
[1.047s] -- Found ament_lint_auto: 0.9.7 (/opt/ros/foxy/share/ament_lint_auto/cmake)
[1.136s] -- Added test 'copyright' to check source files copyright and LICENSE
[1.157s] -- Added test 'cppcheck' to perform static code analysis on C / C++ code
[1.158s] -- Configured cppcheck include dirs: 
[1.158s] -- Configured cppcheck exclude dirs and/or files: 
[1.172s] -- Added test 'cpplint' to check C / C++ code against the Google style
[1.172s] -- Configured cpplint exclude dirs and/or files: 
[1.175s] -- Added test 'flake8' to check Python code syntax and style conventions
[1.179s] -- Added test 'lint_cmake' to check CMake code style
[1.182s] -- Added test 'pep257' to check Python code against some of the style conventions in PEP 257
[1.194s] -- Added test 'uncrustify' to check C / C++ code style
[1.194s] -- Configured uncrustify additional arguments: 
[1.196s] -- Added test 'xmllint' to check XML markup files
[1.205s] -- Configuring done
[1.213s] -- Generating done
[1.215s] -- Build files have been written to: /ws/src/rover/build/rover
[1.228s] Invoked command in '/ws/src/rover/build/rover' returned '0': CMAKE_PREFIX_PATH=/opt/ros/foxy /usr/bin/cmake /ws/src/rover -DCMAKE_INSTALL_PREFIX=/ws/src/rover/install/rover
[1.231s] Invoking command in '/ws/src/rover/build/rover': CMAKE_PREFIX_PATH=/opt/ros/foxy /usr/bin/cmake --build /ws/src/rover/build/rover -- -j8 -l8
[1.272s] Invoked command in '/ws/src/rover/build/rover' returned '0': CMAKE_PREFIX_PATH=/opt/ros/foxy /usr/bin/cmake --build /ws/src/rover/build/rover -- -j8 -l8
[1.310s] Invoking command in '/ws/src/rover/build/rover': CMAKE_PREFIX_PATH=/opt/ros/foxy /usr/bin/cmake --install /ws/src/rover/build/rover
[1.317s] -- Install configuration: ""
[1.318s] -- Execute custom install script
[1.318s] -- Symlinking: /ws/src/rover/install/rover/share/rover/launch/rover.launch.py
[1.327s] -- Symlinking: /ws/src/rover/install/rover/share/rover/launch/rover1.launch.py
[1.336s] -- Symlinking: /ws/src/rover/install/rover/share/rover/models/basic_mobile_bot_description/meshes/arm_base.stl
[1.345s] -- Symlinking: /ws/src/rover/install/rover/share/rover/models/basic_mobile_bot_description/meshes/bicep.stl
[1.353s] -- Symlinking: /ws/src/rover/install/rover/share/rover/models/basic_mobile_bot_description/meshes/elbow.stl
[1.362s] -- Symlinking: /ws/src/rover/install/rover/share/rover/models/basic_mobile_bot_description/meshes/robot_base.stl
[1.370s] -- Symlinking: /ws/src/rover/install/rover/share/rover/models/basic_mobile_bot_description/meshes/wheel.stl
[1.380s] -- Symlinking: /ws/src/rover/install/rover/share/rover/models/basic_mobile_bot_description/meshes/wrist.stl
[1.389s] -- Symlinking: /ws/src/rover/install/rover/share/rover/models/basic_mobile_bot_description/model.config
[1.397s] -- Symlinking: /ws/src/rover/install/rover/share/rover/models/basic_mobile_bot_description/model.sdf
[1.406s] -- Symlinking: /ws/src/rover/install/rover/share/rover/models/rover_with_1d_lidar/README.md
[1.415s] -- Symlinking: /ws/src/rover/install/rover/share/rover/models/rover_with_1d_lidar/model.config
[1.424s] -- Symlinking: /ws/src/rover/install/rover/share/rover/models/rover_with_1d_lidar/model.sdf
[1.432s] -- Symlinking: /ws/src/rover/install/rover/share/rover/models/rover_with_2d_lidar/README.md
[1.441s] -- Symlinking: /ws/src/rover/install/rover/share/rover/models/rover_with_2d_lidar/model.config
[1.449s] -- Symlinking: /ws/src/rover/install/rover/share/rover/models/rover_with_2d_lidar/model.sdf
[1.458s] -- Symlinking: /ws/src/rover/install/rover/share/rover/models/rover_with_camera/README.md
[1.466s] -- Symlinking: /ws/src/rover/install/rover/share/rover/models/rover_with_camera/model.config
[1.475s] -- Symlinking: /ws/src/rover/install/rover/share/rover/models/rover_with_camera/model.sdf
[1.483s] -- Symlinking: /ws/src/rover/install/rover/share/rover/models/rover_with_depth_camera/README.md
[1.493s] -- Symlinking: /ws/src/rover/install/rover/share/rover/models/rover_with_depth_camera/model.config
[1.502s] -- Symlinking: /ws/src/rover/install/rover/share/rover/models/rover_with_depth_camera/model.sdf
[1.510s] -- Symlinking: /ws/src/rover/install/rover/share/rover/worlds/race1.world
[1.518s] -- Symlinking: /ws/src/rover/install/rover/share/rover/worlds/race2.world
[1.526s] -- Symlinking: /ws/src/rover/install/rover/share/rover/worlds/race3.world
[1.536s] -- Symlinking: /ws/src/rover/install/rover/share/rover/worlds/race4.world
[1.545s] -- Symlinking: /ws/src/rover/install/rover/share/ament_index/resource_index/package_run_dependencies/rover
[1.553s] -- Symlinking: /ws/src/rover/install/rover/share/ament_index/resource_index/parent_prefix_path/rover
[1.562s] -- Symlinking: /ws/src/rover/install/rover/share/rover/environment/ament_prefix_path.sh
[1.571s] -- Symlinking: /ws/src/rover/install/rover/share/rover/environment/ament_prefix_path.dsv
[1.580s] -- Symlinking: /ws/src/rover/install/rover/share/rover/environment/path.sh
[1.589s] -- Symlinking: /ws/src/rover/install/rover/share/rover/environment/path.dsv
[1.598s] -- Symlinking: /ws/src/rover/install/rover/share/rover/local_setup.bash
[1.606s] -- Symlinking: /ws/src/rover/install/rover/share/rover/local_setup.sh
[1.615s] -- Symlinking: /ws/src/rover/install/rover/share/rover/local_setup.zsh
[1.623s] -- Symlinking: /ws/src/rover/install/rover/share/rover/local_setup.dsv
[1.632s] -- Symlinking: /ws/src/rover/install/rover/share/rover/package.dsv
[1.641s] -- Symlinking: /ws/src/rover/install/rover/share/ament_index/resource_index/packages/rover
[1.649s] -- Symlinking: /ws/src/rover/install/rover/share/rover/cmake/roverConfig.cmake
[1.657s] -- Symlinking: /ws/src/rover/install/rover/share/rover/cmake/roverConfig-version.cmake
[1.666s] -- Symlinking: /ws/src/rover/install/rover/share/rover/package.xml
[1.678s] Invoked command in '/ws/src/rover/build/rover' returned '0': CMAKE_PREFIX_PATH=/opt/ros/foxy /usr/bin/cmake --install /ws/src/rover/build/rover
