[0.113s] Invoking command in '/ws/src/build/velodyne_msgs': CMAKE_PREFIX_PATH=/opt/ros/foxy /usr/bin/cmake /ws/src/velodyne/velodyne_msgs -DCMAKE_INSTALL_PREFIX=/ws/src/install/velodyne_msgs
[1.172s] -- The C compiler identification is GNU 9.4.0
[1.172s] -- The CXX compiler identification is GNU 9.4.0
[1.172s] -- Check for working C compiler: /usr/bin/cc
[1.172s] -- Check for working C compiler: /usr/bin/cc -- works
[1.172s] -- Detecting C compiler ABI info
[1.173s] -- Detecting C compiler ABI info - done
[1.173s] -- Detecting C compile features
[1.173s] -- Detecting C compile features - done
[1.173s] -- Check for working CXX compiler: /usr/bin/c++
[1.173s] -- Check for working CXX compiler: /usr/bin/c++ -- works
[1.173s] -- Detecting CXX compiler ABI info
[1.173s] -- Detecting CXX compiler ABI info - done
[1.173s] -- Detecting CXX compile features
[1.173s] -- Detecting CXX compile features - done
[1.173s] -- Found ament_cmake: 0.9.11 (/opt/ros/foxy/share/ament_cmake/cmake)
[1.173s] -- Found PythonInterp: /usr/bin/python3 (found suitable version "3.8.10", minimum required is "3") 
[1.173s] -- Using PYTHON_EXECUTABLE: /usr/bin/python3
[1.174s] -- Found builtin_interfaces: 1.0.0 (/opt/ros/foxy/share/builtin_interfaces/cmake)
[1.174s] -- Using all available rosidl_typesupport_c: rosidl_typesupport_fastrtps_c;rosidl_typesupport_introspection_c
[1.175s] -- Found rosidl_adapter: 1.3.0 (/opt/ros/foxy/share/rosidl_adapter/cmake)
[1.175s] -- Found OpenSSL: /usr/lib/x86_64-linux-gnu/libcrypto.so (found version "1.1.1f")  
[1.175s] -- Found FastRTPS: /opt/ros/foxy/include  
[1.175s] -- Using all available rosidl_typesupport_cpp: rosidl_typesupport_fastrtps_cpp;rosidl_typesupport_introspection_cpp
[1.175s] -- Found rosidl_default_generators: 1.0.1 (/opt/ros/foxy/share/rosidl_default_generators/cmake)
[1.175s] -- Found std_msgs: 2.0.5 (/opt/ros/foxy/share/std_msgs/cmake)
[1.175s] -- Found PythonInterp: /usr/bin/python3 (found version "3.8.10") 
[1.295s] -- Found ament_cmake_cppcheck: 0.9.7 (/opt/ros/foxy/share/ament_cmake_cppcheck/cmake)
[1.299s] -- Found ament_cmake_cpplint: 0.9.7 (/opt/ros/foxy/share/ament_cmake_cpplint/cmake)
[1.302s] -- Found ament_cmake_uncrustify: 0.9.7 (/opt/ros/foxy/share/ament_cmake_uncrustify/cmake)
[1.305s] -- Found ament_cmake_ros: 0.9.2 (/opt/ros/foxy/share/ament_cmake_ros/cmake)
[1.552s] -- Using all available rosidl_typesupport_c: rosidl_typesupport_fastrtps_c;rosidl_typesupport_introspection_c
[1.617s] -- Using all available rosidl_typesupport_cpp: rosidl_typesupport_fastrtps_cpp;rosidl_typesupport_introspection_cpp
[1.649s] -- Found PythonInterp: /usr/bin/python3 (found suitable version "3.8.10", minimum required is "3.5") 
[1.651s] -- Found python_cmake_module: 0.8.1 (/opt/ros/foxy/share/python_cmake_module/cmake)
[1.685s] -- Found PythonLibs: /usr/lib/x86_64-linux-gnu/libpython3.8.so (found suitable version "3.8.10", minimum required is "3.5") 
[1.686s] -- Using PYTHON_EXECUTABLE: /usr/bin/python3
[1.686s] -- Using PYTHON_INCLUDE_DIRS: /usr/include/python3.8
[1.686s] -- Using PYTHON_LIBRARIES: /usr/lib/x86_64-linux-gnu/libpython3.8.so
[1.711s] -- Found PythonExtra: .so  
[1.782s] -- Found ament_cmake_flake8: 0.9.7 (/opt/ros/foxy/share/ament_cmake_flake8/cmake)
[1.785s] -- Found ament_cmake_pep257: 0.9.7 (/opt/ros/foxy/share/ament_cmake_pep257/cmake)
[1.788s] -- Found ament_lint_auto: 0.9.7 (/opt/ros/foxy/share/ament_lint_auto/cmake)
[1.804s] -- Added test 'copyright' to check source files copyright and LICENSE
[1.806s] -- Added test 'lint_cmake' to check CMake code style
[1.806s] -- Added test 'xmllint' to check XML markup files
[1.813s] -- Configuring done
[1.879s] -- Generating done
[1.883s] -- Build files have been written to: /ws/src/build/velodyne_msgs
[1.902s] Invoked command in '/ws/src/build/velodyne_msgs' returned '0': CMAKE_PREFIX_PATH=/opt/ros/foxy /usr/bin/cmake /ws/src/velodyne/velodyne_msgs -DCMAKE_INSTALL_PREFIX=/ws/src/install/velodyne_msgs
[1.912s] Invoking command in '/ws/src/build/velodyne_msgs': CMAKE_PREFIX_PATH=/opt/ros/foxy /usr/bin/cmake --build /ws/src/build/velodyne_msgs -- -j16 -l16
[2.011s] [  2%] [34m[1mGenerating C code for ROS interfaces[0m
[2.012s] [35m[1mScanning dependencies of target velodyne_msgs__cpp[0m
[2.012s] [  5%] [34m[1mGenerating C++ code for ROS interfaces[0m
[2.295s] [  5%] Built target velodyne_msgs__cpp
[2.305s] [ 10%] [34m[1mGenerating C++ type support for eProsima Fast-RTPS[0m
[2.305s] [ 10%] [34m[1mGenerating C++ introspection for ROS interfaces[0m
[2.311s] [ 12%] [34m[1mGenerating C++ type support dispatch for ROS interfaces[0m
[2.352s] [35m[1mScanning dependencies of target velodyne_msgs__rosidl_generator_c[0m
[2.366s] [ 15%] [32mBuilding C object CMakeFiles/velodyne_msgs__rosidl_generator_c.dir/rosidl_generator_c/velodyne_msgs/msg/detail/velodyne_packet__functions.c.o[0m
[2.370s] [ 17%] [32mBuilding C object CMakeFiles/velodyne_msgs__rosidl_generator_c.dir/rosidl_generator_c/velodyne_msgs/msg/detail/velodyne_scan__functions.c.o[0m
[2.431s] [ 20%] [32m[1mLinking C shared library libvelodyne_msgs__rosidl_generator_c.so[0m
[2.472s] [ 20%] Built target velodyne_msgs__rosidl_generator_c
[2.482s] [ 23%] [34m[1mGenerating C introspection for ROS interfaces[0m
[2.487s] [ 25%] [34m[1mGenerating C type support dispatch for ROS interfaces[0m
[2.567s] [35m[1mScanning dependencies of target velodyne_msgs__rosidl_typesupport_cpp[0m
[2.582s] [ 28%] [32mBuilding CXX object CMakeFiles/velodyne_msgs__rosidl_typesupport_cpp.dir/rosidl_typesupport_cpp/velodyne_msgs/msg/velodyne_packet__type_support.cpp.o[0m
[2.585s] [ 30%] [32mBuilding CXX object CMakeFiles/velodyne_msgs__rosidl_typesupport_cpp.dir/rosidl_typesupport_cpp/velodyne_msgs/msg/velodyne_scan__type_support.cpp.o[0m
[2.637s] [35m[1mScanning dependencies of target velodyne_msgs__rosidl_typesupport_introspection_cpp[0m
[2.652s] [ 33%] [32mBuilding CXX object CMakeFiles/velodyne_msgs__rosidl_typesupport_introspection_cpp.dir/rosidl_typesupport_introspection_cpp/velodyne_msgs/msg/detail/velodyne_packet__type_support.cpp.o[0m
[2.653s] [ 35%] [32mBuilding CXX object CMakeFiles/velodyne_msgs__rosidl_typesupport_introspection_cpp.dir/rosidl_typesupport_introspection_cpp/velodyne_msgs/msg/detail/velodyne_scan__type_support.cpp.o[0m
[2.678s] [35m[1mScanning dependencies of target velodyne_msgs__rosidl_typesupport_fastrtps_cpp[0m
[2.699s] [ 41%] [32mBuilding CXX object CMakeFiles/velodyne_msgs__rosidl_typesupport_fastrtps_cpp.dir/rosidl_typesupport_fastrtps_cpp/velodyne_msgs/msg/detail/dds_fastrtps/velodyne_packet__type_support.cpp.o[0m
[2.699s] [ 41%] [32mBuilding CXX object CMakeFiles/velodyne_msgs__rosidl_typesupport_fastrtps_cpp.dir/rosidl_typesupport_fastrtps_cpp/velodyne_msgs/msg/detail/dds_fastrtps/velodyne_scan__type_support.cpp.o[0m
[2.902s] [35m[1mScanning dependencies of target velodyne_msgs__rosidl_typesupport_c[0m
[2.921s] [ 43%] [32mBuilding CXX object CMakeFiles/velodyne_msgs__rosidl_typesupport_c.dir/rosidl_typesupport_c/velodyne_msgs/msg/velodyne_packet__type_support.cpp.o[0m
[2.934s] [ 46%] [32mBuilding CXX object CMakeFiles/velodyne_msgs__rosidl_typesupport_c.dir/rosidl_typesupport_c/velodyne_msgs/msg/velodyne_scan__type_support.cpp.o[0m
[2.935s] [35m[1mScanning dependencies of target velodyne_msgs__rosidl_typesupport_introspection_c[0m
[2.954s] [ 51%] [32mBuilding C object CMakeFiles/velodyne_msgs__rosidl_typesupport_introspection_c.dir/rosidl_typesupport_introspection_c/velodyne_msgs/msg/detail/velodyne_scan__type_support.c.o[0m
[2.954s] [ 51%] [32m[1mLinking CXX shared library libvelodyne_msgs__rosidl_typesupport_cpp.so[0m
[2.955s] [ 53%] [32mBuilding C object CMakeFiles/velodyne_msgs__rosidl_typesupport_introspection_c.dir/rosidl_typesupport_introspection_c/velodyne_msgs/msg/detail/velodyne_packet__type_support.c.o[0m
[2.977s] [ 56%] [32m[1mLinking CXX shared library libvelodyne_msgs__rosidl_typesupport_c.so[0m
[3.003s] [ 58%] [32m[1mLinking C shared library libvelodyne_msgs__rosidl_typesupport_introspection_c.so[0m
[3.010s] [ 58%] Built target velodyne_msgs__rosidl_typesupport_cpp
[3.030s] [ 58%] Built target velodyne_msgs__rosidl_typesupport_c
[3.043s] [ 58%] Built target velodyne_msgs__rosidl_typesupport_introspection_c
[3.131s] [ 61%] [32m[1mLinking CXX shared library libvelodyne_msgs__rosidl_typesupport_introspection_cpp.so[0m
[3.234s] [ 61%] Built target velodyne_msgs__rosidl_typesupport_introspection_cpp
[3.288s] [ 64%] [32m[1mLinking CXX shared library libvelodyne_msgs__rosidl_typesupport_fastrtps_cpp.so[0m
[3.409s] [ 64%] Built target velodyne_msgs__rosidl_typesupport_fastrtps_cpp
[3.421s] [ 66%] [34m[1mGenerating C type support for eProsima Fast-RTPS[0m
[3.690s] [35m[1mScanning dependencies of target velodyne_msgs__rosidl_typesupport_fastrtps_c[0m
[3.711s] [ 69%] [32mBuilding CXX object CMakeFiles/velodyne_msgs__rosidl_typesupport_fastrtps_c.dir/rosidl_typesupport_fastrtps_c/velodyne_msgs/msg/detail/velodyne_packet__type_support_c.cpp.o[0m
[3.711s] [ 71%] [32mBuilding CXX object CMakeFiles/velodyne_msgs__rosidl_typesupport_fastrtps_c.dir/rosidl_typesupport_fastrtps_c/velodyne_msgs/msg/detail/velodyne_scan__type_support_c.cpp.o[0m
[3.993s] [ 74%] [32m[1mLinking CXX shared library libvelodyne_msgs__rosidl_typesupport_fastrtps_c.so[0m
[4.106s] [ 74%] Built target velodyne_msgs__rosidl_typesupport_fastrtps_c
[4.120s] [35m[1mScanning dependencies of target velodyne_msgs[0m
[4.134s] [ 74%] Built target velodyne_msgs
[4.147s] [35m[1mScanning dependencies of target velodyne_msgs__py[0m
[4.162s] [ 76%] [34m[1mGenerating Python code for ROS interfaces[0m
[4.635s] [ 76%] Built target velodyne_msgs__py
[4.649s] [35m[1mScanning dependencies of target velodyne_msgs__python[0m
[4.671s] [ 79%] [32mBuilding C object CMakeFiles/velodyne_msgs__python.dir/rosidl_generator_py/velodyne_msgs/msg/_velodyne_scan_s.c.o[0m
[4.673s] [ 82%] [32mBuilding C object CMakeFiles/velodyne_msgs__python.dir/rosidl_generator_py/velodyne_msgs/msg/_velodyne_packet_s.c.o[0m
[4.768s] [ 84%] [32m[1mLinking C shared library rosidl_generator_py/velodyne_msgs/libvelodyne_msgs__python.so[0m
[4.816s] [ 84%] Built target velodyne_msgs__python
[4.826s] [35m[1mScanning dependencies of target velodyne_msgs__rosidl_typesupport_fastrtps_c__pyext[0m
[4.831s] [35m[1mScanning dependencies of target velodyne_msgs__rosidl_typesupport_c__pyext[0m
[4.831s] [35m[1mScanning dependencies of target velodyne_msgs__rosidl_typesupport_introspection_c__pyext[0m
[4.849s] [ 87%] [32mBuilding C object CMakeFiles/velodyne_msgs__rosidl_typesupport_fastrtps_c__pyext.dir/rosidl_generator_py/velodyne_msgs/_velodyne_msgs_s.ep.rosidl_typesupport_fastrtps_c.c.o[0m
[4.850s] [ 89%] [32mBuilding C object CMakeFiles/velodyne_msgs__rosidl_typesupport_c__pyext.dir/rosidl_generator_py/velodyne_msgs/_velodyne_msgs_s.ep.rosidl_typesupport_c.c.o[0m
[4.850s] [ 92%] [32mBuilding C object CMakeFiles/velodyne_msgs__rosidl_typesupport_introspection_c__pyext.dir/rosidl_generator_py/velodyne_msgs/_velodyne_msgs_s.ep.rosidl_typesupport_introspection_c.c.o[0m
[4.929s] [ 94%] [32m[1mLinking C shared library rosidl_generator_py/velodyne_msgs/velodyne_msgs_s__rosidl_typesupport_introspection_c.cpython-38-x86_64-linux-gnu.so[0m
[4.930s] [ 97%] [32m[1mLinking CXX shared library rosidl_generator_py/velodyne_msgs/velodyne_msgs_s__rosidl_typesupport_fastrtps_c.cpython-38-x86_64-linux-gnu.so[0m
[4.932s] [100%] [32m[1mLinking C shared library rosidl_generator_py/velodyne_msgs/velodyne_msgs_s__rosidl_typesupport_c.cpython-38-x86_64-linux-gnu.so[0m
[4.964s] [100%] Built target velodyne_msgs__rosidl_typesupport_introspection_c__pyext
[4.970s] [100%] Built target velodyne_msgs__rosidl_typesupport_c__pyext
[4.993s] [100%] Built target velodyne_msgs__rosidl_typesupport_fastrtps_c__pyext
[5.009s] Invoked command in '/ws/src/build/velodyne_msgs' returned '0': CMAKE_PREFIX_PATH=/opt/ros/foxy /usr/bin/cmake --build /ws/src/build/velodyne_msgs -- -j16 -l16
[5.091s] Invoking command in '/ws/src/build/velodyne_msgs': CMAKE_PREFIX_PATH=/opt/ros/foxy /usr/bin/cmake --install /ws/src/build/velodyne_msgs
[5.107s] -- Install configuration: ""
[5.107s] -- Installing: /ws/src/install/velodyne_msgs/share/ament_index/resource_index/rosidl_interfaces/velodyne_msgs
[5.107s] -- Installing: /ws/src/install/velodyne_msgs/include/velodyne_msgs
[5.107s] -- Installing: /ws/src/install/velodyne_msgs/include/velodyne_msgs/msg
[5.107s] -- Installing: /ws/src/install/velodyne_msgs/include/velodyne_msgs/msg/rosidl_generator_c__visibility_control.h
[5.107s] -- Installing: /ws/src/install/velodyne_msgs/include/velodyne_msgs/msg/velodyne_packet.h
[5.107s] -- Installing: /ws/src/install/velodyne_msgs/include/velodyne_msgs/msg/velodyne_scan.h
[5.108s] -- Installing: /ws/src/install/velodyne_msgs/include/velodyne_msgs/msg/detail
[5.108s] -- Installing: /ws/src/install/velodyne_msgs/include/velodyne_msgs/msg/detail/velodyne_scan__functions.c
[5.108s] -- Installing: /ws/src/install/velodyne_msgs/include/velodyne_msgs/msg/detail/velodyne_packet__functions.h
[5.108s] -- Installing: /ws/src/install/velodyne_msgs/include/velodyne_msgs/msg/detail/velodyne_packet__functions.c
[5.108s] -- Installing: /ws/src/install/velodyne_msgs/include/velodyne_msgs/msg/detail/velodyne_packet__struct.h
[5.108s] -- Installing: /ws/src/install/velodyne_msgs/include/velodyne_msgs/msg/detail/velodyne_scan__struct.h
[5.108s] -- Installing: /ws/src/install/velodyne_msgs/include/velodyne_msgs/msg/detail/velodyne_packet__type_support.h
[5.108s] -- Installing: /ws/src/install/velodyne_msgs/include/velodyne_msgs/msg/detail/velodyne_scan__functions.h
[5.109s] -- Installing: /ws/src/install/velodyne_msgs/include/velodyne_msgs/msg/detail/velodyne_scan__type_support.h
[5.109s] -- Installing: /ws/src/install/velodyne_msgs/share/velodyne_msgs/environment/library_path.sh
[5.109s] -- Installing: /ws/src/install/velodyne_msgs/share/velodyne_msgs/environment/library_path.dsv
[5.109s] -- Installing: /ws/src/install/velodyne_msgs/lib/libvelodyne_msgs__rosidl_generator_c.so
[5.109s] -- Set runtime path of "/ws/src/install/velodyne_msgs/lib/libvelodyne_msgs__rosidl_generator_c.so" to ""
[5.109s] -- Up-to-date: /ws/src/install/velodyne_msgs/include/velodyne_msgs
[5.109s] -- Up-to-date: /ws/src/install/velodyne_msgs/include/velodyne_msgs/msg
[5.109s] -- Installing: /ws/src/install/velodyne_msgs/include/velodyne_msgs/msg/rosidl_typesupport_fastrtps_c__visibility_control.h
[5.110s] -- Up-to-date: /ws/src/install/velodyne_msgs/include/velodyne_msgs/msg/detail
[5.110s] -- Installing: /ws/src/install/velodyne_msgs/include/velodyne_msgs/msg/detail/velodyne_packet__rosidl_typesupport_fastrtps_c.h
[5.110s] -- Installing: /ws/src/install/velodyne_msgs/include/velodyne_msgs/msg/detail/velodyne_scan__rosidl_typesupport_fastrtps_c.h
[5.110s] -- Installing: /ws/src/install/velodyne_msgs/lib/libvelodyne_msgs__rosidl_typesupport_fastrtps_c.so
[5.110s] -- Set runtime path of "/ws/src/install/velodyne_msgs/lib/libvelodyne_msgs__rosidl_typesupport_fastrtps_c.so" to ""
[5.110s] -- Up-to-date: /ws/src/install/velodyne_msgs/include/velodyne_msgs
[5.110s] -- Up-to-date: /ws/src/install/velodyne_msgs/include/velodyne_msgs/msg
[5.110s] -- Installing: /ws/src/install/velodyne_msgs/include/velodyne_msgs/msg/rosidl_typesupport_fastrtps_cpp__visibility_control.h
[5.110s] -- Up-to-date: /ws/src/install/velodyne_msgs/include/velodyne_msgs/msg/detail
[5.111s] -- Installing: /ws/src/install/velodyne_msgs/include/velodyne_msgs/msg/detail/velodyne_packet__rosidl_typesupport_fastrtps_cpp.hpp
[5.111s] -- Installing: /ws/src/install/velodyne_msgs/include/velodyne_msgs/msg/detail/dds_fastrtps
[5.111s] -- Installing: /ws/src/install/velodyne_msgs/include/velodyne_msgs/msg/detail/velodyne_scan__rosidl_typesupport_fastrtps_cpp.hpp
[5.111s] -- Installing: /ws/src/install/velodyne_msgs/lib/libvelodyne_msgs__rosidl_typesupport_fastrtps_cpp.so
[5.111s] -- Set runtime path of "/ws/src/install/velodyne_msgs/lib/libvelodyne_msgs__rosidl_typesupport_fastrtps_cpp.so" to ""
[5.111s] -- Up-to-date: /ws/src/install/velodyne_msgs/include/velodyne_msgs
[5.111s] -- Up-to-date: /ws/src/install/velodyne_msgs/include/velodyne_msgs/msg
[5.112s] -- Installing: /ws/src/install/velodyne_msgs/include/velodyne_msgs/msg/rosidl_typesupport_introspection_c__visibility_control.h
[5.112s] -- Up-to-date: /ws/src/install/velodyne_msgs/include/velodyne_msgs/msg/detail
[5.112s] -- Installing: /ws/src/install/velodyne_msgs/include/velodyne_msgs/msg/detail/velodyne_packet__rosidl_typesupport_introspection_c.h
[5.112s] -- Installing: /ws/src/install/velodyne_msgs/include/velodyne_msgs/msg/detail/velodyne_scan__rosidl_typesupport_introspection_c.h
[5.112s] -- Installing: /ws/src/install/velodyne_msgs/include/velodyne_msgs/msg/detail/velodyne_scan__type_support.c
[5.112s] -- Installing: /ws/src/install/velodyne_msgs/include/velodyne_msgs/msg/detail/velodyne_packet__type_support.c
[5.112s] -- Installing: /ws/src/install/velodyne_msgs/lib/libvelodyne_msgs__rosidl_typesupport_introspection_c.so
[5.112s] -- Set runtime path of "/ws/src/install/velodyne_msgs/lib/libvelodyne_msgs__rosidl_typesupport_introspection_c.so" to ""
[5.113s] -- Installing: /ws/src/install/velodyne_msgs/lib/libvelodyne_msgs__rosidl_typesupport_c.so
[5.113s] -- Set runtime path of "/ws/src/install/velodyne_msgs/lib/libvelodyne_msgs__rosidl_typesupport_c.so" to ""
[5.113s] -- Up-to-date: /ws/src/install/velodyne_msgs/include/velodyne_msgs
[5.113s] -- Up-to-date: /ws/src/install/velodyne_msgs/include/velodyne_msgs/msg
[5.113s] -- Installing: /ws/src/install/velodyne_msgs/include/velodyne_msgs/msg/velodyne_scan.hpp
[5.113s] -- Installing: /ws/src/install/velodyne_msgs/include/velodyne_msgs/msg/velodyne_packet.hpp
[5.113s] -- Up-to-date: /ws/src/install/velodyne_msgs/include/velodyne_msgs/msg/detail
[5.113s] -- Installing: /ws/src/install/velodyne_msgs/include/velodyne_msgs/msg/detail/velodyne_packet__builder.hpp
[5.113s] -- Installing: /ws/src/install/velodyne_msgs/include/velodyne_msgs/msg/detail/velodyne_packet__struct.hpp
[5.114s] -- Installing: /ws/src/install/velodyne_msgs/include/velodyne_msgs/msg/detail/velodyne_scan__traits.hpp
[5.114s] -- Installing: /ws/src/install/velodyne_msgs/include/velodyne_msgs/msg/detail/velodyne_scan__struct.hpp
[5.114s] -- Installing: /ws/src/install/velodyne_msgs/include/velodyne_msgs/msg/detail/velodyne_scan__builder.hpp
[5.114s] -- Installing: /ws/src/install/velodyne_msgs/include/velodyne_msgs/msg/detail/velodyne_packet__traits.hpp
[5.114s] -- Up-to-date: /ws/src/install/velodyne_msgs/include/velodyne_msgs
[5.114s] -- Up-to-date: /ws/src/install/velodyne_msgs/include/velodyne_msgs/msg
[5.114s] -- Up-to-date: /ws/src/install/velodyne_msgs/include/velodyne_msgs/msg/detail
[5.114s] -- Installing: /ws/src/install/velodyne_msgs/include/velodyne_msgs/msg/detail/velodyne_packet__rosidl_typesupport_introspection_cpp.hpp
[5.115s] -- Installing: /ws/src/install/velodyne_msgs/include/velodyne_msgs/msg/detail/velodyne_scan__rosidl_typesupport_introspection_cpp.hpp
[5.115s] -- Installing: /ws/src/install/velodyne_msgs/include/velodyne_msgs/msg/detail/velodyne_packet__type_support.cpp
[5.115s] -- Installing: /ws/src/install/velodyne_msgs/include/velodyne_msgs/msg/detail/velodyne_scan__type_support.cpp
[5.115s] -- Installing: /ws/src/install/velodyne_msgs/lib/libvelodyne_msgs__rosidl_typesupport_introspection_cpp.so
[5.115s] -- Set runtime path of "/ws/src/install/velodyne_msgs/lib/libvelodyne_msgs__rosidl_typesupport_introspection_cpp.so" to ""
[5.115s] -- Installing: /ws/src/install/velodyne_msgs/lib/libvelodyne_msgs__rosidl_typesupport_cpp.so
[5.115s] -- Set runtime path of "/ws/src/install/velodyne_msgs/lib/libvelodyne_msgs__rosidl_typesupport_cpp.so" to ""
[5.115s] -- Installing: /ws/src/install/velodyne_msgs/share/velodyne_msgs/environment/pythonpath.sh
[5.115s] -- Installing: /ws/src/install/velodyne_msgs/share/velodyne_msgs/environment/pythonpath.dsv
[5.115s] -- Installing: /ws/src/install/velodyne_msgs/lib/python3.8/site-packages/velodyne_msgs/__init__.py
[5.141s] Compiling '/ws/src/install/velodyne_msgs/lib/python3.8/site-packages/velodyne_msgs/__init__.py'...
[5.147s] -- Installing: /ws/src/install/velodyne_msgs/lib/python3.8/site-packages/velodyne_msgs/msg
[5.148s] -- Installing: /ws/src/install/velodyne_msgs/lib/python3.8/site-packages/velodyne_msgs/msg/_velodyne_packet_s.c
[5.148s] -- Installing: /ws/src/install/velodyne_msgs/lib/python3.8/site-packages/velodyne_msgs/msg/_velodyne_scan.py
[5.148s] -- Installing: /ws/src/install/velodyne_msgs/lib/python3.8/site-packages/velodyne_msgs/msg/_velodyne_packet.py
[5.148s] -- Installing: /ws/src/install/velodyne_msgs/lib/python3.8/site-packages/velodyne_msgs/msg/_velodyne_scan_s.c
[5.148s] -- Installing: /ws/src/install/velodyne_msgs/lib/python3.8/site-packages/velodyne_msgs/msg/__init__.py
[5.148s] -- Installing: /ws/src/install/velodyne_msgs/lib/python3.8/site-packages/velodyne_msgs/velodyne_msgs_s__rosidl_typesupport_fastrtps_c.cpython-38-x86_64-linux-gnu.so
[5.149s] -- Set runtime path of "/ws/src/install/velodyne_msgs/lib/python3.8/site-packages/velodyne_msgs/velodyne_msgs_s__rosidl_typesupport_fastrtps_c.cpython-38-x86_64-linux-gnu.so" to ""
[5.149s] -- Installing: /ws/src/install/velodyne_msgs/lib/python3.8/site-packages/velodyne_msgs/velodyne_msgs_s__rosidl_typesupport_introspection_c.cpython-38-x86_64-linux-gnu.so
[5.150s] -- Set runtime path of "/ws/src/install/velodyne_msgs/lib/python3.8/site-packages/velodyne_msgs/velodyne_msgs_s__rosidl_typesupport_introspection_c.cpython-38-x86_64-linux-gnu.so" to ""
[5.150s] -- Installing: /ws/src/install/velodyne_msgs/lib/python3.8/site-packages/velodyne_msgs/velodyne_msgs_s__rosidl_typesupport_c.cpython-38-x86_64-linux-gnu.so
[5.150s] -- Set runtime path of "/ws/src/install/velodyne_msgs/lib/python3.8/site-packages/velodyne_msgs/velodyne_msgs_s__rosidl_typesupport_c.cpython-38-x86_64-linux-gnu.so" to ""
[5.150s] -- Installing: /ws/src/install/velodyne_msgs/lib/libvelodyne_msgs__python.so
[5.151s] -- Set runtime path of "/ws/src/install/velodyne_msgs/lib/libvelodyne_msgs__python.so" to ""
[5.151s] -- Installing: /ws/src/install/velodyne_msgs/share/velodyne_msgs/msg/VelodynePacket.idl
[5.151s] -- Installing: /ws/src/install/velodyne_msgs/share/velodyne_msgs/msg/VelodyneScan.idl
[5.151s] -- Installing: /ws/src/install/velodyne_msgs/share/velodyne_msgs/msg/VelodynePacket.msg
[5.151s] -- Installing: /ws/src/install/velodyne_msgs/share/velodyne_msgs/msg/VelodyneScan.msg
[5.152s] -- Installing: /ws/src/install/velodyne_msgs/share/ament_index/resource_index/package_run_dependencies/velodyne_msgs
[5.152s] -- Installing: /ws/src/install/velodyne_msgs/share/ament_index/resource_index/parent_prefix_path/velodyne_msgs
[5.152s] -- Installing: /ws/src/install/velodyne_msgs/share/velodyne_msgs/environment/ament_prefix_path.sh
[5.152s] -- Installing: /ws/src/install/velodyne_msgs/share/velodyne_msgs/environment/ament_prefix_path.dsv
[5.152s] -- Installing: /ws/src/install/velodyne_msgs/share/velodyne_msgs/environment/path.sh
[5.152s] -- Installing: /ws/src/install/velodyne_msgs/share/velodyne_msgs/environment/path.dsv
[5.153s] -- Installing: /ws/src/install/velodyne_msgs/share/velodyne_msgs/local_setup.bash
[5.153s] -- Installing: /ws/src/install/velodyne_msgs/share/velodyne_msgs/local_setup.sh
[5.153s] -- Installing: /ws/src/install/velodyne_msgs/share/velodyne_msgs/local_setup.zsh
[5.153s] -- Installing: /ws/src/install/velodyne_msgs/share/velodyne_msgs/local_setup.dsv
[5.153s] -- Installing: /ws/src/install/velodyne_msgs/share/velodyne_msgs/package.dsv
[5.153s] -- Installing: /ws/src/install/velodyne_msgs/share/ament_index/resource_index/packages/velodyne_msgs
[5.154s] -- Installing: /ws/src/install/velodyne_msgs/share/velodyne_msgs/cmake/velodyne_msgs__rosidl_generator_cExport.cmake
[5.154s] -- Installing: /ws/src/install/velodyne_msgs/share/velodyne_msgs/cmake/velodyne_msgs__rosidl_generator_cExport-noconfig.cmake
[5.154s] -- Installing: /ws/src/install/velodyne_msgs/share/velodyne_msgs/cmake/velodyne_msgs__rosidl_typesupport_introspection_cExport.cmake
[5.155s] -- Installing: /ws/src/install/velodyne_msgs/share/velodyne_msgs/cmake/velodyne_msgs__rosidl_typesupport_introspection_cExport-noconfig.cmake
[5.155s] -- Installing: /ws/src/install/velodyne_msgs/share/velodyne_msgs/cmake/velodyne_msgs__rosidl_typesupport_cExport.cmake
[5.155s] -- Installing: /ws/src/install/velodyne_msgs/share/velodyne_msgs/cmake/velodyne_msgs__rosidl_typesupport_cExport-noconfig.cmake
[5.155s] -- Installing: /ws/src/install/velodyne_msgs/share/velodyne_msgs/cmake/velodyne_msgs__rosidl_generator_cppExport.cmake
[5.155s] -- Installing: /ws/src/install/velodyne_msgs/share/velodyne_msgs/cmake/velodyne_msgs__rosidl_typesupport_introspection_cppExport.cmake
[5.156s] -- Installing: /ws/src/install/velodyne_msgs/share/velodyne_msgs/cmake/velodyne_msgs__rosidl_typesupport_introspection_cppExport-noconfig.cmake
[5.156s] -- Installing: /ws/src/install/velodyne_msgs/share/velodyne_msgs/cmake/velodyne_msgs__rosidl_typesupport_cppExport.cmake
[5.156s] -- Installing: /ws/src/install/velodyne_msgs/share/velodyne_msgs/cmake/velodyne_msgs__rosidl_typesupport_cppExport-noconfig.cmake
[5.156s] -- Installing: /ws/src/install/velodyne_msgs/share/velodyne_msgs/cmake/rosidl_cmake-extras.cmake
[5.156s] -- Installing: /ws/src/install/velodyne_msgs/share/velodyne_msgs/cmake/ament_cmake_export_dependencies-extras.cmake
[5.157s] -- Installing: /ws/src/install/velodyne_msgs/share/velodyne_msgs/cmake/ament_cmake_export_libraries-extras.cmake
[5.157s] -- Installing: /ws/src/install/velodyne_msgs/share/velodyne_msgs/cmake/ament_cmake_export_targets-extras.cmake
[5.157s] -- Installing: /ws/src/install/velodyne_msgs/share/velodyne_msgs/cmake/ament_cmake_export_include_directories-extras.cmake
[5.157s] -- Installing: /ws/src/install/velodyne_msgs/share/velodyne_msgs/cmake/rosidl_cmake_export_typesupport_libraries-extras.cmake
[5.157s] -- Installing: /ws/src/install/velodyne_msgs/share/velodyne_msgs/cmake/rosidl_cmake_export_typesupport_targets-extras.cmake
[5.158s] -- Installing: /ws/src/install/velodyne_msgs/share/velodyne_msgs/cmake/velodyne_msgsConfig.cmake
[5.158s] -- Installing: /ws/src/install/velodyne_msgs/share/velodyne_msgs/cmake/velodyne_msgsConfig-version.cmake
[5.159s] -- Installing: /ws/src/install/velodyne_msgs/share/velodyne_msgs/package.xml
[5.161s] Invoked command in '/ws/src/build/velodyne_msgs' returned '0': CMAKE_PREFIX_PATH=/opt/ros/foxy /usr/bin/cmake --install /ws/src/build/velodyne_msgs
