-- The C compiler identification is GNU 9.4.0
-- The CXX compiler identification is GNU 9.4.0
-- Check for working C compiler: /usr/bin/cc
-- Check for working C compiler: /usr/bin/cc -- works
-- Detecting C compiler ABI info
-- Detecting C compiler ABI info - done
-- Detecting C compile features
-- Detecting C compile features - done
-- Check for working CXX compiler: /usr/bin/c++
-- Check for working CXX compiler: /usr/bin/c++ -- works
-- Detecting CXX compiler ABI info
-- Detecting CXX compiler ABI info - done
-- Detecting CXX compile features
-- Detecting CXX compile features - done
-- Found ament_cmake: 0.9.11 (/opt/ros/foxy/share/ament_cmake/cmake)
-- Found PythonInterp: /usr/bin/python3 (found suitable version "3.8.10", minimum required is "3") 
-- Using PYTHON_EXECUTABLE: /usr/bin/python3
-- Found rclcpp: 2.4.2 (/opt/ros/foxy/share/rclcpp/cmake)
-- Using all available rosidl_typesupport_c: rosidl_typesupport_fastrtps_c;rosidl_typesupport_introspection_c
-- Found rosidl_adapter: 1.3.0 (/opt/ros/foxy/share/rosidl_adapter/cmake)
-- Found OpenSSL: /usr/lib/x86_64-linux-gnu/libcrypto.so (found version "1.1.1f")  
-- Found FastRTPS: /opt/ros/foxy/include  
-- Using all available rosidl_typesupport_cpp: rosidl_typesupport_fastrtps_cpp;rosidl_typesupport_introspection_cpp
-- Found rmw_implementation_cmake: 1.0.3 (/opt/ros/foxy/share/rmw_implementation_cmake/cmake)
-- Using RMW implementation 'rmw_fastrtps_cpp' as default
-- Looking for pthread.h
-- Looking for pthread.h - found
-- Performing Test CMAKE_HAVE_LIBC_PTHREAD
-- Performing Test CMAKE_HAVE_LIBC_PTHREAD - Failed
-- Looking for pthread_create in pthreads
-- Looking for pthread_create in pthreads - not found
-- Looking for pthread_create in pthread
-- Looking for pthread_create in pthread - found
-- Found Threads: TRUE  
-- Found rclpy: 1.0.10 (/opt/ros/foxy/share/rclpy/cmake)
-- Configuring done
-- Generating done
-- Build files have been written to: /ws/src/build/my_total_pkg
[35m[1mScanning dependencies of target hello[0m
[ 50%] [32mBuilding CXX object CMakeFiles/hello.dir/src/hello.cpp.o[0m
[100%] [32m[1mLinking CXX executable hello[0m
[100%] Built target hello
-- Install configuration: ""
-- Installing: /ws/src/install/my_total_pkg/lib/my_total_pkg/hello
-- Set runtime path of "/ws/src/install/my_total_pkg/lib/my_total_pkg/hello" to ""
-- Installing: /ws/src/install/my_total_pkg/share/my_total_pkg/environment/pythonpath.sh
-- Installing: /ws/src/install/my_total_pkg/share/my_total_pkg/environment/pythonpath.dsv
-- Installing: /ws/src/install/my_total_pkg/lib/python3.8/site-packages/my_total_pkg
-- Installing: /ws/src/install/my_total_pkg/lib/python3.8/site-packages/my_total_pkg/__init__.py
Listing '/ws/src/install/my_total_pkg/lib/python3.8/site-packages/my_total_pkg'...
Compiling '/ws/src/install/my_total_pkg/lib/python3.8/site-packages/my_total_pkg/__init__.py'...
-- Installing: /ws/src/install/my_total_pkg/lib/my_total_pkg/hello.py
-- Installing: /ws/src/install/my_total_pkg/share/ament_index/resource_index/package_run_dependencies/my_total_pkg
-- Installing: /ws/src/install/my_total_pkg/share/ament_index/resource_index/parent_prefix_path/my_total_pkg
-- Installing: /ws/src/install/my_total_pkg/share/my_total_pkg/environment/ament_prefix_path.sh
-- Installing: /ws/src/install/my_total_pkg/share/my_total_pkg/environment/ament_prefix_path.dsv
-- Installing: /ws/src/install/my_total_pkg/share/my_total_pkg/environment/path.sh
-- Installing: /ws/src/install/my_total_pkg/share/my_total_pkg/environment/path.dsv
-- Installing: /ws/src/install/my_total_pkg/share/my_total_pkg/local_setup.bash
-- Installing: /ws/src/install/my_total_pkg/share/my_total_pkg/local_setup.sh
-- Installing: /ws/src/install/my_total_pkg/share/my_total_pkg/local_setup.zsh
-- Installing: /ws/src/install/my_total_pkg/share/my_total_pkg/local_setup.dsv
-- Installing: /ws/src/install/my_total_pkg/share/my_total_pkg/package.dsv
-- Installing: /ws/src/install/my_total_pkg/share/ament_index/resource_index/packages/my_total_pkg
-- Installing: /ws/src/install/my_total_pkg/share/my_total_pkg/cmake/my_total_pkgConfig.cmake
-- Installing: /ws/src/install/my_total_pkg/share/my_total_pkg/cmake/my_total_pkgConfig-version.cmake
-- Installing: /ws/src/install/my_total_pkg/share/my_total_pkg/package.xml
