[0.558s] Invoking command in '/ws/src/build/my_total_pkg': CMAKE_PREFIX_PATH=/opt/ros/foxy /usr/bin/cmake /ws/src/my_total_pkg -DCMAKE_INSTALL_PREFIX=/ws/src/install/my_total_pkg
[1.123s] -- The C compiler identification is GNU 9.4.0
[1.123s] -- The CXX compiler identification is GNU 9.4.0
[1.123s] -- Check for working C compiler: /usr/bin/cc
[1.123s] -- Check for working C compiler: /usr/bin/cc -- works
[1.123s] -- Detecting C compiler ABI info
[1.124s] -- Detecting C compiler ABI info - done
[1.124s] -- Detecting C compile features
[1.124s] -- Detecting C compile features - done
[1.124s] -- Check for working CXX compiler: /usr/bin/c++
[1.124s] -- Check for working CXX compiler: /usr/bin/c++ -- works
[1.124s] -- Detecting CXX compiler ABI info
[1.124s] -- Detecting CXX compiler ABI info - done
[1.124s] -- Detecting CXX compile features
[1.124s] -- Detecting CXX compile features - done
[1.125s] -- Found ament_cmake: 0.9.11 (/opt/ros/foxy/share/ament_cmake/cmake)
[1.125s] -- Found PythonInterp: /usr/bin/python3 (found suitable version "3.8.10", minimum required is "3") 
[1.125s] -- Using PYTHON_EXECUTABLE: /usr/bin/python3
[1.258s] -- Found rclcpp: 2.4.2 (/opt/ros/foxy/share/rclcpp/cmake)
[1.318s] -- Using all available rosidl_typesupport_c: rosidl_typesupport_fastrtps_c;rosidl_typesupport_introspection_c
[1.325s] -- Found rosidl_adapter: 1.3.0 (/opt/ros/foxy/share/rosidl_adapter/cmake)
[1.435s] -- Found OpenSSL: /usr/lib/x86_64-linux-gnu/libcrypto.so (found version "1.1.1f")  
[1.482s] -- Found FastRTPS: /opt/ros/foxy/include  
[1.603s] -- Using all available rosidl_typesupport_cpp: rosidl_typesupport_fastrtps_cpp;rosidl_typesupport_introspection_cpp
[1.679s] -- Found rmw_implementation_cmake: 1.0.3 (/opt/ros/foxy/share/rmw_implementation_cmake/cmake)
[1.681s] -- Using RMW implementation 'rmw_fastrtps_cpp' as default
[1.683s] -- Looking for pthread.h
[1.774s] -- Looking for pthread.h - found
[1.776s] -- Performing Test CMAKE_HAVE_LIBC_PTHREAD
[1.891s] -- Performing Test CMAKE_HAVE_LIBC_PTHREAD - Failed
[1.891s] -- Looking for pthread_create in pthreads
[1.980s] -- Looking for pthread_create in pthreads - not found
[1.980s] -- Looking for pthread_create in pthread
[2.053s] -- Looking for pthread_create in pthread - found
[2.054s] -- Found Threads: TRUE  
[2.255s] -- Found rclpy: 1.0.10 (/opt/ros/foxy/share/rclpy/cmake)
[2.348s] -- Configuring done
[2.356s] -- Generating done
[2.358s] -- Build files have been written to: /ws/src/build/my_total_pkg
[2.364s] Invoked command in '/ws/src/build/my_total_pkg' returned '0': CMAKE_PREFIX_PATH=/opt/ros/foxy /usr/bin/cmake /ws/src/my_total_pkg -DCMAKE_INSTALL_PREFIX=/ws/src/install/my_total_pkg
[2.367s] Invoking command in '/ws/src/build/my_total_pkg': CMAKE_PREFIX_PATH=/opt/ros/foxy /usr/bin/cmake --build /ws/src/build/my_total_pkg -- -j16 -l16
[2.421s] [35m[1mScanning dependencies of target hello[0m
[2.433s] [ 50%] [32mBuilding CXX object CMakeFiles/hello.dir/src/hello.cpp.o[0m
[2.463s] [100%] [32m[1mLinking CXX executable hello[0m
[2.520s] [100%] Built target hello
[2.538s] Invoked command in '/ws/src/build/my_total_pkg' returned '0': CMAKE_PREFIX_PATH=/opt/ros/foxy /usr/bin/cmake --build /ws/src/build/my_total_pkg -- -j16 -l16
[2.570s] Invoking command in '/ws/src/build/my_total_pkg': CMAKE_PREFIX_PATH=/opt/ros/foxy /usr/bin/cmake --install /ws/src/build/my_total_pkg
[2.584s] -- Install configuration: ""
[2.584s] -- Installing: /ws/src/install/my_total_pkg/lib/my_total_pkg/hello
[2.585s] -- Set runtime path of "/ws/src/install/my_total_pkg/lib/my_total_pkg/hello" to ""
[2.585s] -- Installing: /ws/src/install/my_total_pkg/share/my_total_pkg/environment/pythonpath.sh
[2.585s] -- Installing: /ws/src/install/my_total_pkg/share/my_total_pkg/environment/pythonpath.dsv
[2.586s] -- Installing: /ws/src/install/my_total_pkg/lib/python3.8/site-packages/my_total_pkg
[2.586s] -- Installing: /ws/src/install/my_total_pkg/lib/python3.8/site-packages/my_total_pkg/__init__.py
[2.630s] Listing '/ws/src/install/my_total_pkg/lib/python3.8/site-packages/my_total_pkg'...
[2.631s] Compiling '/ws/src/install/my_total_pkg/lib/python3.8/site-packages/my_total_pkg/__init__.py'...
[2.640s] -- Installing: /ws/src/install/my_total_pkg/lib/my_total_pkg/hello.py
[2.640s] -- Installing: /ws/src/install/my_total_pkg/share/ament_index/resource_index/package_run_dependencies/my_total_pkg
[2.640s] -- Installing: /ws/src/install/my_total_pkg/share/ament_index/resource_index/parent_prefix_path/my_total_pkg
[2.641s] -- Installing: /ws/src/install/my_total_pkg/share/my_total_pkg/environment/ament_prefix_path.sh
[2.641s] -- Installing: /ws/src/install/my_total_pkg/share/my_total_pkg/environment/ament_prefix_path.dsv
[2.641s] -- Installing: /ws/src/install/my_total_pkg/share/my_total_pkg/environment/path.sh
[2.642s] -- Installing: /ws/src/install/my_total_pkg/share/my_total_pkg/environment/path.dsv
[2.642s] -- Installing: /ws/src/install/my_total_pkg/share/my_total_pkg/local_setup.bash
[2.642s] -- Installing: /ws/src/install/my_total_pkg/share/my_total_pkg/local_setup.sh
[2.643s] -- Installing: /ws/src/install/my_total_pkg/share/my_total_pkg/local_setup.zsh
[2.643s] -- Installing: /ws/src/install/my_total_pkg/share/my_total_pkg/local_setup.dsv
[2.643s] -- Installing: /ws/src/install/my_total_pkg/share/my_total_pkg/package.dsv
[2.643s] -- Installing: /ws/src/install/my_total_pkg/share/ament_index/resource_index/packages/my_total_pkg
[2.643s] -- Installing: /ws/src/install/my_total_pkg/share/my_total_pkg/cmake/my_total_pkgConfig.cmake
[2.644s] -- Installing: /ws/src/install/my_total_pkg/share/my_total_pkg/cmake/my_total_pkgConfig-version.cmake
[2.644s] -- Installing: /ws/src/install/my_total_pkg/share/my_total_pkg/package.xml
[2.651s] Invoked command in '/ws/src/build/my_total_pkg' returned '0': CMAKE_PREFIX_PATH=/opt/ros/foxy /usr/bin/cmake --install /ws/src/build/my_total_pkg
