running develop
running egg_info
creating robo.egg-info
writing robo.egg-info/PKG-INFO
writing dependency_links to robo.egg-info/dependency_links.txt
writing entry points to robo.egg-info/entry_points.txt
writing requirements to robo.egg-info/requires.txt
writing top-level names to robo.egg-info/top_level.txt
writing manifest file 'robo.egg-info/SOURCES.txt'
reading manifest file 'robo.egg-info/SOURCES.txt'
writing manifest file 'robo.egg-info/SOURCES.txt'
running build_ext
Creating /ws/src/robo/install/robo/lib/python3.8/site-packages/site.py
Creating /ws/src/robo/install/robo/lib/python3.8/site-packages/robo.egg-link (link to .)

Installed /ws/src/robo/build/robo
running install_data
creating /ws/src/robo/install/robo/share/ament_index
creating /ws/src/robo/install/robo/share/ament_index/resource_index
creating /ws/src/robo/install/robo/share/ament_index/resource_index/packages
copying resource/robo -> /ws/src/robo/install/robo/share/ament_index/resource_index/packages
copying package.xml -> /ws/src/robo/install/robo/share/robo
