[1.188s] Invoking command in '/ws/src/robo/build/robo': PYTHONPATH=/ws/src/robo/install/robo/lib/python3.8/site-packages:${PYTHONPATH} /usr/bin/python3 setup.py develop --prefix /ws/src/robo/install/robo --editable --build-directory /ws/src/robo/build/robo/build --no-deps install_data --install-dir /ws/src/robo/install/robo
[1.555s] running develop
[1.677s] running egg_info
[1.679s] creating robo.egg-info
[1.679s] writing robo.egg-info/PKG-INFO
[1.680s] writing dependency_links to robo.egg-info/dependency_links.txt
[1.680s] writing entry points to robo.egg-info/entry_points.txt
[1.680s] writing requirements to robo.egg-info/requires.txt
[1.681s] writing top-level names to robo.egg-info/top_level.txt
[1.684s] writing manifest file 'robo.egg-info/SOURCES.txt'
[1.726s] reading manifest file 'robo.egg-info/SOURCES.txt'
[1.727s] writing manifest file 'robo.egg-info/SOURCES.txt'
[1.799s] running build_ext
[1.799s] Creating /ws/src/robo/install/robo/lib/python3.8/site-packages/site.py
[1.804s] Creating /ws/src/robo/install/robo/lib/python3.8/site-packages/robo.egg-link (link to .)
[1.806s] 
[1.807s] Installed /ws/src/robo/build/robo
[1.807s] running install_data
[1.808s] creating /ws/src/robo/install/robo/share/ament_index
[1.808s] creating /ws/src/robo/install/robo/share/ament_index/resource_index
[1.808s] creating /ws/src/robo/install/robo/share/ament_index/resource_index/packages
[1.808s] copying resource/robo -> /ws/src/robo/install/robo/share/ament_index/resource_index/packages
[1.808s] copying package.xml -> /ws/src/robo/install/robo/share/robo
[1.919s] Invoked command in '/ws/src/robo/build/robo' returned '0': PYTHONPATH=/ws/src/robo/install/robo/lib/python3.8/site-packages:${PYTHONPATH} /usr/bin/python3 setup.py develop --prefix /ws/src/robo/install/robo --editable --build-directory /ws/src/robo/build/robo/build --no-deps install_data --install-dir /ws/src/robo/install/robo
