[0.020s] Invoking command in '/ws/src/build/velodyne_pointcloud': AMENT_PREFIX_PATH=/ws/src/install/velodyne_msgs:${AMENT_PREFIX_PATH} CMAKE_PREFIX_PATH=/ws/src/install/velodyne_msgs:/opt/ros/foxy LD_LIBRARY_PATH=/ws/src/install/velodyne_msgs/lib:${LD_LIBRARY_PATH} PYTHONPATH=/ws/src/install/velodyne_msgs/lib/python3.8/site-packages:${PYTHONPATH} /usr/bin/cmake /ws/src/velodyne/velodyne_pointcloud -DCMAKE_INSTALL_PREFIX=/ws/src/install/velodyne_pointcloud
[0.080s] -- The C compiler identification is GNU 9.4.0
[0.144s] -- The CXX compiler identification is GNU 9.4.0
[0.151s] -- Check for working C compiler: /usr/bin/cc
[0.229s] -- Check for working C compiler: /usr/bin/cc -- works
[0.230s] -- Detecting C compiler ABI info
[0.308s] -- Detecting C compiler ABI info - done
[0.317s] -- Detecting C compile features
[0.318s] -- Detecting C compile features - done
[0.320s] -- Check for working CXX compiler: /usr/bin/c++
[0.410s] -- Check for working CXX compiler: /usr/bin/c++ -- works
[0.411s] -- Detecting CXX compiler ABI info
[0.506s] -- Detecting CXX compiler ABI info - done
[0.515s] -- Detecting CXX compile features
[0.516s] -- Detecting CXX compile features - done
[0.518s] -- Found ament_cmake: 0.9.11 (/opt/ros/foxy/share/ament_cmake/cmake)
[0.542s] -- Found PythonInterp: /usr/bin/python3 (found suitable version "3.8.10", minimum required is "3") 
[0.542s] -- Using PYTHON_EXECUTABLE: /usr/bin/python3
[0.687s] -- Found angles: 1.12.6 (/opt/ros/foxy/share/angles/cmake)
[0.690s] -- Found diagnostic_updater: 3.1.2 (/opt/ros/foxy/share/diagnostic_updater/cmake)
[0.719s] -- Using all available rosidl_typesupport_c: rosidl_typesupport_fastrtps_c;rosidl_typesupport_introspection_c
[0.725s] -- Found rosidl_adapter: 1.3.0 (/opt/ros/foxy/share/rosidl_adapter/cmake)
[0.834s] -- Found OpenSSL: /usr/lib/x86_64-linux-gnu/libcrypto.so (found version "1.1.1f")  
[0.868s] -- Found FastRTPS: /opt/ros/foxy/include  
[0.943s] -- Using all available rosidl_typesupport_cpp: rosidl_typesupport_fastrtps_cpp;rosidl_typesupport_introspection_cpp
[1.063s] -- Found rmw_implementation_cmake: 1.0.3 (/opt/ros/foxy/share/rmw_implementation_cmake/cmake)
[1.065s] -- Using RMW implementation 'rmw_fastrtps_cpp' as default
[1.067s] -- Looking for pthread.h
[1.151s] -- Looking for pthread.h - found
[1.152s] -- Performing Test CMAKE_HAVE_LIBC_PTHREAD
[1.240s] -- Performing Test CMAKE_HAVE_LIBC_PTHREAD - Failed
[1.240s] -- Looking for pthread_create in pthreads
[1.307s] -- Looking for pthread_create in pthreads - not found
[1.307s] -- Looking for pthread_create in pthread
[1.391s] -- Looking for pthread_create in pthread - found
[1.393s] -- Found Threads: TRUE  
[1.545s] -- Found geometry_msgs: 2.0.5 (/opt/ros/foxy/share/geometry_msgs/cmake)
[1.574s] -- Found message_filters: 3.2.5 (/opt/ros/foxy/share/message_filters/cmake)
[1.587s] -- Checking for module 'eigen3'
[1.611s] --   Found eigen3, version 3.3.7
[1.669s] -- Found Eigen: /usr/include/eigen3 (Required is at least version "3.1") 
[1.670s] -- Eigen found (include: /usr/include/eigen3, version: 3.3.7)
[1.704s] -- Found Boost: /usr/include (found suitable version "1.71.0", minimum required is "1.55.0") found components: system filesystem date_time iostreams regex 
[1.705s] -- looking for PCL_COMMON
[1.706s] -- Found PCL_COMMON: /usr/lib/x86_64-linux-gnu/libpcl_common.so  
[1.707s] -- Found PCL: pcl_common;/usr/lib/x86_64-linux-gnu/libboost_system.so;/usr/lib/x86_64-linux-gnu/libboost_filesystem.so;/usr/lib/x86_64-linux-gnu/libboost_date_time.so;/usr/lib/x86_64-linux-gnu/libboost_iostreams.so;/usr/lib/x86_64-linux-gnu/libboost_regex.so  
[1.708s] -- Found rclcpp_components: 2.4.2 (/opt/ros/foxy/share/rclcpp_components/cmake)
[1.762s] -- Found sensor_msgs: 2.0.5 (/opt/ros/foxy/share/sensor_msgs/cmake)
[1.826s] -- Found tf2: 0.13.13 (/opt/ros/foxy/share/tf2/cmake)
[1.834s] -- Found tf2_ros: 0.13.14 (/opt/ros/foxy/share/tf2_ros/cmake)
[2.069s] -- Found velodyne_msgs: 2.3.0 (/ws/src/install/velodyne_msgs/share/velodyne_msgs/cmake)
[2.099s] -- Found PkgConfig: /usr/bin/pkg-config (found version "0.29.1") 
[2.100s] -- Checking for module 'yaml-cpp'
[2.128s] --   Found yaml-cpp, version 0.6.2
[2.187s] -- Found ament_lint_auto: 0.9.7 (/opt/ros/foxy/share/ament_lint_auto/cmake)
[2.267s] -- Found gtest sources under '/opt/ros/foxy/src/gtest_vendor': C++ tests using 'Google Test' will be built
[2.269s] -- Check if compiler accepts -pthread
[2.344s] -- Check if compiler accepts -pthread - yes
[2.353s] -- Added test 'copyright' to check source files copyright and LICENSE
[2.355s] -- Added test 'cppcheck' to perform static code analysis on C / C++ code
[2.356s] -- Configured cppcheck include dirs: /ws/src/velodyne/velodyne_pointcloud/include
[2.356s] -- Configured cppcheck exclude dirs and/or files: 
[2.358s] -- Added test 'cpplint' to check C / C++ code against the Google style
[2.359s] -- Configured cpplint exclude dirs and/or files: 
[2.360s] -- Added test 'flake8' to check Python code syntax and style conventions
[2.361s] -- Added test 'lint_cmake' to check CMake code style
[2.362s] -- Added test 'pep257' to check Python code against some of the style conventions in PEP 257
[2.364s] -- Added test 'uncrustify' to check C / C++ code style
[2.364s] -- Configured uncrustify additional arguments: 
[2.369s] -- Configuring done
[2.432s] -- Generating done
[2.435s] -- Build files have been written to: /ws/src/build/velodyne_pointcloud
[2.451s] Invoked command in '/ws/src/build/velodyne_pointcloud' returned '0': AMENT_PREFIX_PATH=/ws/src/install/velodyne_msgs:${AMENT_PREFIX_PATH} CMAKE_PREFIX_PATH=/ws/src/install/velodyne_msgs:/opt/ros/foxy LD_LIBRARY_PATH=/ws/src/install/velodyne_msgs/lib:${LD_LIBRARY_PATH} PYTHONPATH=/ws/src/install/velodyne_msgs/lib/python3.8/site-packages:${PYTHONPATH} /usr/bin/cmake /ws/src/velodyne/velodyne_pointcloud -DCMAKE_INSTALL_PREFIX=/ws/src/install/velodyne_pointcloud
[2.455s] Invoking command in '/ws/src/build/velodyne_pointcloud': AMENT_PREFIX_PATH=/ws/src/install/velodyne_msgs:${AMENT_PREFIX_PATH} CMAKE_PREFIX_PATH=/ws/src/install/velodyne_msgs:/opt/ros/foxy LD_LIBRARY_PATH=/ws/src/install/velodyne_msgs/lib:${LD_LIBRARY_PATH} PYTHONPATH=/ws/src/install/velodyne_msgs/lib/python3.8/site-packages:${PYTHONPATH} /usr/bin/cmake --build /ws/src/build/velodyne_pointcloud -- -j16 -l16
[2.510s] [35m[1mScanning dependencies of target gtest[0m
[2.511s] [35m[1mScanning dependencies of target velodyne_rawdata[0m
[2.512s] [35m[1mScanning dependencies of target velodyne_cloud_types[0m
[2.514s] [35m[1mScanning dependencies of target gtest_main[0m
[2.529s] [  5%] [32mBuilding CXX object gtest/CMakeFiles/gtest_main.dir/src/gtest_main.cc.o[0m
[2.537s] [ 11%] [32mBuilding CXX object gtest/CMakeFiles/gtest.dir/src/gtest-all.cc.o[0m
[2.588s] [ 22%] [32mBuilding CXX object src/lib/CMakeFiles/velodyne_cloud_types.dir/organized_cloudXYZIRT.cpp.o[0m
[2.588s] [ 22%] [32mBuilding CXX object src/lib/CMakeFiles/velodyne_cloud_types.dir/pointcloudXYZIRT.cpp.o[0m
[2.589s] [ 27%] [32mBuilding CXX object src/lib/CMakeFiles/velodyne_rawdata.dir/rawdata.cpp.o[0m
[2.591s] [ 33%] [32mBuilding CXX object src/lib/CMakeFiles/velodyne_rawdata.dir/calibration.cpp.o[0m
[3.470s] [ 38%] [32m[1mLinking CXX static library libgtest_main.a[0m
[3.513s] [ 38%] Built target gtest_main
[5.822s] [ 44%] [32m[1mLinking CXX shared library libvelodyne_cloud_types.so[0m
[5.841s] [ 50%] [32m[1mLinking CXX static library libgtest.a[0m
[5.905s] [ 50%] Built target gtest
[5.915s] [35m[1mScanning dependencies of target test_row_step[0m
[5.921s] [ 55%] [32m[1mLinking CXX shared library libvelodyne_rawdata.so[0m
[5.958s] [ 55%] Built target velodyne_cloud_types
[5.984s] [ 61%] [32mBuilding CXX object tests/CMakeFiles/test_row_step.dir/test_row_step.cpp.o[0m
[6.064s] [ 61%] Built target velodyne_rawdata
[6.077s] [35m[1mScanning dependencies of target transform[0m
[6.078s] [35m[1mScanning dependencies of target test_calibration[0m
[6.099s] [ 66%] [32mBuilding CXX object tests/CMakeFiles/test_calibration.dir/test_calibration.cpp.o[0m
[6.148s] [ 72%] [32mBuilding CXX object CMakeFiles/transform.dir/src/conversions/transform.cpp.o[0m
[6.817s] [ 77%] [32m[1mLinking CXX executable test_calibration[0m
[7.007s] [ 77%] Built target test_calibration
[8.865s] [ 83%] [32m[1mLinking CXX executable test_row_step[0m
[9.092s] [ 83%] Built target test_row_step
[13.216s] [ 88%] [32m[1mLinking CXX shared library libtransform.so[0m
[13.599s] [ 88%] Built target transform
[13.614s] [35m[1mScanning dependencies of target velodyne_transform_node[0m
[13.674s] [ 94%] [32mBuilding CXX object CMakeFiles/velodyne_transform_node.dir/src/conversions/transform_node.cpp.o[0m
[16.609s] [100%] [32m[1mLinking CXX executable velodyne_transform_node[0m
[16.845s] [100%] Built target velodyne_transform_node
[16.860s] Invoked command in '/ws/src/build/velodyne_pointcloud' returned '0': AMENT_PREFIX_PATH=/ws/src/install/velodyne_msgs:${AMENT_PREFIX_PATH} CMAKE_PREFIX_PATH=/ws/src/install/velodyne_msgs:/opt/ros/foxy LD_LIBRARY_PATH=/ws/src/install/velodyne_msgs/lib:${LD_LIBRARY_PATH} PYTHONPATH=/ws/src/install/velodyne_msgs/lib/python3.8/site-packages:${PYTHONPATH} /usr/bin/cmake --build /ws/src/build/velodyne_pointcloud -- -j16 -l16
[16.898s] Invoking command in '/ws/src/build/velodyne_pointcloud': AMENT_PREFIX_PATH=/ws/src/install/velodyne_msgs:${AMENT_PREFIX_PATH} CMAKE_PREFIX_PATH=/ws/src/install/velodyne_msgs:/opt/ros/foxy LD_LIBRARY_PATH=/ws/src/install/velodyne_msgs/lib:${LD_LIBRARY_PATH} PYTHONPATH=/ws/src/install/velodyne_msgs/lib/python3.8/site-packages:${PYTHONPATH} /usr/bin/cmake --install /ws/src/build/velodyne_pointcloud
[16.909s] -- Install configuration: ""
[16.909s] -- Installing: /ws/src/install/velodyne_pointcloud/lib/libtransform.so
[16.913s] -- Set runtime path of "/ws/src/install/velodyne_pointcloud/lib/libtransform.so" to ""
[16.913s] -- Installing: /ws/src/install/velodyne_pointcloud/lib/velodyne_pointcloud/velodyne_transform_node
[16.913s] -- Set runtime path of "/ws/src/install/velodyne_pointcloud/lib/velodyne_pointcloud/velodyne_transform_node" to ""
[16.913s] -- Installing: /ws/src/install/velodyne_pointcloud/include/velodyne_pointcloud
[16.914s] -- Installing: /ws/src/install/velodyne_pointcloud/include/velodyne_pointcloud/calibration.hpp
[16.914s] -- Installing: /ws/src/install/velodyne_pointcloud/include/velodyne_pointcloud/rawdata.hpp
[16.914s] -- Installing: /ws/src/install/velodyne_pointcloud/include/velodyne_pointcloud/pointcloudXYZIRT.hpp
[16.915s] -- Installing: /ws/src/install/velodyne_pointcloud/include/velodyne_pointcloud/datacontainerbase.hpp
[16.915s] -- Installing: /ws/src/install/velodyne_pointcloud/include/velodyne_pointcloud/transform.hpp
[16.915s] -- Installing: /ws/src/install/velodyne_pointcloud/include/velodyne_pointcloud/organized_cloudXYZIRT.hpp
[16.915s] -- Installing: /ws/src/install/velodyne_pointcloud/share/velodyne_pointcloud/config
[16.915s] -- Installing: /ws/src/install/velodyne_pointcloud/share/velodyne_pointcloud/config/VLP32C-velodyne_transform_node-params.yaml
[16.916s] -- Installing: /ws/src/install/velodyne_pointcloud/share/velodyne_pointcloud/config/VLP16-velodyne_transform_node-params.yaml
[16.916s] -- Installing: /ws/src/install/velodyne_pointcloud/share/velodyne_pointcloud/launch
[16.916s] -- Installing: /ws/src/install/velodyne_pointcloud/share/velodyne_pointcloud/launch/velodyne_transform_node-VLP32C-composed-launch.py
[16.916s] -- Installing: /ws/src/install/velodyne_pointcloud/share/velodyne_pointcloud/launch/velodyne_transform_node-VLP16-launch.py
[16.916s] -- Installing: /ws/src/install/velodyne_pointcloud/share/velodyne_pointcloud/launch/velodyne_transform_node-VLP16-composed-launch.py
[16.916s] -- Installing: /ws/src/install/velodyne_pointcloud/share/velodyne_pointcloud/launch/velodyne_transform_node-VLP32C-launch.py
[16.917s] -- Installing: /ws/src/install/velodyne_pointcloud/share/velodyne_pointcloud/params
[16.917s] -- Installing: /ws/src/install/velodyne_pointcloud/share/velodyne_pointcloud/params/issue_84_float_intensities.yaml
[16.917s] -- Installing: /ws/src/install/velodyne_pointcloud/share/velodyne_pointcloud/params/VLP16db.yaml
[16.917s] -- Installing: /ws/src/install/velodyne_pointcloud/share/velodyne_pointcloud/params/64e_s3-xiesc.yaml
[16.917s] -- Installing: /ws/src/install/velodyne_pointcloud/share/velodyne_pointcloud/params/32db.yaml
[16.917s] -- Installing: /ws/src/install/velodyne_pointcloud/share/velodyne_pointcloud/params/VLP16_hires_db.yaml
[16.918s] -- Installing: /ws/src/install/velodyne_pointcloud/share/velodyne_pointcloud/params/64e_s2.1-sztaki.yaml
[16.918s] -- Installing: /ws/src/install/velodyne_pointcloud/share/velodyne_pointcloud/params/64e_utexas.yaml
[16.918s] -- Installing: /ws/src/install/velodyne_pointcloud/share/velodyne_pointcloud/params/VeloView-VLP-32C.yaml
[16.918s] -- Installing: /ws/src/install/velodyne_pointcloud/share/velodyne_pointcloud/params/rviz_points.vcg
[16.918s] -- Installing: /ws/src/install/velodyne_pointcloud/share/ament_index/resource_index/package_run_dependencies/velodyne_pointcloud
[16.918s] -- Installing: /ws/src/install/velodyne_pointcloud/share/ament_index/resource_index/parent_prefix_path/velodyne_pointcloud
[16.918s] -- Installing: /ws/src/install/velodyne_pointcloud/share/velodyne_pointcloud/environment/ament_prefix_path.sh
[16.919s] -- Installing: /ws/src/install/velodyne_pointcloud/share/velodyne_pointcloud/environment/ament_prefix_path.dsv
[16.919s] -- Installing: /ws/src/install/velodyne_pointcloud/share/velodyne_pointcloud/environment/path.sh
[16.919s] -- Installing: /ws/src/install/velodyne_pointcloud/share/velodyne_pointcloud/environment/path.dsv
[16.919s] -- Installing: /ws/src/install/velodyne_pointcloud/share/velodyne_pointcloud/local_setup.bash
[16.919s] -- Installing: /ws/src/install/velodyne_pointcloud/share/velodyne_pointcloud/local_setup.sh
[16.919s] -- Installing: /ws/src/install/velodyne_pointcloud/share/velodyne_pointcloud/local_setup.zsh
[16.919s] -- Installing: /ws/src/install/velodyne_pointcloud/share/velodyne_pointcloud/local_setup.dsv
[16.919s] -- Installing: /ws/src/install/velodyne_pointcloud/share/velodyne_pointcloud/package.dsv
[16.919s] -- Installing: /ws/src/install/velodyne_pointcloud/share/ament_index/resource_index/packages/velodyne_pointcloud
[16.920s] -- Installing: /ws/src/install/velodyne_pointcloud/share/ament_index/resource_index/rclcpp_components/velodyne_pointcloud
[16.920s] -- Installing: /ws/src/install/velodyne_pointcloud/share/velodyne_pointcloud/cmake/velodyne_pointcloudConfig.cmake
[16.920s] -- Installing: /ws/src/install/velodyne_pointcloud/share/velodyne_pointcloud/cmake/velodyne_pointcloudConfig-version.cmake
[16.920s] -- Installing: /ws/src/install/velodyne_pointcloud/share/velodyne_pointcloud/package.xml
[16.920s] -- Installing: /ws/src/install/velodyne_pointcloud/lib/libvelodyne_cloud_types.so
[16.920s] -- Set runtime path of "/ws/src/install/velodyne_pointcloud/lib/libvelodyne_cloud_types.so" to ""
[16.920s] -- Installing: /ws/src/install/velodyne_pointcloud/lib/libvelodyne_rawdata.so
[16.920s] -- Set runtime path of "/ws/src/install/velodyne_pointcloud/lib/libvelodyne_rawdata.so" to ""
[16.922s] Invoked command in '/ws/src/build/velodyne_pointcloud' returned '0': AMENT_PREFIX_PATH=/ws/src/install/velodyne_msgs:${AMENT_PREFIX_PATH} CMAKE_PREFIX_PATH=/ws/src/install/velodyne_msgs:/opt/ros/foxy LD_LIBRARY_PATH=/ws/src/install/velodyne_msgs/lib:${LD_LIBRARY_PATH} PYTHONPATH=/ws/src/install/velodyne_msgs/lib/python3.8/site-packages:${PYTHONPATH} /usr/bin/cmake --install /ws/src/build/velodyne_pointcloud
