-- The C compiler identification is GNU 9.4.0
-- The CXX compiler identification is GNU 9.4.0
-- Check for working C compiler: /usr/bin/cc
-- Check for working C compiler: /usr/bin/cc -- works
-- Detecting C compiler ABI info
-- Detecting C compiler ABI info - done
-- Detecting C compile features
-- Detecting C compile features - done
-- Check for working CXX compiler: /usr/bin/c++
-- Check for working CXX compiler: /usr/bin/c++ -- works
-- Detecting CXX compiler ABI info
-- Detecting CXX compiler ABI info - done
-- Detecting CXX compile features
-- Detecting CXX compile features - done
-- Found ament_cmake: 0.9.11 (/opt/ros/foxy/share/ament_cmake/cmake)
-- Found PythonInterp: /usr/bin/python3 (found suitable version "3.8.10", minimum required is "3") 
-- Using PYTHON_EXECUTABLE: /usr/bin/python3
-- Found ament_lint_auto: 0.9.7 (/opt/ros/foxy/share/ament_lint_auto/cmake)
-- Configuring done
-- Generating done
-- Build files have been written to: /ws/src/build/urdf_tutorial
-- Install configuration: ""
-- Installing: /ws/src/install/urdf_tutorial/share/urdf_tutorial/launch
-- Installing: /ws/src/install/urdf_tutorial/share/urdf_tutorial/launch/display.launch.py
-- Installing: /ws/src/install/urdf_tutorial/share/urdf_tutorial/rviz
-- Installing: /ws/src/install/urdf_tutorial/share/urdf_tutorial/rviz/urdf.rviz
-- Installing: /ws/src/install/urdf_tutorial/share/urdf_tutorial/urdf
-- Installing: /ws/src/install/urdf_tutorial/share/urdf_tutorial/urdf/06-xacro.urdf.xacro
-- Installing: /ws/src/install/urdf_tutorial/share/urdf_tutorial/urdf/01-myfirst.urdf
-- Installing: /ws/src/install/urdf_tutorial/share/urdf_tutorial/urdf/03-origins.urdf
-- Installing: /ws/src/install/urdf_tutorial/share/urdf_tutorial/urdf/04-materials.urdf
-- Installing: /ws/src/install/urdf_tutorial/share/urdf_tutorial/urdf/05-movable.urdf
-- Installing: /ws/src/install/urdf_tutorial/share/urdf_tutorial/urdf/02-multipleshapes.urdf
-- Installing: /ws/src/install/urdf_tutorial/share/ament_index/resource_index/package_run_dependencies/urdf_tutorial
-- Installing: /ws/src/install/urdf_tutorial/share/ament_index/resource_index/parent_prefix_path/urdf_tutorial
-- Installing: /ws/src/install/urdf_tutorial/share/urdf_tutorial/environment/ament_prefix_path.sh
-- Installing: /ws/src/install/urdf_tutorial/share/urdf_tutorial/environment/ament_prefix_path.dsv
-- Installing: /ws/src/install/urdf_tutorial/share/urdf_tutorial/environment/path.sh
-- Installing: /ws/src/install/urdf_tutorial/share/urdf_tutorial/environment/path.dsv
-- Installing: /ws/src/install/urdf_tutorial/share/urdf_tutorial/local_setup.bash
-- Installing: /ws/src/install/urdf_tutorial/share/urdf_tutorial/local_setup.sh
-- Installing: /ws/src/install/urdf_tutorial/share/urdf_tutorial/local_setup.zsh
-- Installing: /ws/src/install/urdf_tutorial/share/urdf_tutorial/local_setup.dsv
-- Installing: /ws/src/install/urdf_tutorial/share/urdf_tutorial/package.dsv
-- Installing: /ws/src/install/urdf_tutorial/share/ament_index/resource_index/packages/urdf_tutorial
-- Installing: /ws/src/install/urdf_tutorial/share/urdf_tutorial/cmake/urdf_tutorialConfig.cmake
-- Installing: /ws/src/install/urdf_tutorial/share/urdf_tutorial/cmake/urdf_tutorialConfig-version.cmake
-- Installing: /ws/src/install/urdf_tutorial/share/urdf_tutorial/package.xml
