[1.065s] Invoking command in '/ws/src/build/urdf_tutorial': CMAKE_PREFIX_PATH=/opt/ros/foxy /usr/bin/cmake /ws/src/lec_ws/src/urdf_tutorial -DCMAKE_INSTALL_PREFIX=/ws/src/install/urdf_tutorial
[1.125s] -- The C compiler identification is GNU 9.4.0
[1.191s] -- The CXX compiler identification is GNU 9.4.0
[1.196s] -- Check for working C compiler: /usr/bin/cc
[1.274s] -- Check for working C compiler: /usr/bin/cc -- works
[1.275s] -- Detecting C compiler ABI info
[1.359s] -- Detecting C compiler ABI info - done
[1.374s] -- Detecting C compile features
[1.375s] -- Detecting C compile features - done
[1.378s] -- Check for working CXX compiler: /usr/bin/c++
[1.494s] -- Check for working CXX compiler: /usr/bin/c++ -- works
[1.495s] -- Detecting CXX compiler ABI info
[1.586s] -- Detecting CXX compiler ABI info - done
[1.604s] -- Detecting CXX compile features
[1.605s] -- Detecting CXX compile features - done
[1.606s] -- Found ament_cmake: 0.9.11 (/opt/ros/foxy/share/ament_cmake/cmake)
[1.632s] -- Found PythonInterp: /usr/bin/python3 (found suitable version "3.8.10", minimum required is "3") 
[1.632s] -- Using PYTHON_EXECUTABLE: /usr/bin/python3
[1.820s] -- Found ament_lint_auto: 0.9.7 (/opt/ros/foxy/share/ament_lint_auto/cmake)
[1.909s] -- Configuring done
[1.909s] -- Generating done
[1.910s] -- Build files have been written to: /ws/src/build/urdf_tutorial
[1.933s] Invoked command in '/ws/src/build/urdf_tutorial' returned '0': CMAKE_PREFIX_PATH=/opt/ros/foxy /usr/bin/cmake /ws/src/lec_ws/src/urdf_tutorial -DCMAKE_INSTALL_PREFIX=/ws/src/install/urdf_tutorial
[1.939s] Invoking command in '/ws/src/build/urdf_tutorial': CMAKE_PREFIX_PATH=/opt/ros/foxy /usr/bin/cmake --build /ws/src/build/urdf_tutorial -- -j16 -l16
[2.002s] Invoked command in '/ws/src/build/urdf_tutorial' returned '0': CMAKE_PREFIX_PATH=/opt/ros/foxy /usr/bin/cmake --build /ws/src/build/urdf_tutorial -- -j16 -l16
[2.041s] Invoking command in '/ws/src/build/urdf_tutorial': CMAKE_PREFIX_PATH=/opt/ros/foxy /usr/bin/cmake --install /ws/src/build/urdf_tutorial
[2.049s] -- Install configuration: ""
[2.049s] -- Installing: /ws/src/install/urdf_tutorial/share/urdf_tutorial/launch
[2.049s] -- Installing: /ws/src/install/urdf_tutorial/share/urdf_tutorial/launch/display.launch.py
[2.049s] -- Installing: /ws/src/install/urdf_tutorial/share/urdf_tutorial/rviz
[2.049s] -- Installing: /ws/src/install/urdf_tutorial/share/urdf_tutorial/rviz/urdf.rviz
[2.050s] -- Installing: /ws/src/install/urdf_tutorial/share/urdf_tutorial/urdf
[2.050s] -- Installing: /ws/src/install/urdf_tutorial/share/urdf_tutorial/urdf/06-xacro.urdf.xacro
[2.050s] -- Installing: /ws/src/install/urdf_tutorial/share/urdf_tutorial/urdf/01-myfirst.urdf
[2.050s] -- Installing: /ws/src/install/urdf_tutorial/share/urdf_tutorial/urdf/03-origins.urdf
[2.050s] -- Installing: /ws/src/install/urdf_tutorial/share/urdf_tutorial/urdf/04-materials.urdf
[2.050s] -- Installing: /ws/src/install/urdf_tutorial/share/urdf_tutorial/urdf/05-movable.urdf
[2.050s] -- Installing: /ws/src/install/urdf_tutorial/share/urdf_tutorial/urdf/02-multipleshapes.urdf
[2.051s] -- Installing: /ws/src/install/urdf_tutorial/share/ament_index/resource_index/package_run_dependencies/urdf_tutorial
[2.051s] -- Installing: /ws/src/install/urdf_tutorial/share/ament_index/resource_index/parent_prefix_path/urdf_tutorial
[2.051s] -- Installing: /ws/src/install/urdf_tutorial/share/urdf_tutorial/environment/ament_prefix_path.sh
[2.051s] -- Installing: /ws/src/install/urdf_tutorial/share/urdf_tutorial/environment/ament_prefix_path.dsv
[2.051s] -- Installing: /ws/src/install/urdf_tutorial/share/urdf_tutorial/environment/path.sh
[2.051s] -- Installing: /ws/src/install/urdf_tutorial/share/urdf_tutorial/environment/path.dsv
[2.051s] -- Installing: /ws/src/install/urdf_tutorial/share/urdf_tutorial/local_setup.bash
[2.051s] -- Installing: /ws/src/install/urdf_tutorial/share/urdf_tutorial/local_setup.sh
[2.052s] -- Installing: /ws/src/install/urdf_tutorial/share/urdf_tutorial/local_setup.zsh
[2.052s] -- Installing: /ws/src/install/urdf_tutorial/share/urdf_tutorial/local_setup.dsv
[2.052s] -- Installing: /ws/src/install/urdf_tutorial/share/urdf_tutorial/package.dsv
[2.052s] -- Installing: /ws/src/install/urdf_tutorial/share/ament_index/resource_index/packages/urdf_tutorial
[2.052s] -- Installing: /ws/src/install/urdf_tutorial/share/urdf_tutorial/cmake/urdf_tutorialConfig.cmake
[2.052s] -- Installing: /ws/src/install/urdf_tutorial/share/urdf_tutorial/cmake/urdf_tutorialConfig-version.cmake
[2.052s] -- Installing: /ws/src/install/urdf_tutorial/share/urdf_tutorial/package.xml
[2.056s] Invoked command in '/ws/src/build/urdf_tutorial' returned '0': CMAKE_PREFIX_PATH=/opt/ros/foxy /usr/bin/cmake --install /ws/src/build/urdf_tutorial
