/ws/src/install/robo/lib/python3.8/site-packages/robo/__init__.py
/ws/src/install/robo/lib/python3.8/site-packages/robo/move_circle.py
/ws/src/install/robo/lib/python3.8/site-packages/robo/move.py
/ws/src/install/robo/lib/python3.8/site-packages/robo/PathPublisher.py
/ws/src/install/robo/lib/python3.8/site-packages/robo/__pycache__/__init__.cpython-38.pyc
/ws/src/install/robo/lib/python3.8/site-packages/robo/__pycache__/move_circle.cpython-38.pyc
/ws/src/install/robo/lib/python3.8/site-packages/robo/__pycache__/move.cpython-38.pyc
/ws/src/install/robo/lib/python3.8/site-packages/robo/__pycache__/PathPublisher.cpython-38.pyc
/ws/src/install/robo/share/ament_index/resource_index/packages/robo
/ws/src/install/robo/share/robo/package.xml
/ws/src/install/robo/lib/python3.8/site-packages/robo-0.0.0-py3.8.egg-info/zip-safe
/ws/src/install/robo/lib/python3.8/site-packages/robo-0.0.0-py3.8.egg-info/SOURCES.txt
/ws/src/install/robo/lib/python3.8/site-packages/robo-0.0.0-py3.8.egg-info/top_level.txt
/ws/src/install/robo/lib/python3.8/site-packages/robo-0.0.0-py3.8.egg-info/PKG-INFO
/ws/src/install/robo/lib/python3.8/site-packages/robo-0.0.0-py3.8.egg-info/requires.txt
/ws/src/install/robo/lib/python3.8/site-packages/robo-0.0.0-py3.8.egg-info/dependency_links.txt
/ws/src/install/robo/lib/python3.8/site-packages/robo-0.0.0-py3.8.egg-info/entry_points.txt
/ws/src/install/robo/lib/robo/PathPublisher
/ws/src/install/robo/lib/robo/move
/ws/src/install/robo/lib/robo/move_circle
