/ws/src/install/nmea_navsat_driver/lib/python3.8/site-packages/libnmea_navsat_driver/checksum_utils.py
/ws/src/install/nmea_navsat_driver/lib/python3.8/site-packages/libnmea_navsat_driver/driver.py
/ws/src/install/nmea_navsat_driver/lib/python3.8/site-packages/libnmea_navsat_driver/parser.py
/ws/src/install/nmea_navsat_driver/lib/python3.8/site-packages/libnmea_navsat_driver/__init__.py
/ws/src/install/nmea_navsat_driver/lib/python3.8/site-packages/libnmea_navsat_driver/nodes/nmea_topic_serial_reader.py
/ws/src/install/nmea_navsat_driver/lib/python3.8/site-packages/libnmea_navsat_driver/nodes/nmea_topic_driver.py
/ws/src/install/nmea_navsat_driver/lib/python3.8/site-packages/libnmea_navsat_driver/nodes/nmea_tcpclient_driver.py
/ws/src/install/nmea_navsat_driver/lib/python3.8/site-packages/libnmea_navsat_driver/nodes/nmea_serial_driver.py
/ws/src/install/nmea_navsat_driver/lib/python3.8/site-packages/libnmea_navsat_driver/nodes/nmea_socket_driver.py
/ws/src/install/nmea_navsat_driver/lib/python3.8/site-packages/libnmea_navsat_driver/nodes/__init__.py
/ws/src/install/nmea_navsat_driver/lib/python3.8/site-packages/libnmea_navsat_driver/__pycache__/checksum_utils.cpython-38.pyc
/ws/src/install/nmea_navsat_driver/lib/python3.8/site-packages/libnmea_navsat_driver/__pycache__/driver.cpython-38.pyc
/ws/src/install/nmea_navsat_driver/lib/python3.8/site-packages/libnmea_navsat_driver/__pycache__/parser.cpython-38.pyc
/ws/src/install/nmea_navsat_driver/lib/python3.8/site-packages/libnmea_navsat_driver/__pycache__/__init__.cpython-38.pyc
/ws/src/install/nmea_navsat_driver/lib/python3.8/site-packages/libnmea_navsat_driver/nodes/__pycache__/nmea_topic_serial_reader.cpython-38.pyc
/ws/src/install/nmea_navsat_driver/lib/python3.8/site-packages/libnmea_navsat_driver/nodes/__pycache__/nmea_topic_driver.cpython-38.pyc
/ws/src/install/nmea_navsat_driver/lib/python3.8/site-packages/libnmea_navsat_driver/nodes/__pycache__/nmea_tcpclient_driver.cpython-38.pyc
/ws/src/install/nmea_navsat_driver/lib/python3.8/site-packages/libnmea_navsat_driver/nodes/__pycache__/nmea_serial_driver.cpython-38.pyc
/ws/src/install/nmea_navsat_driver/lib/python3.8/site-packages/libnmea_navsat_driver/nodes/__pycache__/nmea_socket_driver.cpython-38.pyc
/ws/src/install/nmea_navsat_driver/lib/python3.8/site-packages/libnmea_navsat_driver/nodes/__pycache__/__init__.cpython-38.pyc
/ws/src/install/nmea_navsat_driver/share/ament_index/resource_index/packages/nmea_navsat_driver
/ws/src/install/nmea_navsat_driver/share/nmea_navsat_driver/package.xml
/ws/src/install/nmea_navsat_driver/share/nmea_navsat_driver/launch/nmea_serial_driver.launch.py
/ws/src/install/nmea_navsat_driver/share/nmea_navsat_driver/launch/nmea_tcpclient_driver.launch.py
/ws/src/install/nmea_navsat_driver/share/nmea_navsat_driver/launch/nmea_socket_driver.launch.py
/ws/src/install/nmea_navsat_driver/share/nmea_navsat_driver/config/nmea_serial_driver.yaml
/ws/src/install/nmea_navsat_driver/share/nmea_navsat_driver/config/nmea_socket_driver.yaml
/ws/src/install/nmea_navsat_driver/share/nmea_navsat_driver/config/nmea_tcpclient_driver.yaml
/ws/src/install/nmea_navsat_driver/lib/python3.8/site-packages/nmea_navsat_driver-2.0.0-py3.8.egg-info/zip-safe
/ws/src/install/nmea_navsat_driver/lib/python3.8/site-packages/nmea_navsat_driver-2.0.0-py3.8.egg-info/SOURCES.txt
/ws/src/install/nmea_navsat_driver/lib/python3.8/site-packages/nmea_navsat_driver-2.0.0-py3.8.egg-info/top_level.txt
/ws/src/install/nmea_navsat_driver/lib/python3.8/site-packages/nmea_navsat_driver-2.0.0-py3.8.egg-info/PKG-INFO
/ws/src/install/nmea_navsat_driver/lib/python3.8/site-packages/nmea_navsat_driver-2.0.0-py3.8.egg-info/requires.txt
/ws/src/install/nmea_navsat_driver/lib/python3.8/site-packages/nmea_navsat_driver-2.0.0-py3.8.egg-info/dependency_links.txt
/ws/src/install/nmea_navsat_driver/lib/python3.8/site-packages/nmea_navsat_driver-2.0.0-py3.8.egg-info/entry_points.txt
/ws/src/install/nmea_navsat_driver/lib/nmea_navsat_driver/nmea_serial_driver
/ws/src/install/nmea_navsat_driver/lib/nmea_navsat_driver/nmea_socket_driver
/ws/src/install/nmea_navsat_driver/lib/nmea_navsat_driver/nmea_tcpclient_driver
/ws/src/install/nmea_navsat_driver/lib/nmea_navsat_driver/nmea_topic_driver
/ws/src/install/nmea_navsat_driver/lib/nmea_navsat_driver/nmea_topic_serial_reader
