running egg_info
creating ../build/project/project.egg-info
writing ../build/project/project.egg-info/PKG-INFO
writing dependency_links to ../build/project/project.egg-info/dependency_links.txt
writing entry points to ../build/project/project.egg-info/entry_points.txt
writing requirements to ../build/project/project.egg-info/requires.txt
writing top-level names to ../build/project/project.egg-info/top_level.txt
writing manifest file '../build/project/project.egg-info/SOURCES.txt'
reading manifest file '../build/project/project.egg-info/SOURCES.txt'
writing manifest file '../build/project/project.egg-info/SOURCES.txt'
running build
running build_py
creating /ws/src/build/project/build
creating /ws/src/build/project/build/lib
creating /ws/src/build/project/build/lib/project
copying project/maze1.py -> /ws/src/build/project/build/lib/project
copying project/__init__.py -> /ws/src/build/project/build/lib/project
running install
running install_lib
creating /ws/src/install/project/lib/python3.8/site-packages/project
copying /ws/src/build/project/build/lib/project/maze1.py -> /ws/src/install/project/lib/python3.8/site-packages/project
copying /ws/src/build/project/build/lib/project/__init__.py -> /ws/src/install/project/lib/python3.8/site-packages/project
byte-compiling /ws/src/install/project/lib/python3.8/site-packages/project/maze1.py to maze1.cpython-38.pyc
byte-compiling /ws/src/install/project/lib/python3.8/site-packages/project/__init__.py to __init__.cpython-38.pyc
running install_data
creating /ws/src/install/project/share/ament_index
creating /ws/src/install/project/share/ament_index/resource_index
creating /ws/src/install/project/share/ament_index/resource_index/packages
copying resource/project -> /ws/src/install/project/share/ament_index/resource_index/packages
copying package.xml -> /ws/src/install/project/share/project
running install_egg_info
Copying ../build/project/project.egg-info to /ws/src/install/project/lib/python3.8/site-packages/project-0.0.0-py3.8.egg-info
running install_scripts
Installing maze1 script to /ws/src/install/project/lib/project
writing list of installed files to '/ws/src/build/project/install.log'
