[1.596s] Invoking command in '/ws/src/project': PYTHONPATH=/ws/src/install/project/lib/python3.8/site-packages:${PYTHONPATH} /usr/bin/python3 setup.py egg_info --egg-base ../build/project build --build-base /ws/src/build/project/build install --prefix /ws/src/install/project --record /ws/src/build/project/install.log --single-version-externally-managed
[1.840s] running egg_info
[1.841s] creating ../build/project/project.egg-info
[1.841s] writing ../build/project/project.egg-info/PKG-INFO
[1.841s] writing dependency_links to ../build/project/project.egg-info/dependency_links.txt
[1.841s] writing entry points to ../build/project/project.egg-info/entry_points.txt
[1.841s] writing requirements to ../build/project/project.egg-info/requires.txt
[1.841s] writing top-level names to ../build/project/project.egg-info/top_level.txt
[1.842s] writing manifest file '../build/project/project.egg-info/SOURCES.txt'
[1.888s] reading manifest file '../build/project/project.egg-info/SOURCES.txt'
[1.889s] writing manifest file '../build/project/project.egg-info/SOURCES.txt'
[1.890s] running build
[1.890s] running build_py
[1.890s] creating /ws/src/build/project/build
[1.890s] creating /ws/src/build/project/build/lib
[1.890s] creating /ws/src/build/project/build/lib/project
[1.890s] copying project/maze1.py -> /ws/src/build/project/build/lib/project
[1.890s] copying project/__init__.py -> /ws/src/build/project/build/lib/project
[1.891s] running install
[1.892s] running install_lib
[1.894s] creating /ws/src/install/project/lib/python3.8/site-packages/project
[1.894s] copying /ws/src/build/project/build/lib/project/maze1.py -> /ws/src/install/project/lib/python3.8/site-packages/project
[1.894s] copying /ws/src/build/project/build/lib/project/__init__.py -> /ws/src/install/project/lib/python3.8/site-packages/project
[1.895s] byte-compiling /ws/src/install/project/lib/python3.8/site-packages/project/maze1.py to maze1.cpython-38.pyc
[1.897s] byte-compiling /ws/src/install/project/lib/python3.8/site-packages/project/__init__.py to __init__.cpython-38.pyc
[1.897s] running install_data
[1.898s] creating /ws/src/install/project/share/ament_index
[1.898s] creating /ws/src/install/project/share/ament_index/resource_index
[1.898s] creating /ws/src/install/project/share/ament_index/resource_index/packages
[1.899s] copying resource/project -> /ws/src/install/project/share/ament_index/resource_index/packages
[1.899s] copying package.xml -> /ws/src/install/project/share/project
[1.899s] running install_egg_info
[1.908s] Copying ../build/project/project.egg-info to /ws/src/install/project/lib/python3.8/site-packages/project-0.0.0-py3.8.egg-info
[1.908s] running install_scripts
[1.929s] Installing maze1 script to /ws/src/install/project/lib/project
[1.929s] writing list of installed files to '/ws/src/build/project/install.log'
[2.017s] Invoked command in '/ws/src/project' returned '0': PYTHONPATH=/ws/src/install/project/lib/python3.8/site-packages:${PYTHONPATH} /usr/bin/python3 setup.py egg_info --egg-base ../build/project build --build-base /ws/src/build/project/build install --prefix /ws/src/install/project --record /ws/src/build/project/install.log --single-version-externally-managed
